#
# There is insufficient memory for the Java Runtime Environment to continue.
# Native memory allocation (malloc) failed to allocate 774336 bytes for Chunk::new
# Possible reasons:
#   The system is out of physical RAM or swap space
#   The process is running with CompressedOops enabled, and the Java Heap may be blocking the growth of the native heap
# Possible solutions:
#   Reduce memory load on the system
#   Increase physical memory or swap space
#   Check if swap backing store is full
#   Decrease Java heap size (-Xmx/-Xms)
#   Decrease number of Java threads
#   Decrease Java thread stack sizes (-Xss)
#   Set larger code cache with -XX:ReservedCodeCacheSize=
#   JVM is running with Unscaled Compressed Oops mode in which the Java heap is
#     placed in the first 4GB address space. The Java Heap base address is the
#     maximum limit for the native heap growth. Please use -XX:HeapBaseMinAddress
#     to set the Java Heap base and to place the Java Heap above 4GB virtual address.
# This output file may be truncated or incomplete.
#
#  Out of Memory Error (allocation.cpp:389), pid=16700, tid=0x0000000000004464
#
# JRE version: OpenJDK Runtime Environment (8.0_242-b01) (build 1.8.0_242-release-1644-b01)
# Java VM: OpenJDK 64-Bit Server VM (25.242-b01 mixed mode windows-amd64 compressed oops)
# Failed to write core dump. Minidumps are not enabled by default on client versions of Windows
#

---------------  T H R E A D  ---------------

Current thread (0x00000000196d0000):  JavaThread "C2 CompilerThread0" daemon [_thread_in_native, id=17508, stack(0x0000000019fb0000,0x000000001a0b0000)]

Stack: [0x0000000019fb0000,0x000000001a0b0000]
[error occurred during error reporting (printing stack bounds), id 0xc0000005]

Native frames: (J=compiled Java code, j=interpreted, Vv=VM code, C=native code)


Current CompileTask:
C2:   4658 2465       4       java.net.URLClassLoader$1::run (5 bytes)


---------------  P R O C E S S  ---------------

Java Threads: ( => current thread )
  0x000000001c376000 JavaThread "Cache worker for execution history cache (C:\Users\qwadi\.gradle\caches\6.1.1\executionHistory)" [_thread_blocked, id=7824, stack(0x0000000021ad0000,0x0000000021bd0000)]
  0x000000001c372800 JavaThread "Cache worker for cache directory md-rule (C:\Users\qwadi\.gradle\caches\6.1.1\md-rule)" [_thread_blocked, id=6604, stack(0x0000000020980000,0x0000000020a80000)]
  0x000000001c375000 JavaThread "Cache worker for cache directory md-supplier (C:\Users\qwadi\.gradle\caches\6.1.1\md-supplier)" [_thread_blocked, id=19908, stack(0x0000000020880000,0x0000000020980000)]
  0x000000001c374000 JavaThread "Cache worker for file hash cache (E:\Pokedex\.gradle\6.1.1\fileHashes)" [_thread_blocked, id=10068, stack(0x0000000021f70000,0x0000000022070000)]
  0x000000001c372000 JavaThread "Cache worker for checksums cache (E:\Pokedex\.gradle\checksums)" [_thread_blocked, id=13824, stack(0x0000000021e70000,0x0000000021f70000)]
  0x000000001c373800 JavaThread "Cache worker for file hash cache (C:\Users\qwadi\.gradle\caches\6.1.1\fileHashes)" [_thread_blocked, id=7508, stack(0x000000001e3e0000,0x000000001e4e0000)]
  0x000000001c377800 JavaThread "File lock request listener" [_thread_in_native, id=19172, stack(0x000000001e2e0000,0x000000001e3e0000)]
  0x000000001c21d000 JavaThread "Cache worker for journal cache (C:\Users\qwadi\.gradle\caches\journal-1)" [_thread_blocked, id=18028, stack(0x000000001e1e0000,0x000000001e2e0000)]
  0x000000001c1a9000 JavaThread "Thread-9" [_thread_blocked, id=19392, stack(0x000000001dee0000,0x000000001dfe0000)]
  0x000000001c1ae000 JavaThread "Stdin handler" [_thread_blocked, id=13344, stack(0x000000001dde0000,0x000000001dee0000)]
  0x000000001c1ac800 JavaThread "Asynchronous log dispatcher for DefaultDaemonConnection: socket connection from /127.0.0.1:64425 to /127.0.0.1:64426" [_thread_blocked, id=872, stack(0x000000001dce0000,0x000000001dde0000)]
  0x000000001c1d9800 JavaThread "Daemon worker" [_thread_in_native, id=16080, stack(0x000000001dbe0000,0x000000001dce0000)]
  0x000000001c196000 JavaThread "Cancel handler" [_thread_blocked, id=14348, stack(0x000000001dae0000,0x000000001dbe0000)]
  0x000000001c17e800 JavaThread "Handler for socket connection from /127.0.0.1:64425 to /127.0.0.1:64426" [_thread_in_native, id=2044, stack(0x000000001d7e0000,0x000000001d8e0000)]
  0x000000001c115800 JavaThread "Daemon" [_thread_blocked, id=8376, stack(0x000000001d6e0000,0x000000001d7e0000)]
  0x000000001c123000 JavaThread "Daemon periodic checks" [_thread_blocked, id=10896, stack(0x000000001d5e0000,0x000000001d6e0000)]
  0x000000001c106000 JavaThread "Incoming local TCP Connector on port 64425" [_thread_in_native, id=9260, stack(0x000000001d390000,0x000000001d490000)]
  0x000000001c05c000 JavaThread "Daemon health stats" [_thread_blocked, id=15328, stack(0x000000001cd50000,0x000000001ce50000)]
  0x0000000019766800 JavaThread "Service Thread" daemon [_thread_blocked, id=17460, stack(0x000000001a3b0000,0x000000001a4b0000)]
  0x00000000196e4000 JavaThread "C1 CompilerThread3" daemon [_thread_blocked, id=15272, stack(0x000000001a2b0000,0x000000001a3b0000)]
  0x00000000196de000 JavaThread "C2 CompilerThread2" daemon [_thread_blocked, id=10092, stack(0x000000001a1b0000,0x000000001a2b0000)]
  0x00000000196d7800 JavaThread "C2 CompilerThread1" daemon [_thread_in_native, id=4280, stack(0x000000001a0b0000,0x000000001a1b0000)]
=>0x00000000196d0000 JavaThread "C2 CompilerThread0" daemon [_thread_in_native, id=17508, stack(0x0000000019fb0000,0x000000001a0b0000)]
  0x00000000196cf000 JavaThread "Attach Listener" daemon [_thread_blocked, id=19064, stack(0x0000000019eb0000,0x0000000019fb0000)]
  0x00000000196ce000 JavaThread "Signal Dispatcher" daemon [_thread_blocked, id=1432, stack(0x0000000019db0000,0x0000000019eb0000)]
  0x00000000196c1000 JavaThread "Finalizer" daemon [_thread_blocked, id=2228, stack(0x0000000019ba0000,0x0000000019ca0000)]
  0x00000000196c0800 JavaThread "Reference Handler" daemon [_thread_blocked, id=6520, stack(0x0000000019aa0000,0x0000000019ba0000)]
  0x000000000285d800 JavaThread "main" [_thread_blocked, id=12700, stack(0x00000000025c0000,0x00000000026c0000)]

Other Threads:
  0x00000000178c8000 VMThread [stack: 0x00000000195a0000,0x00000000196a0000] [id=9440]
  0x000000001971f000 WatcherThread [stack: 0x000000001a4b0000,0x000000001a5b0000] [id=20048]

VM state:not at safepoint (normal execution)

VM Mutex/Monitor currently owned by a thread: None

heap address: 0x0000000080000000, size: 2048 MB, Compressed Oops mode: 32-bit
Narrow klass base: 0x0000000000000000, Narrow klass shift: 3
Compressed class space size: 1073741824 Address: 0x0000000100000000

Heap:
 PSYoungGen      total 141824K, used 107648K [0x00000000d5580000, 0x00000000dec80000, 0x0000000100000000)
  eden space 131072K, 82% used [0x00000000d5580000,0x00000000dbea02e0,0x00000000dd580000)
  from space 10752K, 0% used [0x00000000de200000,0x00000000de200000,0x00000000dec80000)
  to   space 11776K, 0% used [0x00000000dd580000,0x00000000dd580000,0x00000000de100000)
 ParOldGen       total 52736K, used 7083K [0x0000000080000000, 0x0000000083380000, 0x00000000d5580000)
  object space 52736K, 13% used [0x0000000080000000,0x00000000806ead58,0x0000000083380000)
 Metaspace       used 31388K, capacity 32154K, committed 32432K, reserved 1077248K
  class space    used 4273K, capacity 4504K, committed 4528K, reserved 1048576K

Card table byte_map: [0x0000000011c20000,0x0000000012030000] byte_map_base: 0x0000000011820000

Marking Bits: (ParMarkBitMap*) 0x0000000067e5f030
 Begin Bits: [0x0000000012ae0000, 0x0000000014ae0000)
 End Bits:   [0x0000000014ae0000, 0x0000000016ae0000)

Polling page: 0x0000000000910000

CodeCache: size=245760Kb used=9499Kb max_used=9499Kb free=236261Kb
 bounds [0x0000000002860000, 0x00000000031b0000, 0x0000000011860000]
 total_blobs=3158 nmethods=2477 adapters=594
 compilation: enabled

Compilation events (10 events):
Event: 4.612 Thread 0x00000000196e4000 nmethod 2477 0x00000000031a8f50 code [0x00000000031a90a0, 0x00000000031a91b0]
Event: 4.612 Thread 0x00000000196e4000 2478       1       com.google.common.cache.CacheBuilder$3::read (2 bytes)
Event: 4.612 Thread 0x00000000196e4000 nmethod 2478 0x00000000031a8c90 code [0x00000000031a8de0, 0x00000000031a8ef0]
Event: 4.613 Thread 0x00000000196de000 nmethod 2476 0x00000000031a8810 code [0x00000000031a8960, 0x00000000031a8af8]
Event: 4.620 Thread 0x00000000196e4000 2479       3       java.io.File::getName (42 bytes)
Event: 4.620 Thread 0x00000000196e4000 nmethod 2479 0x00000000031a8010 code [0x00000000031a81a0, 0x00000000031a8668]
Event: 4.635 Thread 0x00000000196de000 2480       4       java.lang.Number::<init> (5 bytes)
Event: 4.635 Thread 0x00000000196de000 nmethod 2480 0x0000000003190350 code [0x0000000003190480, 0x00000000031904d8]
Event: 4.654 Thread 0x00000000196e4000 2481       3       java.io.WinNTFileSystem::resolve (231 bytes)
Event: 4.655 Thread 0x00000000196e4000 nmethod 2481 0x00000000031ab010 code [0x00000000031ab2e0, 0x00000000031accc8]

GC Heap History (10 events):
Event: 1.307 GC heap before
{Heap before GC invocations=3 (full 0):
 PSYoungGen      total 37888K, used 36225K [0x00000000d5580000, 0x00000000d9f80000, 0x0000000100000000)
  eden space 32768K, 100% used [0x00000000d5580000,0x00000000d7580000,0x00000000d7580000)
  from space 5120K, 67% used [0x00000000d7a80000,0x00000000d7de0598,0x00000000d7f80000)
  to   space 5120K, 0% used [0x00000000d7580000,0x00000000d7580000,0x00000000d7a80000)
 ParOldGen       total 86016K, used 24K [0x0000000080000000, 0x0000000085400000, 0x00000000d5580000)
  object space 86016K, 0% used [0x0000000080000000,0x0000000080006000,0x0000000085400000)
 Metaspace       used 12117K, capacity 12432K, committed 12544K, reserved 1060864K
  class space    used 1610K, capacity 1734K, committed 1792K, reserved 1048576K
Event: 1.317 GC heap after
Heap after GC invocations=3 (full 0):
 PSYoungGen      total 37888K, used 5120K [0x00000000d5580000, 0x00000000d9f80000, 0x0000000100000000)
  eden space 32768K, 0% used [0x00000000d5580000,0x00000000d5580000,0x00000000d7580000)
  from space 5120K, 100% used [0x00000000d7580000,0x00000000d7a80000,0x00000000d7a80000)
  to   space 5120K, 0% used [0x00000000d9a80000,0x00000000d9a80000,0x00000000d9f80000)
 ParOldGen       total 86016K, used 1105K [0x0000000080000000, 0x0000000085400000, 0x00000000d5580000)
  object space 86016K, 1% used [0x0000000080000000,0x0000000080114648,0x0000000085400000)
 Metaspace       used 12117K, capacity 12432K, committed 12544K, reserved 1060864K
  class space    used 1610K, capacity 1734K, committed 1792K, reserved 1048576K
}
Event: 1.600 GC heap before
{Heap before GC invocations=4 (full 0):
 PSYoungGen      total 37888K, used 37888K [0x00000000d5580000, 0x00000000d9f80000, 0x0000000100000000)
  eden space 32768K, 100% used [0x00000000d5580000,0x00000000d7580000,0x00000000d7580000)
  from space 5120K, 100% used [0x00000000d7580000,0x00000000d7a80000,0x00000000d7a80000)
  to   space 5120K, 0% used [0x00000000d9a80000,0x00000000d9a80000,0x00000000d9f80000)
 ParOldGen       total 86016K, used 1105K [0x0000000080000000, 0x0000000085400000, 0x00000000d5580000)
  object space 86016K, 1% used [0x0000000080000000,0x0000000080114648,0x0000000085400000)
 Metaspace       used 15346K, capacity 15800K, committed 16128K, reserved 1062912K
  class space    used 2046K, capacity 2190K, committed 2304K, reserved 1048576K
Event: 1.607 GC heap after
Heap after GC invocations=4 (full 0):
 PSYoungGen      total 70656K, used 5088K [0x00000000d5580000, 0x00000000d9f80000, 0x0000000100000000)
  eden space 65536K, 0% used [0x00000000d5580000,0x00000000d5580000,0x00000000d9580000)
  from space 5120K, 99% used [0x00000000d9a80000,0x00000000d9f78040,0x00000000d9f80000)
  to   space 5120K, 0% used [0x00000000d9580000,0x00000000d9580000,0x00000000d9a80000)
 ParOldGen       total 86016K, used 3739K [0x0000000080000000, 0x0000000085400000, 0x00000000d5580000)
  object space 86016K, 4% used [0x0000000080000000,0x00000000803a6e68,0x0000000085400000)
 Metaspace       used 15346K, capacity 15800K, committed 16128K, reserved 1062912K
  class space    used 2046K, capacity 2190K, committed 2304K, reserved 1048576K
}
Event: 2.449 GC heap before
{Heap before GC invocations=5 (full 0):
 PSYoungGen      total 70656K, used 70624K [0x00000000d5580000, 0x00000000d9f80000, 0x0000000100000000)
  eden space 65536K, 100% used [0x00000000d5580000,0x00000000d9580000,0x00000000d9580000)
  from space 5120K, 99% used [0x00000000d9a80000,0x00000000d9f78040,0x00000000d9f80000)
  to   space 5120K, 0% used [0x00000000d9580000,0x00000000d9580000,0x00000000d9a80000)
 ParOldGen       total 86016K, used 3739K [0x0000000080000000, 0x0000000085400000, 0x00000000d5580000)
  object space 86016K, 4% used [0x0000000080000000,0x00000000803a6e68,0x0000000085400000)
 Metaspace       used 20539K, capacity 21236K, committed 21296K, reserved 1067008K
  class space    used 2874K, capacity 3088K, committed 3120K, reserved 1048576K
Event: 2.466 GC heap after
Heap after GC invocations=5 (full 0):
 PSYoungGen      total 70656K, used 5108K [0x00000000d5580000, 0x00000000dee80000, 0x0000000100000000)
  eden space 65536K, 0% used [0x00000000d5580000,0x00000000d5580000,0x00000000d9580000)
  from space 5120K, 99% used [0x00000000d9580000,0x00000000d9a7d060,0x00000000d9a80000)
  to   space 12800K, 0% used [0x00000000de200000,0x00000000de200000,0x00000000dee80000)
 ParOldGen       total 86016K, used 10409K [0x0000000080000000, 0x0000000085400000, 0x00000000d5580000)
  object space 86016K, 12% used [0x0000000080000000,0x0000000080a2a4b8,0x0000000085400000)
 Metaspace       used 20539K, capacity 21236K, committed 21296K, reserved 1067008K
  class space    used 2874K, capacity 3088K, committed 3120K, reserved 1048576K
}
Event: 2.489 GC heap before
{Heap before GC invocations=6 (full 0):
 PSYoungGen      total 70656K, used 8685K [0x00000000d5580000, 0x00000000dee80000, 0x0000000100000000)
  eden space 65536K, 5% used [0x00000000d5580000,0x00000000d58fe5d8,0x00000000d9580000)
  from space 5120K, 99% used [0x00000000d9580000,0x00000000d9a7d060,0x00000000d9a80000)
  to   space 12800K, 0% used [0x00000000de200000,0x00000000de200000,0x00000000dee80000)
 ParOldGen       total 86016K, used 10409K [0x0000000080000000, 0x0000000085400000, 0x00000000d5580000)
  object space 86016K, 12% used [0x0000000080000000,0x0000000080a2a4b8,0x0000000085400000)
 Metaspace       used 20671K, capacity 21268K, committed 21296K, reserved 1067008K
  class space    used 2897K, capacity 3120K, committed 3120K, reserved 1048576K
Event: 2.496 GC heap after
Heap after GC invocations=6 (full 0):
 PSYoungGen      total 141824K, used 5344K [0x00000000d5580000, 0x00000000dec80000, 0x0000000100000000)
  eden space 131072K, 0% used [0x00000000d5580000,0x00000000d5580000,0x00000000dd580000)
  from space 10752K, 49% used [0x00000000de200000,0x00000000de738050,0x00000000dec80000)
  to   space 11776K, 0% used [0x00000000dd580000,0x00000000dd580000,0x00000000de100000)
 ParOldGen       total 86016K, used 10417K [0x0000000080000000, 0x0000000085400000, 0x00000000d5580000)
  object space 86016K, 12% used [0x0000000080000000,0x0000000080a2c4b8,0x0000000085400000)
 Metaspace       used 20671K, capacity 21268K, committed 21296K, reserved 1067008K
  class space    used 2897K, capacity 3120K, committed 3120K, reserved 1048576K
}
Event: 2.496 GC heap before
{Heap before GC invocations=7 (full 1):
 PSYoungGen      total 141824K, used 5344K [0x00000000d5580000, 0x00000000dec80000, 0x0000000100000000)
  eden space 131072K, 0% used [0x00000000d5580000,0x00000000d5580000,0x00000000dd580000)
  from space 10752K, 49% used [0x00000000de200000,0x00000000de738050,0x00000000dec80000)
  to   space 11776K, 0% used [0x00000000dd580000,0x00000000dd580000,0x00000000de100000)
 ParOldGen       total 86016K, used 10417K [0x0000000080000000, 0x0000000085400000, 0x00000000d5580000)
  object space 86016K, 12% used [0x0000000080000000,0x0000000080a2c4b8,0x0000000085400000)
 Metaspace       used 20671K, capacity 21268K, committed 21296K, reserved 1067008K
  class space    used 2897K, capacity 3120K, committed 3120K, reserved 1048576K
Event: 2.537 GC heap after
Heap after GC invocations=7 (full 1):
 PSYoungGen      total 141824K, used 0K [0x00000000d5580000, 0x00000000dec80000, 0x0000000100000000)
  eden space 131072K, 0% used [0x00000000d5580000,0x00000000d5580000,0x00000000dd580000)
  from space 10752K, 0% used [0x00000000de200000,0x00000000de200000,0x00000000dec80000)
  to   space 11776K, 0% used [0x00000000dd580000,0x00000000dd580000,0x00000000de100000)
 ParOldGen       total 52736K, used 7083K [0x0000000080000000, 0x0000000083380000, 0x00000000d5580000)
  object space 52736K, 13% used [0x0000000080000000,0x00000000806ead58,0x0000000083380000)
 Metaspace       used 20671K, capacity 21268K, committed 21296K, reserved 1067008K
  class space    used 2897K, capacity 3120K, committed 3120K, reserved 1048576K
}

Deoptimization events (10 events):
Event: 3.629 Thread 0x000000001c1d9800 Uncommon trap: reason=class_check action=maybe_recompile pc=0x0000000002c33260 method=sun.misc.URLClassPath.getResource(Ljava/lang/String;Z)Lsun/misc/Resource; @ 62
Event: 3.629 Thread 0x000000001c1d9800 Uncommon trap: reason=unstable_if action=reinterpret pc=0x0000000002f40564 method=java.lang.String.regionMatches(ZILjava/lang/String;II)Z @ 41
Event: 3.637 Thread 0x000000001c1d9800 Uncommon trap: reason=unstable_if action=reinterpret pc=0x0000000002e9d38c method=java.lang.ClassLoader.getClassLoadingLock(Ljava/lang/String;)Ljava/lang/Object; @ 6
Event: 3.658 Thread 0x000000001c1d9800 Uncommon trap: reason=class_check action=maybe_recompile pc=0x0000000002f84ad0 method=sun.misc.URLClassPath.getLoader(I)Lsun/misc/URLClassPath$Loader; @ 239
Event: 3.658 Thread 0x000000001c1d9800 Uncommon trap: reason=unstable_if action=reinterpret pc=0x0000000002d554f8 method=java.lang.String.regionMatches(ZILjava/lang/String;II)Z @ 41
Event: 3.665 Thread 0x000000001c1d9800 Uncommon trap: reason=class_check action=maybe_recompile pc=0x0000000002f84ad0 method=sun.misc.URLClassPath.getLoader(I)Lsun/misc/URLClassPath$Loader; @ 239
Event: 4.246 Thread 0x000000001c1d9800 Uncommon trap: reason=unstable_if action=reinterpret pc=0x0000000002adc20c method=java.util.HashMap.getNode(ILjava/lang/Object;)Ljava/util/HashMap$Node; @ 53
Event: 4.246 Thread 0x000000001c1d9800 Uncommon trap: reason=unstable_if action=reinterpret pc=0x0000000002d10dfc method=java.util.HashMap.hash(Ljava/lang/Object;)I @ 1
Event: 4.446 Thread 0x000000001c1d9800 Uncommon trap: reason=unstable_if action=reinterpret pc=0x000000000313edf8 method=org.gradle.internal.reflect.PropertyAccessorType.isGetGetterName(Ljava/lang/String;)Z @ 14
Event: 4.498 Thread 0x000000001c1d9800 Uncommon trap: reason=unstable_if action=reinterpret pc=0x0000000002fc8600 method=org.objectweb.asm.ByteVector.putShort(I)Lorg/objectweb/asm/ByteVector; @ 13

Classes redefined (0 events):
No events

Internal exceptions (10 events):
Event: 3.755 Thread 0x000000001c1d9800 Exception <a 'java/lang/ClassNotFoundException': org/gradle/initialization/DefaultSettingsCustomizer> (0x00000000d99c26c8) thrown at [C:\src\AOSP-openjdk-git\hotspot\src\share\vm\classfile\systemDictionary.cpp, line 210]
Event: 3.759 Thread 0x000000001c1d9800 Exception <a 'java/lang/ClassNotFoundException': org/gradle/initialization/DefaultSettings_DecoratedCustomizer> (0x00000000d9a311c0) thrown at [C:\src\AOSP-openjdk-git\hotspot\src\share\vm\classfile\systemDictionary.cpp, line 210]
Event: 3.814 Thread 0x000000001c1d9800 Exception <a 'java/lang/ClassNotFoundException': org/gradle/initialization/DefaultProjectDescriptorBeanInfo> (0x00000000d9c9c190) thrown at [C:\src\AOSP-openjdk-git\hotspot\src\share\vm\classfile\systemDictionary.cpp, line 210]
Event: 3.815 Thread 0x000000001c1d9800 Exception <a 'java/lang/ClassNotFoundException': org/gradle/initialization/DefaultProjectDescriptorCustomizer> (0x00000000d9ccd0b0) thrown at [C:\src\AOSP-openjdk-git\hotspot\src\share\vm\classfile\systemDictionary.cpp, line 210]
Event: 4.246 Thread 0x000000001c1d9800 Implicit null exception at 0x0000000002d1099b to 0x0000000002d10de1
Event: 4.375 Thread 0x000000001c1a9000 Exception <a 'java/lang/NoSuchMethodError': <clinit>> (0x00000000d9fc1150) thrown at [C:\src\AOSP-openjdk-git\hotspot\src\share\vm\prims\jni.cpp, line 1615]
Event: 4.375 Thread 0x000000001c1a9000 Exception <a 'java/lang/NoSuchMethodError': <clinit>> (0x00000000d9fc3470) thrown at [C:\src\AOSP-openjdk-git\hotspot\src\share\vm\prims\jni.cpp, line 1615]
Event: 4.376 Thread 0x000000001c1a9000 Exception <a 'java/lang/NoSuchMethodError': <clinit>> (0x00000000d9fd2e88) thrown at [C:\src\AOSP-openjdk-git\hotspot\src\share\vm\prims\jni.cpp, line 1615]
Event: 4.376 Thread 0x000000001c1a9000 Exception <a 'java/lang/NoSuchMethodError': <clinit>> (0x00000000d9fd5fa8) thrown at [C:\src\AOSP-openjdk-git\hotspot\src\share\vm\prims\jni.cpp, line 1615]
Event: 4.377 Thread 0x000000001c1a9000 Exception <a 'java/lang/NoSuchMethodError': <clinit>> (0x00000000d9fe5040) thrown at [C:\src\AOSP-openjdk-git\hotspot\src\share\vm\prims\jni.cpp, line 1615]

Events (10 events):
Event: 4.608 loading class org/gradle/internal/service/scopes/ProjectScopeServices$ScriptScopedContext
Event: 4.608 loading class org/gradle/internal/service/scopes/ProjectScopeServices$ScriptScopedContext done
Event: 4.611 loading class org/gradle/configuration/project/BuildScriptProcessor$1
Event: 4.611 loading class org/gradle/configuration/project/BuildScriptProcessor$1 done
Event: 4.619 loading class org/gradle/internal/build/event/types/DefaultScriptPluginIdentifier
Event: 4.619 loading class org/gradle/internal/build/event/types/DefaultScriptPluginIdentifier done
Event: 4.620 loading class org/gradle/configuration/ProjectScriptTarget
Event: 4.621 loading class org/gradle/configuration/ProjectScriptTarget done
Event: 4.633 loading class org/gradle/api/internal/project/ProjectScript
Event: 4.633 loading class org/gradle/api/internal/project/ProjectScript done


Dynamic libraries:
0x00007ff6f7e80000 - 0x00007ff6f7eb1000 	C:\Program Files\Android\Android Studio\jre\bin\java.exe
0x00007ffaba860000 - 0x00007ffabaa50000 	C:\WINDOWS\SYSTEM32\ntdll.dll
0x00007ffaba590000 - 0x00007ffaba642000 	C:\WINDOWS\System32\KERNEL32.DLL
0x00007ffab81e0000 - 0x00007ffab8485000 	C:\WINDOWS\System32\KERNELBASE.dll
0x00007ffab8c80000 - 0x00007ffab8d23000 	C:\WINDOWS\System32\ADVAPI32.dll
0x00007ffab9840000 - 0x00007ffab98de000 	C:\WINDOWS\System32\msvcrt.dll
0x00007ffab9f10000 - 0x00007ffab9fa7000 	C:\WINDOWS\System32\sechost.dll
0x00007ffaba650000 - 0x00007ffaba770000 	C:\WINDOWS\System32\RPCRT4.dll
0x00007ffab8910000 - 0x00007ffab8aa4000 	C:\WINDOWS\System32\USER32.dll
0x00007ffab8740000 - 0x00007ffab8761000 	C:\WINDOWS\System32\win32u.dll
0x00007ffab8b60000 - 0x00007ffab8b86000 	C:\WINDOWS\System32\GDI32.dll
0x00007ffab8490000 - 0x00007ffab8626000 	C:\WINDOWS\System32\gdi32full.dll
0x00007ffab7840000 - 0x00007ffab78de000 	C:\WINDOWS\System32\msvcp_win.dll
0x00007ffab8770000 - 0x00007ffab886a000 	C:\WINDOWS\System32\ucrtbase.dll
0x00007ffaa47e0000 - 0x00007ffaa4a64000 	C:\WINDOWS\WinSxS\amd64_microsoft.windows.common-controls_6595b64144ccf1df_6.0.18362.1139_none_9e7bf2d3e4605ac6\COMCTL32.dll
0x00007ffaba250000 - 0x00007ffaba585000 	C:\WINDOWS\System32\combase.dll
0x00007ffab8870000 - 0x00007ffab88f0000 	C:\WINDOWS\System32\bcryptPrimitives.dll
0x00007ffab9590000 - 0x00007ffab95be000 	C:\WINDOWS\System32\IMM32.DLL
0x00000000674d0000 - 0x00000000675a2000 	C:\Program Files\Android\Android Studio\jre\jre\bin\msvcr100.dll
0x0000000067690000 - 0x0000000067edb000 	C:\Program Files\Android\Android Studio\jre\jre\bin\server\jvm.dll
0x00007ffab98e0000 - 0x00007ffab98e8000 	C:\WINDOWS\System32\PSAPI.DLL
0x00007ffaac9f0000 - 0x00007ffaaca14000 	C:\WINDOWS\SYSTEM32\WINMM.dll
0x00007ffaac9c0000 - 0x00007ffaac9ed000 	C:\WINDOWS\SYSTEM32\WINMMBASE.dll
0x00007ffab2570000 - 0x00007ffab2579000 	C:\WINDOWS\SYSTEM32\WSOCK32.dll
0x00007ffab77f0000 - 0x00007ffab783a000 	C:\WINDOWS\System32\cfgmgr32.dll
0x00007ffab97d0000 - 0x00007ffab983f000 	C:\WINDOWS\System32\WS2_32.dll
0x00007ffab24e0000 - 0x00007ffab24ea000 	C:\WINDOWS\SYSTEM32\VERSION.dll
0x00007ffab24d0000 - 0x00007ffab24df000 	C:\Program Files\Android\Android Studio\jre\jre\bin\verify.dll
0x00007ffaa0760000 - 0x00007ffaa0789000 	C:\Program Files\Android\Android Studio\jre\jre\bin\java.dll
0x00007ffab24b0000 - 0x00007ffab24c6000 	C:\Program Files\Android\Android Studio\jre\jre\bin\zip.dll
0x00007ffab8d30000 - 0x00007ffab9417000 	C:\WINDOWS\System32\SHELL32.dll
0x00007ffab8ab0000 - 0x00007ffab8b59000 	C:\WINDOWS\System32\shcore.dll
0x00007ffab7910000 - 0x00007ffab8090000 	C:\WINDOWS\System32\windows.storage.dll
0x00007ffab7750000 - 0x00007ffab7773000 	C:\WINDOWS\System32\profapi.dll
0x00007ffab7780000 - 0x00007ffab77ca000 	C:\WINDOWS\System32\powrprof.dll
0x00007ffab7720000 - 0x00007ffab7730000 	C:\WINDOWS\System32\UMPDC.dll
0x00007ffab9710000 - 0x00007ffab9762000 	C:\WINDOWS\System32\shlwapi.dll
0x00007ffab7730000 - 0x00007ffab7741000 	C:\WINDOWS\System32\kernel.appcore.dll
0x00007ffab88f0000 - 0x00007ffab8907000 	C:\WINDOWS\System32\cryptsp.dll
0x00007ffaa9db0000 - 0x00007ffaa9dca000 	C:\Program Files\Android\Android Studio\jre\jre\bin\net.dll
0x00007ffab6f70000 - 0x00007ffab6fd7000 	C:\WINDOWS\system32\mswsock.dll
0x00007ffaa8310000 - 0x00007ffaa8323000 	C:\Program Files\Android\Android Studio\jre\jre\bin\nio.dll
0x00007ffa97cd0000 - 0x00007ffa97cf6000 	C:\Users\qwadi\.gradle\native\31\windows-amd64\native-platform.dll
0x00007ffaaf010000 - 0x00007ffaaf01d000 	C:\Program Files\Android\Android Studio\jre\jre\bin\management.dll
0x00007ffab6ae0000 - 0x00007ffab6b13000 	C:\WINDOWS\system32\rsaenh.dll
0x00007ffab78e0000 - 0x00007ffab7906000 	C:\WINDOWS\System32\bcrypt.dll
0x00007ffab7600000 - 0x00007ffab7625000 	C:\WINDOWS\SYSTEM32\USERENV.dll
0x00007ffab7140000 - 0x00007ffab714c000 	C:\WINDOWS\SYSTEM32\CRYPTBASE.dll
0x00007ffab6c80000 - 0x00007ffab6cba000 	C:\WINDOWS\SYSTEM32\IPHLPAPI.DLL
0x00007ffab9580000 - 0x00007ffab9588000 	C:\WINDOWS\System32\NSI.dll
0x00007ffaaf450000 - 0x00007ffaaf466000 	C:\WINDOWS\SYSTEM32\dhcpcsvc6.DLL
0x00007ffaaf430000 - 0x00007ffaaf44c000 	C:\WINDOWS\SYSTEM32\dhcpcsvc.DLL
0x00007ffab6cd0000 - 0x00007ffab6d9b000 	C:\WINDOWS\SYSTEM32\DNSAPI.dll

VM Arguments:
jvm_args: -Xmx2048m -Dfile.encoding=windows-1251 -Duser.country=RU -Duser.language=ru -Duser.variant 
java_command: org.gradle.launcher.daemon.bootstrap.GradleDaemon 6.1.1
java_class_path (initial): C:\Users\qwadi\.gradle\wrapper\dists\gradle-6.1.1-all\cfmwm155h49vnt3hynmlrsdst\gradle-6.1.1\lib\gradle-launcher-6.1.1.jar
Launcher Type: SUN_STANDARD

Environment Variables:
PATH=C:\WINDOWS\system32;C:\WINDOWS;C:\WINDOWS\System32\Wbem;C:\WINDOWS\System32\WindowsPowerShell\v1.0\;C:\WINDOWS\System32\OpenSSH\;C:\Program Files (x86)\NVIDIA Corporation\PhysX\Common;C:\Program Files\Git\cmd;C:\Users\qwadi\AppData\Local\Microsoft\WindowsApps;
USERNAME=qwadi
OS=Windows_NT
PROCESSOR_IDENTIFIER=Intel64 Family 6 Model 165 Stepping 2, GenuineIntel



---------------  S Y S T E M  ---------------

OS: Windows 10.0 , 64 bit Build 18362 (10.0.18362.1110)

CPU:total 8 (initial active 8) (4 cores per cpu, 2 threads per core) family 6 model 165 stepping 2, cmov, cx8, fxsr, mmx, sse, sse2, sse3, ssse3, sse4.1, sse4.2, popcnt, avx, avx2, aes, clmul, erms, 3dnowpref, lzcnt, ht, tsc, tscinvbit, bmi1, bmi2, adx

Memory: 4k page, physical 8170764k(24848k free), swap 18272712k(644k free)

vm_info: OpenJDK 64-Bit Server VM (25.242-b01) for windows-amd64 JRE (1.8.0_242-release-1644-b01), built by "builder" with MS VC++ 10.0 (VS2010)

time: Wed Oct 28 18:54:13 2020
timezone: Финляндия (зима)
elapsed time: 4 seconds (0d 0h 0m 4s)

