#
# There is insufficient memory for the Java Runtime Environment to continue.
# Native memory allocation (malloc) failed to allocate 32744 bytes for ChunkPool::allocate
# Possible reasons:
#   The system is out of physical RAM or swap space
#   The process is running with CompressedOops enabled, and the Java Heap may be blocking the growth of the native heap
# Possible solutions:
#   Reduce memory load on the system
#   Increase physical memory or swap space
#   Check if swap backing store is full
#   Decrease Java heap size (-Xmx/-Xms)
#   Decrease number of Java threads
#   Decrease Java thread stack sizes (-Xss)
#   Set larger code cache with -XX:ReservedCodeCacheSize=
#   JVM is running with Unscaled Compressed Oops mode in which the Java heap is
#     placed in the first 4GB address space. The Java Heap base address is the
#     maximum limit for the native heap growth. Please use -XX:HeapBaseMinAddress
#     to set the Java Heap base and to place the Java Heap above 4GB virtual address.
# This output file may be truncated or incomplete.
#
#  Out of Memory Error (allocation.cpp:272), pid=11052, tid=0x0000000000002050
#
# JRE version: OpenJDK Runtime Environment (8.0_242-b01) (build 1.8.0_242-release-1644-b01)
# Java VM: OpenJDK 64-Bit Server VM (25.242-b01 mixed mode windows-amd64 compressed oops)
# Failed to write core dump. Minidumps are not enabled by default on client versions of Windows
#

---------------  T H R E A D  ---------------

Current thread (0x0000000019e19800):  JavaThread "C2 CompilerThread1" daemon [_thread_in_native, id=8272, stack(0x000000001a7f0000,0x000000001a8f0000)]

Stack: [0x000000001a7f0000,0x000000001a8f0000]
[error occurred during error reporting (printing stack bounds), id 0xc0000005]

Native frames: (J=compiled Java code, j=interpreted, Vv=VM code, C=native code)


Current CompileTask:
C2:10677507 20555 %     4       com.android.tools.r8.ir.regalloc.a::a @ 2115 (3993 bytes)


---------------  P R O C E S S  ---------------

Java Threads: ( => current thread )
  0x00000000286b0000 JavaThread "WorkerExecutor Queue Thread 9" [_thread_blocked, id=10532, stack(0x0000000032700000,0x0000000032800000)]
  0x00000000286ac000 JavaThread "ForkJoinPool.commonPool-worker-7" daemon [_thread_in_vm, id=9964, stack(0x00000000320f0000,0x00000000321f0000)]
  0x00000000286af000 JavaThread "ForkJoinPool.commonPool-worker-6" daemon [_thread_in_vm, id=7848, stack(0x000000002e2c0000,0x000000002e3c0000)]
  0x00000000286ab800 JavaThread "ForkJoinPool.commonPool-worker-5" daemon [_thread_blocked, id=16732, stack(0x0000000032600000,0x0000000032700000)]
  0x000000001cbd3000 JavaThread "ForkJoinPool.commonPool-worker-4" daemon [_thread_blocked, id=6148, stack(0x0000000032500000,0x0000000032600000)]
  0x000000001f2d5800 JavaThread "ForkJoinPool.commonPool-worker-2" daemon [_thread_in_Java, id=10500, stack(0x0000000032300000,0x0000000032400000)]
  0x000000001f2d1800 JavaThread "ForkJoinPool.commonPool-worker-1" daemon [_thread_blocked, id=12100, stack(0x0000000032200000,0x0000000032300000)]
  0x000000001f2d0000 JavaThread "Cache worker for Java compile cache (E:\Pokedex\.gradle\6.1.1\javaCompile)" [_thread_blocked, id=8888, stack(0x000000002e480000,0x000000002e580000)]
  0x000000001f2d1000 JavaThread "Cache worker for Java compile cache (C:\Users\qwadi\.gradle\caches\6.1.1\javaCompile)" [_thread_blocked, id=14752, stack(0x000000002dbc0000,0x000000002dcc0000)]
  0x000000001f2d4000 JavaThread "RMI TCP Connection(1)-127.0.0.1" daemon [_thread_in_native, id=6012, stack(0x000000002dfc0000,0x000000002e0c0000)]
  0x000000001f2d6000 JavaThread "RMI Reaper" [_thread_blocked, id=2864, stack(0x000000002dec0000,0x000000002dfc0000)]
  0x000000001f2c8800 JavaThread "RMI TCP Accept-0" daemon [_thread_in_native, id=12284, stack(0x000000002ddc0000,0x000000002dec0000)]
  0x000000001f2cf800 JavaThread "GC Daemon" daemon [_thread_blocked, id=3800, stack(0x000000002dcc0000,0x000000002ddc0000)]
  0x000000001f2c9000 JavaThread "RMI Scheduler(0)" daemon [_thread_blocked, id=16064, stack(0x000000002dac0000,0x000000002dbc0000)]
  0x000000001f2ce800 JavaThread "stdout" [_thread_in_native, id=13084, stack(0x000000002d7c0000,0x000000002d8c0000)]
  0x000000001f2ce000 JavaThread "stderr" [_thread_in_native, id=4516, stack(0x000000002d6c0000,0x000000002d7c0000)]
  0x000000001f2cd000 JavaThread "stdout" [_thread_in_native, id=8328, stack(0x000000002b790000,0x000000002b890000)]
  0x000000001f2cb800 JavaThread "stderr" [_thread_in_native, id=2224, stack(0x000000002aef0000,0x000000002aff0000)]
  0x000000001f2ca800 JavaThread "stdout" [_thread_in_native, id=1148, stack(0x000000002d5c0000,0x000000002d6c0000)]
  0x000000001f2cc000 JavaThread "stderr" [_thread_in_native, id=4916, stack(0x000000002d4c0000,0x000000002d5c0000)]
  0x0000000020d94800 JavaThread "stdout" [_thread_in_native, id=13592, stack(0x000000002d3c0000,0x000000002d4c0000)]
  0x0000000020d93800 JavaThread "stderr" [_thread_in_native, id=13336, stack(0x000000002d2c0000,0x000000002d3c0000)]
  0x0000000020d93000 JavaThread "stdout" [_thread_in_native, id=13988, stack(0x000000002d1c0000,0x000000002d2c0000)]
  0x0000000020d92000 JavaThread "stderr" [_thread_in_native, id=16356, stack(0x000000002b690000,0x000000002b790000)]
  0x0000000020d90800 JavaThread "WorkerExecutor Queue Thread 8" [_thread_blocked, id=4616, stack(0x000000002d0c0000,0x000000002d1c0000)]
  0x0000000020d91800 JavaThread "WorkerExecutor Queue Thread 7" [_thread_blocked, id=6328, stack(0x000000002cfc0000,0x000000002d0c0000)]
  0x0000000020d89000 JavaThread "WorkerExecutor Queue Thread 6" [_thread_blocked, id=10952, stack(0x000000002cec0000,0x000000002cfc0000)]
  0x0000000020d8f000 JavaThread "WorkerExecutor Queue Thread 4" [_thread_blocked, id=11776, stack(0x000000002bc10000,0x000000002bd10000)]
  0x0000000020d8e800 JavaThread "WorkerExecutor Queue Thread 3" [_thread_blocked, id=6580, stack(0x000000002bb10000,0x000000002bc10000)]
  0x0000000020d87000 JavaThread "WorkerExecutor Queue Thread 2" [_thread_blocked, id=5100, stack(0x000000002ba10000,0x000000002bb10000)]
  0x0000000020d8d800 JavaThread "WorkerExecutor Queue" [_thread_blocked, id=9832, stack(0x000000002b910000,0x000000002ba10000)]
  0x0000000020d87800 JavaThread "stdout" [_thread_in_native, id=9880, stack(0x000000002b590000,0x000000002b690000)]
  0x0000000020d8a000 JavaThread "stderr" [_thread_in_native, id=12880, stack(0x000000002b490000,0x000000002b590000)]
  0x0000000020d8b800 JavaThread "stdout" [_thread_in_native, id=9548, stack(0x000000002b390000,0x000000002b490000)]
  0x0000000020d8a800 JavaThread "stderr" [_thread_in_native, id=1004, stack(0x000000002b290000,0x000000002b390000)]
  0x0000000020d85800 JavaThread "stdout" [_thread_in_native, id=5404, stack(0x000000002b190000,0x000000002b290000)]
  0x000000001af19800 JavaThread "stderr" [_thread_in_native, id=8772, stack(0x000000002b090000,0x000000002b190000)]
  0x000000001af18000 JavaThread "pool-4-thread-1" [_thread_blocked, id=15800, stack(0x000000002abf0000,0x000000002acf0000)]
  0x000000001af15000 JavaThread "Cache worker for execution history cache (E:\Pokedex\.gradle\6.1.1\executionHistory)" [_thread_blocked, id=8380, stack(0x000000002aaf0000,0x000000002abf0000)]
  0x000000001af17000 JavaThread "Execution worker for ':' Thread 7" [_thread_blocked, id=10472, stack(0x000000002a9f0000,0x000000002aaf0000)]
  0x000000001af15800 JavaThread "Execution worker for ':' Thread 6" [_thread_blocked, id=9120, stack(0x000000002a8f0000,0x000000002a9f0000)]
  0x000000001cbdc800 JavaThread "Execution worker for ':' Thread 5" [_thread_blocked, id=10644, stack(0x000000002a7f0000,0x000000002a8f0000)]
  0x000000001cbdc000 JavaThread "Execution worker for ':' Thread 4" [_thread_blocked, id=7360, stack(0x000000002a6f0000,0x000000002a7f0000)]
  0x000000001cbdf800 JavaThread "Execution worker for ':' Thread 3" [_thread_blocked, id=5804, stack(0x0000000029b40000,0x0000000029c40000)]
  0x000000001cbdf000 JavaThread "Execution worker for ':' Thread 2" [_thread_blocked, id=2832, stack(0x0000000029530000,0x0000000029630000)]
  0x000000001cbdb000 JavaThread "Execution worker for ':'" [_thread_blocked, id=17140, stack(0x0000000027da0000,0x0000000027ea0000)]
  0x000000001cbde000 JavaThread "Cache worker for file content cache (E:\Pokedex\.gradle\6.1.1\fileContent)" [_thread_blocked, id=4528, stack(0x00000000275a0000,0x00000000276a0000)]
  0x000000001cbd3800 JavaThread "Cache worker for file content cache (C:\Users\qwadi\.gradle\caches\6.1.1\fileContent)" [_thread_blocked, id=2296, stack(0x00000000266a0000,0x00000000267a0000)]
  0x000000001cbda800 JavaThread "Memory manager" [_thread_blocked, id=15640, stack(0x0000000024a80000,0x0000000024b80000)]
  0x000000001cbd7800 JavaThread "Cache worker for Build Output Cleanup Cache (E:\Pokedex\.gradle\buildOutputCleanup)" [_thread_blocked, id=9824, stack(0x0000000024bc0000,0x0000000024cc0000)]
  0x000000001cbd6800 JavaThread "Build operations Thread 8" [_thread_blocked, id=4888, stack(0x0000000024980000,0x0000000024a80000)]
  0x000000001cbd5000 JavaThread "Build operations Thread 7" [_thread_blocked, id=1000, stack(0x0000000024880000,0x0000000024980000)]
  0x000000001cbd9800 JavaThread "Build operations Thread 6" [_thread_blocked, id=10248, stack(0x0000000024780000,0x0000000024880000)]
  0x000000001cbd6000 JavaThread "Build operations Thread 5" [_thread_blocked, id=17240, stack(0x0000000024680000,0x0000000024780000)]
  0x000000001cbd9000 JavaThread "Build operations Thread 4" [_thread_blocked, id=16940, stack(0x0000000024580000,0x0000000024680000)]
  0x000000001cb6c800 JavaThread "Build operations Thread 3" [_thread_blocked, id=4124, stack(0x0000000023070000,0x0000000023170000)]
  0x000000001cb6c000 JavaThread "Build operations Thread 2" [_thread_blocked, id=14716, stack(0x00000000223f0000,0x00000000224f0000)]
  0x000000001cb6d800 JavaThread "Build operations" [_thread_blocked, id=2324, stack(0x00000000222f0000,0x00000000223f0000)]
  0x000000001cb6e000 JavaThread "Cache worker for cache directory md-rule (C:\Users\qwadi\.gradle\caches\6.1.1\md-rule)" [_thread_blocked, id=7828, stack(0x00000000221f0000,0x00000000222f0000)]
  0x000000001cb6f000 JavaThread "Cache worker for cache directory md-supplier (C:\Users\qwadi\.gradle\caches\6.1.1\md-supplier)" [_thread_blocked, id=1376, stack(0x000000001e620000,0x000000001e720000)]
  0x000000001cb6f800 JavaThread "Cache worker for file hash cache (E:\Pokedex\.gradle\6.1.1\fileHashes)" [_thread_blocked, id=11140, stack(0x000000001e520000,0x000000001e620000)]
  0x000000001cb64800 JavaThread "Cache worker for checksums cache (E:\Pokedex\.gradle\checksums)" [_thread_blocked, id=3100, stack(0x000000001e420000,0x000000001e520000)]
  0x000000001cb6a800 JavaThread "Thread-40" [_thread_blocked, id=4960, stack(0x000000001e320000,0x000000001e420000)]
  0x000000001cb69800 JavaThread "Stdin handler" [_thread_blocked, id=12596, stack(0x000000001e220000,0x000000001e320000)]
  0x000000001cb6b000 JavaThread "Asynchronous log dispatcher for DefaultDaemonConnection: socket connection from /127.0.0.1:56152 to /127.0.0.1:58799" [_thread_blocked, id=14164, stack(0x000000001df20000,0x000000001e020000)]
  0x000000001cb62000 JavaThread "Daemon worker Thread 2" [_thread_blocked, id=4328, stack(0x000000001de20000,0x000000001df20000)]
  0x000000001cb63800 JavaThread "Cancel handler" [_thread_blocked, id=14192, stack(0x0000000001310000,0x0000000001410000)]
  0x000000001cb69000 JavaThread "Handler for socket connection from /127.0.0.1:56152 to /127.0.0.1:58799" [_thread_in_native, id=1484, stack(0x0000000001210000,0x0000000001310000)]
  0x000000001cb67800 JavaThread "Daemon Thread 2" [_thread_blocked, id=10048, stack(0x0000000001110000,0x0000000001210000)]
  0x000000001af16800 JavaThread "Cache worker for execution history cache (C:\Users\qwadi\.gradle\caches\6.1.1\executionHistory)" [_thread_blocked, id=1540, stack(0x00000000224f0000,0x00000000225f0000)]
  0x000000001af18800 JavaThread "Cache worker for file hash cache (C:\Users\qwadi\.gradle\caches\6.1.1\fileHashes)" [_thread_blocked, id=11352, stack(0x000000001eb20000,0x000000001ec20000)]
  0x000000001af12800 JavaThread "File lock request listener" [_thread_in_native, id=11004, stack(0x000000001ea20000,0x000000001eb20000)]
  0x000000001c8b7000 JavaThread "Cache worker for journal cache (C:\Users\qwadi\.gradle\caches\journal-1)" [_thread_blocked, id=16944, stack(0x000000001e920000,0x000000001ea20000)]
  0x000000001c7bb000 JavaThread "Daemon periodic checks" [_thread_blocked, id=4212, stack(0x000000001dd20000,0x000000001de20000)]
  0x000000001c7b6000 JavaThread "Incoming local TCP Connector on port 56152" [_thread_in_native, id=1528, stack(0x000000001dad0000,0x000000001dbd0000)]
  0x000000001add5800 JavaThread "Daemon health stats" [_thread_blocked, id=13896, stack(0x000000001d490000,0x000000001d590000)]
  0x0000000019eb9800 JavaThread "Service Thread" daemon [_thread_blocked, id=14768, stack(0x000000001aaf0000,0x000000001abf0000)]
  0x0000000019e2e000 JavaThread "C1 CompilerThread3" daemon [_thread_blocked, id=8800, stack(0x000000001a9f0000,0x000000001aaf0000)]
  0x0000000019e27000 JavaThread "C2 CompilerThread2" daemon [_thread_in_native, id=9912, stack(0x000000001a8f0000,0x000000001a9f0000)]
=>0x0000000019e19800 JavaThread "C2 CompilerThread1" daemon [_thread_in_native, id=8272, stack(0x000000001a7f0000,0x000000001a8f0000)]
  0x0000000019e17000 JavaThread "C2 CompilerThread0" daemon [_thread_in_native, id=17120, stack(0x000000001a6f0000,0x000000001a7f0000)]
  0x0000000019e16000 JavaThread "Attach Listener" daemon [_thread_blocked, id=6736, stack(0x000000001a5f0000,0x000000001a6f0000)]
  0x0000000019e15000 JavaThread "Signal Dispatcher" daemon [_thread_blocked, id=16876, stack(0x000000001a4f0000,0x000000001a5f0000)]
  0x0000000002fa8800 JavaThread "Finalizer" daemon [_thread_blocked, id=1992, stack(0x000000001a2f0000,0x000000001a3f0000)]
  0x000000001801c000 JavaThread "Reference Handler" daemon [_thread_blocked, id=12532, stack(0x000000001a1f0000,0x000000001a2f0000)]
  0x0000000002d7d800 JavaThread "main" [_thread_blocked, id=1052, stack(0x0000000002db0000,0x0000000002eb0000)]

Other Threads:
  0x0000000018017800 VMThread [stack: 0x0000000019cf0000,0x0000000019df0000] [id=6408]
  0x0000000019eba000 WatcherThread [stack: 0x000000001abf0000,0x000000001acf0000] [id=13840]

VM state:not at safepoint (normal execution)

VM Mutex/Monitor currently owned by a thread: None

OutOfMemory and StackOverflow Exception counts:
OutOfMemoryError java_heap_errors=5

heap address: 0x0000000080000000, size: 2048 MB, Compressed Oops mode: 32-bit
Narrow klass base: 0x0000000000000000, Narrow klass shift: 3
Compressed class space size: 1073741824 Address: 0x0000000100000000

Heap:
 PSYoungGen      total 498688K, used 326917K [0x00000000d5580000, 0x00000000f6480000, 0x0000000100000000)
  eden space 457728K, 62% used [0x00000000d5580000,0x00000000e6cc8b18,0x00000000f1480000)
  from space 40960K, 99% used [0x00000000f3c80000,0x00000000f6478908,0x00000000f6480000)
  to   space 40960K, 0% used [0x00000000f1480000,0x00000000f1480000,0x00000000f3c80000)
 ParOldGen       total 157184K, used 109229K [0x0000000080000000, 0x0000000089980000, 0x00000000d5580000)
  object space 157184K, 69% used [0x0000000080000000,0x0000000086aab690,0x0000000089980000)
 Metaspace       used 116120K, capacity 123139K, committed 123416K, reserved 1157120K
  class space    used 15206K, capacity 16549K, committed 16688K, reserved 1048576K

Card table byte_map: [0x0000000012370000,0x0000000012780000] byte_map_base: 0x0000000011f70000

Marking Bits: (ParMarkBitMap*) 0x000000006a4df030
 Begin Bits: [0x0000000013230000, 0x0000000015230000)
 End Bits:   [0x0000000015230000, 0x0000000017230000)

Polling page: 0x00000000014b0000

CodeCache: size=245760Kb used=64174Kb max_used=65113Kb free=181585Kb
 bounds [0x0000000002fb0000, 0x0000000006f90000, 0x0000000011fb0000]
 total_blobs=19959 nmethods=18967 adapters=901
 compilation: enabled

Compilation events (10 events):
Event: 10677.349 Thread 0x0000000019e2e000 23893       2       sun.misc.SharedSecrets::getJavaIOFileDescriptorAccess (18 bytes)
Event: 10677.350 Thread 0x0000000019e2e000 nmethod 23893 0x0000000003312490 code [0x0000000003312600, 0x0000000003312788]
Event: 10677.350 Thread 0x0000000019e2e000 23894       2       com.android.zipflinger.ZipSourceEntry::prepare (1 bytes)
Event: 10677.350 Thread 0x0000000019e2e000 nmethod 23894 0x0000000003312150 code [0x00000000033122a0, 0x00000000033123f0]
Event: 10677.350 Thread 0x0000000019e2e000 23896       2       com.android.zipflinger.ZipWriter::transferFrom (37 bytes)
Event: 10677.350 Thread 0x0000000019e2e000 nmethod 23896 0x00000000057c68d0 code [0x00000000057c6a40, 0x00000000057c6c88]
Event: 10677.350 Thread 0x0000000019e2e000 23895       2       com.android.zipflinger.ZipSourceEntry::writeTo (33 bytes)
Event: 10677.350 Thread 0x0000000019e2e000 nmethod 23895 0x00000000057c6410 code [0x00000000057c6580, 0x00000000057c6768]
Event: 10677.353 Thread 0x0000000019e2e000 23897       2       sun.nio.cs.StreamEncoder::<init> (23 bytes)
Event: 10677.353 Thread 0x0000000019e2e000 nmethod 23897 0x0000000005c5f0d0 code [0x0000000005c5f240, 0x0000000005c5f438]

GC Heap History (10 events):
Event: 10672.930 GC heap before
{Heap before GC invocations=24 (full 4):
 PSYoungGen      total 410624K, used 408710K [0x00000000d5580000, 0x00000000f6500000, 0x0000000100000000)
  eden space 374272K, 100% used [0x00000000d5580000,0x00000000ec300000,0x00000000ec300000)
  from space 36352K, 94% used [0x00000000ec300000,0x00000000ee4a19c0,0x00000000ee680000)
  to   space 41472K, 0% used [0x00000000f3c80000,0x00000000f3c80000,0x00000000f6500000)
 ParOldGen       total 157184K, used 65531K [0x0000000080000000, 0x0000000089980000, 0x00000000d5580000)
  object space 157184K, 41% used [0x0000000080000000,0x0000000083ffed60,0x0000000089980000)
 Metaspace       used 113403K, capacity 120139K, committed 120216K, reserved 1153024K
  class space    used 14976K, capacity 16249K, committed 16304K, reserved 1048576K
Event: 10672.961 GC heap after
Heap after GC invocations=24 (full 4):
 PSYoungGen      total 498688K, used 5596K [0x00000000d5580000, 0x00000000f6480000, 0x0000000100000000)
  eden space 457728K, 0% used [0x00000000d5580000,0x00000000d5580000,0x00000000f1480000)
  from space 40960K, 13% used [0x00000000f3c80000,0x00000000f41f72c0,0x00000000f6480000)
  to   space 40960K, 0% used [0x00000000f1480000,0x00000000f1480000,0x00000000f3c80000)
 ParOldGen       total 157184K, used 93863K [0x0000000080000000, 0x0000000089980000, 0x00000000d5580000)
  object space 157184K, 59% used [0x0000000080000000,0x0000000085ba9f60,0x0000000089980000)
 Metaspace       used 113403K, capacity 120139K, committed 120216K, reserved 1153024K
  class space    used 14976K, capacity 16249K, committed 16304K, reserved 1048576K
}
Event: 10673.591 GC heap before
{Heap before GC invocations=25 (full 4):
 PSYoungGen      total 498688K, used 463324K [0x00000000d5580000, 0x00000000f6480000, 0x0000000100000000)
  eden space 457728K, 100% used [0x00000000d5580000,0x00000000f1480000,0x00000000f1480000)
  from space 40960K, 13% used [0x00000000f3c80000,0x00000000f41f72c0,0x00000000f6480000)
  to   space 40960K, 0% used [0x00000000f1480000,0x00000000f1480000,0x00000000f3c80000)
 ParOldGen       total 157184K, used 93863K [0x0000000080000000, 0x0000000089980000, 0x00000000d5580000)
  object space 157184K, 59% used [0x0000000080000000,0x0000000085ba9f60,0x0000000089980000)
 Metaspace       used 114087K, capacity 120851K, committed 121112K, reserved 1155072K
  class space    used 14999K, capacity 16291K, committed 16432K, reserved 1048576K
Event: 10673.600 GC heap after
Heap after GC invocations=25 (full 4):
 PSYoungGen      total 498688K, used 5655K [0x00000000d5580000, 0x00000000f6480000, 0x0000000100000000)
  eden space 457728K, 0% used [0x00000000d5580000,0x00000000d5580000,0x00000000f1480000)
  from space 40960K, 13% used [0x00000000f1480000,0x00000000f1a05db0,0x00000000f3c80000)
  to   space 40960K, 0% used [0x00000000f3c80000,0x00000000f3c80000,0x00000000f6480000)
 ParOldGen       total 157184K, used 97137K [0x0000000080000000, 0x0000000089980000, 0x00000000d5580000)
  object space 157184K, 61% used [0x0000000080000000,0x0000000085edc478,0x0000000089980000)
 Metaspace       used 114087K, capacity 120851K, committed 121112K, reserved 1155072K
  class space    used 14999K, capacity 16291K, committed 16432K, reserved 1048576K
}
Event: 10674.022 GC heap before
{Heap before GC invocations=26 (full 4):
 PSYoungGen      total 498688K, used 463383K [0x00000000d5580000, 0x00000000f6480000, 0x0000000100000000)
  eden space 457728K, 100% used [0x00000000d5580000,0x00000000f1480000,0x00000000f1480000)
  from space 40960K, 13% used [0x00000000f1480000,0x00000000f1a05db0,0x00000000f3c80000)
  to   space 40960K, 0% used [0x00000000f3c80000,0x00000000f3c80000,0x00000000f6480000)
 ParOldGen       total 157184K, used 97137K [0x0000000080000000, 0x0000000089980000, 0x00000000d5580000)
  object space 157184K, 61% used [0x0000000080000000,0x0000000085edc478,0x0000000089980000)
 Metaspace       used 114386K, capacity 121291K, committed 121624K, reserved 1155072K
  class space    used 15047K, capacity 16351K, committed 16432K, reserved 1048576K
Event: 10674.036 GC heap after
Heap after GC invocations=26 (full 4):
 PSYoungGen      total 498688K, used 14042K [0x00000000d5580000, 0x00000000f6480000, 0x0000000100000000)
  eden space 457728K, 0% used [0x00000000d5580000,0x00000000d5580000,0x00000000f1480000)
  from space 40960K, 34% used [0x00000000f3c80000,0x00000000f4a36a00,0x00000000f6480000)
  to   space 40960K, 0% used [0x00000000f1480000,0x00000000f1480000,0x00000000f3c80000)
 ParOldGen       total 157184K, used 101249K [0x0000000080000000, 0x0000000089980000, 0x00000000d5580000)
  object space 157184K, 64% used [0x0000000080000000,0x00000000862e0578,0x0000000089980000)
 Metaspace       used 114386K, capacity 121291K, committed 121624K, reserved 1155072K
  class space    used 15047K, capacity 16351K, committed 16432K, reserved 1048576K
}
Event: 10674.731 GC heap before
{Heap before GC invocations=27 (full 4):
 PSYoungGen      total 498688K, used 471770K [0x00000000d5580000, 0x00000000f6480000, 0x0000000100000000)
  eden space 457728K, 100% used [0x00000000d5580000,0x00000000f1480000,0x00000000f1480000)
  from space 40960K, 34% used [0x00000000f3c80000,0x00000000f4a36a00,0x00000000f6480000)
  to   space 40960K, 0% used [0x00000000f1480000,0x00000000f1480000,0x00000000f3c80000)
 ParOldGen       total 157184K, used 101249K [0x0000000080000000, 0x0000000089980000, 0x00000000d5580000)
  object space 157184K, 64% used [0x0000000080000000,0x00000000862e0578,0x0000000089980000)
 Metaspace       used 115084K, capacity 122049K, committed 122264K, reserved 1155072K
  class space    used 15106K, capacity 16446K, committed 16560K, reserved 1048576K
Event: 10674.743 GC heap after
Heap after GC invocations=27 (full 4):
 PSYoungGen      total 498688K, used 9027K [0x00000000d5580000, 0x00000000f6480000, 0x0000000100000000)
  eden space 457728K, 0% used [0x00000000d5580000,0x00000000d5580000,0x00000000f1480000)
  from space 40960K, 22% used [0x00000000f1480000,0x00000000f1d50d88,0x00000000f3c80000)
  to   space 40960K, 0% used [0x00000000f3c80000,0x00000000f3c80000,0x00000000f6480000)
 ParOldGen       total 157184K, used 104966K [0x0000000080000000, 0x0000000089980000, 0x00000000d5580000)
  object space 157184K, 66% used [0x0000000080000000,0x0000000086681aa8,0x0000000089980000)
 Metaspace       used 115084K, capacity 122049K, committed 122264K, reserved 1155072K
  class space    used 15106K, capacity 16446K, committed 16560K, reserved 1048576K
}
Event: 10675.853 GC heap before
{Heap before GC invocations=28 (full 4):
 PSYoungGen      total 498688K, used 466755K [0x00000000d5580000, 0x00000000f6480000, 0x0000000100000000)
  eden space 457728K, 100% used [0x00000000d5580000,0x00000000f1480000,0x00000000f1480000)
  from space 40960K, 22% used [0x00000000f1480000,0x00000000f1d50d88,0x00000000f3c80000)
  to   space 40960K, 0% used [0x00000000f3c80000,0x00000000f3c80000,0x00000000f6480000)
 ParOldGen       total 157184K, used 104966K [0x0000000080000000, 0x0000000089980000, 0x00000000d5580000)
  object space 157184K, 66% used [0x0000000080000000,0x0000000086681aa8,0x0000000089980000)
 Metaspace       used 115265K, capacity 122187K, committed 122520K, reserved 1155072K
  class space    used 15108K, capacity 16447K, committed 16560K, reserved 1048576K
Event: 10675.893 GC heap after
Heap after GC invocations=28 (full 4):
 PSYoungGen      total 498688K, used 40930K [0x00000000d5580000, 0x00000000f6480000, 0x0000000100000000)
  eden space 457728K, 0% used [0x00000000d5580000,0x00000000d5580000,0x00000000f1480000)
  from space 40960K, 99% used [0x00000000f3c80000,0x00000000f6478908,0x00000000f6480000)
  to   space 40960K, 0% used [0x00000000f1480000,0x00000000f1480000,0x00000000f3c80000)
 ParOldGen       total 157184K, used 109229K [0x0000000080000000, 0x0000000089980000, 0x00000000d5580000)
  object space 157184K, 69% used [0x0000000080000000,0x0000000086aab690,0x0000000089980000)
 Metaspace       used 115265K, capacity 122187K, committed 122520K, reserved 1155072K
  class space    used 15108K, capacity 16447K, committed 16560K, reserved 1048576K
}

Deoptimization events (10 events):
Event: 10677.103 Thread 0x0000000020d8f000 Uncommon trap: reason=class_check action=maybe_recompile pc=0x00000000036d4754 method=java.io.DataInputStream.readUnsignedShort()I @ 4
Event: 10677.103 Thread 0x0000000020d8f000 Uncommon trap: reason=class_check action=maybe_recompile pc=0x00000000036d4754 method=java.io.DataInputStream.readUnsignedShort()I @ 4
Event: 10677.113 Thread 0x0000000020d8f000 Uncommon trap: reason=unstable_if action=reinterpret pc=0x000000000375eeac method=sun.security.util.Cache$EqualByteArray.hashCode()I @ 6
Event: 10677.137 Thread 0x0000000020d8f000 Uncommon trap: reason=bimorphic action=maybe_recompile pc=0x00000000040f60d0 method=com.sun.org.apache.xerces.internal.parsers.AbstractSAXParser.startNamespaceMapping()V @ 65
Event: 10677.250 Thread 0x0000000020d8f000 Uncommon trap: reason=unstable_if action=reinterpret pc=0x00000000063570f8 method=sun.nio.ch.IOUtil.readIntoNativeBuffer(Ljava/io/FileDescriptor;Ljava/nio/ByteBuffer;JLsun/nio/ch/NativeDispatcher;)I @ 66
Event: 10677.261 Thread 0x0000000020d8f000 Uncommon trap: reason=unstable_if action=reinterpret pc=0x000000000634afa8 method=sun.nio.ch.IOUtil.readIntoNativeBuffer(Ljava/io/FileDescriptor;Ljava/nio/ByteBuffer;JLsun/nio/ch/NativeDispatcher;)I @ 66
Event: 10677.309 Thread 0x0000000020d8f000 Uncommon trap: reason=speculate_class_check action=maybe_recompile pc=0x0000000005ea1670 method=sun.nio.ch.IOUtil.writeFromNativeBuffer(Ljava/io/FileDescriptor;Ljava/nio/ByteBuffer;JLsun/nio/ch/NativeDispatcher;)I @ 100
Event: 10677.320 Thread 0x0000000020d8f000 Uncommon trap: reason=speculate_class_check action=maybe_recompile pc=0x0000000005ea1670 method=sun.nio.ch.IOUtil.writeFromNativeBuffer(Ljava/io/FileDescriptor;Ljava/nio/ByteBuffer;JLsun/nio/ch/NativeDispatcher;)I @ 100
Event: 10677.320 Thread 0x0000000020d8f000 Uncommon trap: reason=speculate_class_check action=maybe_recompile pc=0x0000000005ea1670 method=sun.nio.ch.IOUtil.writeFromNativeBuffer(Ljava/io/FileDescriptor;Ljava/nio/ByteBuffer;JLsun/nio/ch/NativeDispatcher;)I @ 100
Event: 10677.321 Thread 0x0000000020d8f000 Uncommon trap: reason=speculate_class_check action=maybe_recompile pc=0x0000000005ea1670 method=sun.nio.ch.IOUtil.writeFromNativeBuffer(Ljava/io/FileDescriptor;Ljava/nio/ByteBuffer;JLsun/nio/ch/NativeDispatcher;)I @ 100

Classes redefined (0 events):
No events

Internal exceptions (10 events):
Event: 10674.485 Thread 0x00000000286b3000 Implicit null exception at 0x0000000003b4166f to 0x0000000003b41761
Event: 10674.485 Thread 0x00000000286b2000 Implicit null exception at 0x0000000003b4166f to 0x0000000003b41761
Event: 10674.607 Thread 0x00000000286b7800 Implicit null exception at 0x000000000494310f to 0x000000000494327d
Event: 10674.660 Thread 0x00000000286b7800 Exception <a 'sun/nio/fs/WindowsException'> (0x00000000ef648bd0) thrown at [C:\src\AOSP-openjdk-git\hotspot\src\share\vm\prims\jni.cpp, line 710]
Event: 10675.476 Thread 0x000000001af17000 Exception <a 'sun/nio/fs/WindowsException'> (0x00000000ebd16a38) thrown at [C:\src\AOSP-openjdk-git\hotspot\src\share\vm\prims\jni.cpp, line 710]
Event: 10675.634 Thread 0x0000000020d87000 Exception <a 'sun/nio/fs/WindowsException'> (0x00000000ecb065a0) thrown at [C:\src\AOSP-openjdk-git\hotspot\src\share\vm\prims\jni.cpp, line 710]
Event: 10676.928 Thread 0x00000000286b6000 Exception <a 'sun/nio/fs/WindowsException'> (0x00000000e4cc77a8) thrown at [C:\src\AOSP-openjdk-git\hotspot\src\share\vm\prims\jni.cpp, line 710]
Event: 10677.068 Thread 0x000000001af17000 Exception <a 'java/lang/NoSuchMethodError': <clinit>> (0x00000000e4f76e88) thrown at [C:\src\AOSP-openjdk-git\hotspot\src\share\vm\prims\jni.cpp, line 1615]
Event: 10677.068 Thread 0x000000001af17000 Exception <a 'java/lang/NoSuchMethodError': <clinit>> (0x00000000e4f7b710) thrown at [C:\src\AOSP-openjdk-git\hotspot\src\share\vm\prims\jni.cpp, line 1615]
Event: 10677.271 Thread 0x0000000020d8f000 Exception <a 'java/lang/NoSuchMethodError': java.lang.Object.lambda$static$0(Lcom/android/apksig/util/RunnablesProvider;)V> (0x00000000e58ebe28) thrown at [C:\src\AOSP-openjdk-git\hotspot\src\share\vm\interpreter\linkResolver.cpp, line 620]

Events (10 events):
Event: 10677.503 loading class java/security/spec/PSSParameterSpec
Event: 10677.504 loading class java/security/spec/PSSParameterSpec done
Event: 10677.504 loading class java/security/spec/MGF1ParameterSpec
Event: 10677.504 loading class java/security/spec/MGF1ParameterSpec done
Event: 10677.505 loading class com/android/apksig/internal/apk/ContentDigestAlgorithm
Event: 10677.505 loading class com/android/apksig/internal/apk/ContentDigestAlgorithm done
Event: 10677.505 loading class com/android/apksig/internal/apk/ContentDigestAlgorithm
Event: 10677.505 loading class com/android/apksig/internal/apk/ContentDigestAlgorithm done
Event: 10677.505 loading class com/android/apksig/internal/apk/ApkSigningBlockUtils$ChunkDigests
Event: 10677.505 loading class com/android/apksig/internal/apk/ApkSigningBlockUtils$ChunkDigests done


Dynamic libraries:
0x00007ff623030000 - 0x00007ff623061000 	C:\Program Files\Android\Android Studio\jre\bin\java.exe
0x00007ffbd10c0000 - 0x00007ffbd12b0000 	C:\WINDOWS\SYSTEM32\ntdll.dll
0x00007ffbcf2c0000 - 0x00007ffbcf372000 	C:\WINDOWS\System32\KERNEL32.DLL
0x00007ffbcea20000 - 0x00007ffbcecc5000 	C:\WINDOWS\System32\KERNELBASE.dll
0x00007ffbcfa80000 - 0x00007ffbcfb23000 	C:\WINDOWS\System32\ADVAPI32.dll
0x00007ffbd05e0000 - 0x00007ffbd067e000 	C:\WINDOWS\System32\msvcrt.dll
0x00007ffbd0540000 - 0x00007ffbd05d7000 	C:\WINDOWS\System32\sechost.dll
0x00007ffbcfb60000 - 0x00007ffbcfc80000 	C:\WINDOWS\System32\RPCRT4.dll
0x00007ffbd0680000 - 0x00007ffbd0815000 	C:\WINDOWS\System32\USER32.dll
0x00007ffbced30000 - 0x00007ffbced51000 	C:\WINDOWS\System32\win32u.dll
0x00007ffbcfa50000 - 0x00007ffbcfa76000 	C:\WINDOWS\System32\GDI32.dll
0x00007ffbceea0000 - 0x00007ffbcf036000 	C:\WINDOWS\System32\gdi32full.dll
0x00007ffbcee00000 - 0x00007ffbcee9e000 	C:\WINDOWS\System32\msvcp_win.dll
0x00007ffbcf040000 - 0x00007ffbcf13a000 	C:\WINDOWS\System32\ucrtbase.dll
0x00007ffbb9b30000 - 0x00007ffbb9db4000 	C:\WINDOWS\WinSxS\amd64_microsoft.windows.common-controls_6595b64144ccf1df_6.0.18362.1082_none_9e8193e1e45b25c1\COMCTL32.dll
0x00007ffbcf400000 - 0x00007ffbcf735000 	C:\WINDOWS\System32\combase.dll
0x00007ffbced80000 - 0x00007ffbcee00000 	C:\WINDOWS\System32\bcryptPrimitives.dll
0x00007ffbcf740000 - 0x00007ffbcf76e000 	C:\WINDOWS\System32\IMM32.DLL
0x0000000069b50000 - 0x0000000069c22000 	C:\Program Files\Android\Android Studio\jre\jre\bin\msvcr100.dll
0x0000000069d10000 - 0x000000006a55b000 	C:\Program Files\Android\Android Studio\jre\jre\bin\server\jvm.dll
0x00007ffbcf970000 - 0x00007ffbcf978000 	C:\WINDOWS\System32\PSAPI.DLL
0x00007ffbc77b0000 - 0x00007ffbc77b9000 	C:\WINDOWS\SYSTEM32\WSOCK32.dll
0x00007ffbcfde0000 - 0x00007ffbcfe4f000 	C:\WINDOWS\System32\WS2_32.dll
0x00007ffbc7700000 - 0x00007ffbc7724000 	C:\WINDOWS\SYSTEM32\WINMM.dll
0x00007ffbc3560000 - 0x00007ffbc356a000 	C:\WINDOWS\SYSTEM32\VERSION.dll
0x00007ffbc76d0000 - 0x00007ffbc76fd000 	C:\WINDOWS\SYSTEM32\winmmbase.dll
0x00007ffbce9d0000 - 0x00007ffbcea1a000 	C:\WINDOWS\System32\cfgmgr32.dll
0x00007ffbc7530000 - 0x00007ffbc753f000 	C:\Program Files\Android\Android Studio\jre\jre\bin\verify.dll
0x00007ffbbf120000 - 0x00007ffbbf149000 	C:\Program Files\Android\Android Studio\jre\jre\bin\java.dll
0x00007ffbbf100000 - 0x00007ffbbf116000 	C:\Program Files\Android\Android Studio\jre\jre\bin\zip.dll
0x00007ffbcfe50000 - 0x00007ffbd0537000 	C:\WINDOWS\System32\SHELL32.dll
0x00007ffbd0f70000 - 0x00007ffbd1019000 	C:\WINDOWS\System32\shcore.dll
0x00007ffbce050000 - 0x00007ffbce7d0000 	C:\WINDOWS\System32\windows.storage.dll
0x00007ffbcdfe0000 - 0x00007ffbce003000 	C:\WINDOWS\System32\profapi.dll
0x00007ffbcdf90000 - 0x00007ffbcdfda000 	C:\WINDOWS\System32\powrprof.dll
0x00007ffbcdf80000 - 0x00007ffbcdf90000 	C:\WINDOWS\System32\UMPDC.dll
0x00007ffbcf980000 - 0x00007ffbcf9d2000 	C:\WINDOWS\System32\shlwapi.dll
0x00007ffbce010000 - 0x00007ffbce021000 	C:\WINDOWS\System32\kernel.appcore.dll
0x00007ffbced60000 - 0x00007ffbced77000 	C:\WINDOWS\System32\cryptsp.dll
0x00007ffbbf060000 - 0x00007ffbbf07a000 	C:\Program Files\Android\Android Studio\jre\jre\bin\net.dll
0x00007ffbcd7d0000 - 0x00007ffbcd837000 	C:\WINDOWS\system32\mswsock.dll
0x00007ffbbe880000 - 0x00007ffbbe893000 	C:\Program Files\Android\Android Studio\jre\jre\bin\nio.dll
0x00007ffbaf680000 - 0x00007ffbaf6a6000 	C:\Users\qwadi\.gradle\native\31\windows-amd64\native-platform.dll
0x00007ffbbf0f0000 - 0x00007ffbbf0fd000 	C:\Program Files\Android\Android Studio\jre\jre\bin\management.dll
0x00007ffbcd340000 - 0x00007ffbcd373000 	C:\WINDOWS\system32\rsaenh.dll
0x00007ffbcf140000 - 0x00007ffbcf166000 	C:\WINDOWS\System32\bcrypt.dll
0x00007ffbcdea0000 - 0x00007ffbcdec5000 	C:\WINDOWS\SYSTEM32\USERENV.dll
0x00007ffbcd9a0000 - 0x00007ffbcd9ac000 	C:\WINDOWS\SYSTEM32\CRYPTBASE.dll
0x00007ffbcd4e0000 - 0x00007ffbcd51a000 	C:\WINDOWS\SYSTEM32\IPHLPAPI.DLL
0x00007ffbcf170000 - 0x00007ffbcf178000 	C:\WINDOWS\System32\NSI.dll
0x00007ffbc41c0000 - 0x00007ffbc41d6000 	C:\WINDOWS\SYSTEM32\dhcpcsvc6.DLL
0x00007ffbc4650000 - 0x00007ffbc466c000 	C:\WINDOWS\SYSTEM32\dhcpcsvc.DLL
0x00007ffbcd530000 - 0x00007ffbcd5fb000 	C:\WINDOWS\SYSTEM32\DNSAPI.dll
0x00007ffbbbcc0000 - 0x00007ffbbbce4000 	C:\Program Files\Android\Android Studio\jre\jre\bin\sunec.dll
0x00007ffbc41b0000 - 0x00007ffbc41ba000 	C:\Windows\System32\rasadhlp.dll
0x00007ffbc31a0000 - 0x00007ffbc3217000 	C:\WINDOWS\System32\fwpuclnt.dll
0x00007ffbbf000000 - 0x00007ffbbf00b000 	C:\Program Files\Android\Android Studio\jre\jre\bin\sunmscapi.dll
0x00007ffbce7d0000 - 0x00007ffbce919000 	C:\WINDOWS\System32\CRYPT32.dll
0x00007ffbce030000 - 0x00007ffbce042000 	C:\WINDOWS\System32\MSASN1.dll
0x00007ffbccfc0000 - 0x00007ffbccff1000 	C:\WINDOWS\SYSTEM32\ntmarta.dll
0x00007ffbc7780000 - 0x00007ffbc779e000 	C:\Users\qwadi\AppData\Local\Temp\native-platform8648834395420096523dir\native-platform.dll

VM Arguments:
jvm_args: -Xmx2048m -Dfile.encoding=windows-1251 -Duser.country=RU -Duser.language=ru -Duser.variant 
java_command: org.gradle.launcher.daemon.bootstrap.GradleDaemon 6.1.1
java_class_path (initial): C:\Users\qwadi\.gradle\wrapper\dists\gradle-6.1.1-all\cfmwm155h49vnt3hynmlrsdst\gradle-6.1.1\lib\gradle-launcher-6.1.1.jar
Launcher Type: SUN_STANDARD

Environment Variables:
PATH=C:\WINDOWS\system32;C:\WINDOWS;C:\WINDOWS\System32\Wbem;C:\WINDOWS\System32\WindowsPowerShell\v1.0\;C:\WINDOWS\System32\OpenSSH\;C:\Program Files (x86)\NVIDIA Corporation\PhysX\Common;C:\Program Files\Git\cmd;C:\Users\qwadi\AppData\Local\Microsoft\WindowsApps;
USERNAME=qwadi
OS=Windows_NT
PROCESSOR_IDENTIFIER=Intel64 Family 6 Model 165 Stepping 2, GenuineIntel



---------------  S Y S T E M  ---------------

OS: Windows 10.0 , 64 bit Build 18362 (10.0.18362.1082)

CPU:total 8 (initial active 8) (4 cores per cpu, 2 threads per core) family 6 model 165 stepping 2, cmov, cx8, fxsr, mmx, sse, sse2, sse3, ssse3, sse4.1, sse4.2, popcnt, avx, avx2, aes, clmul, erms, 3dnowpref, lzcnt, ht, tsc, tscinvbit, bmi1, bmi2, adx

Memory: 4k page, physical 8170764k(459460k free), swap 18272712k(88k free)

vm_info: OpenJDK 64-Bit Server VM (25.242-b01) for windows-amd64 JRE (1.8.0_242-release-1644-b01), built by "builder" with MS VC++ 10.0 (VS2010)

time: Wed Oct 21 20:47:31 2020
timezone: Финляндия (лето)
elapsed time: 10677 seconds (0d 2h 57m 57s)

