#
# There is insufficient memory for the Java Runtime Environment to continue.
# Native memory allocation (malloc) failed to allocate 657136 bytes for Chunk::new
# Possible reasons:
#   The system is out of physical RAM or swap space
#   The process is running with CompressedOops enabled, and the Java Heap may be blocking the growth of the native heap
# Possible solutions:
#   Reduce memory load on the system
#   Increase physical memory or swap space
#   Check if swap backing store is full
#   Decrease Java heap size (-Xmx/-Xms)
#   Decrease number of Java threads
#   Decrease Java thread stack sizes (-Xss)
#   Set larger code cache with -XX:ReservedCodeCacheSize=
#   JVM is running with Unscaled Compressed Oops mode in which the Java heap is
#     placed in the first 4GB address space. The Java Heap base address is the
#     maximum limit for the native heap growth. Please use -XX:HeapBaseMinAddress
#     to set the Java Heap base and to place the Java Heap above 4GB virtual address.
# This output file may be truncated or incomplete.
#
#  Out of Memory Error (allocation.cpp:389), pid=3348, tid=0x0000000000002ba4
#
# JRE version: OpenJDK Runtime Environment (8.0_242-b01) (build 1.8.0_242-release-1644-b01)
# Java VM: OpenJDK 64-Bit Server VM (25.242-b01 mixed mode windows-amd64 compressed oops)
# Failed to write core dump. Minidumps are not enabled by default on client versions of Windows
#

---------------  T H R E A D  ---------------

Current thread (0x0000000019ef8800):  JavaThread "C2 CompilerThread2" daemon [_thread_in_native, id=11172, stack(0x000000001a9b0000,0x000000001aab0000)]

Stack: [0x000000001a9b0000,0x000000001aab0000]
[error occurred during error reporting (printing stack bounds), id 0xc0000005]

Native frames: (J=compiled Java code, j=interpreted, Vv=VM code, C=native code)


Current CompileTask:
C2: 275091 14440   !   4       org.gradle.cache.internal.DefaultCacheAccess::useCache (191 bytes)


---------------  P R O C E S S  ---------------

Java Threads: ( => current thread )
  0x000000001f9ad800 JavaThread "Cache worker for file content cache (E:\Pokedex\.gradle\6.1.1\fileContent)" [_thread_blocked, id=19896, stack(0x0000000026b50000,0x0000000026c50000)]
  0x000000001f9af000 JavaThread "Cache worker for Build Output Cleanup Cache (E:\Pokedex\.gradle\buildOutputCleanup)" [_thread_blocked, id=3388, stack(0x0000000026060000,0x0000000026160000)]
  0x000000001facc000 JavaThread "Build operations Thread 8" [_thread_blocked, id=20256, stack(0x0000000025360000,0x0000000025460000)]
  0x000000001facb000 JavaThread "Build operations Thread 7" [_thread_blocked, id=22016, stack(0x0000000024bb0000,0x0000000024cb0000)]
  0x000000001faca800 JavaThread "Build operations Thread 6" [_thread_blocked, id=17452, stack(0x0000000024ab0000,0x0000000024bb0000)]
  0x000000001fac9000 JavaThread "Build operations Thread 5" [_thread_blocked, id=20536, stack(0x00000000249b0000,0x0000000024ab0000)]
  0x000000001fac3000 JavaThread "Build operations Thread 4" [_thread_blocked, id=16120, stack(0x00000000248b0000,0x00000000249b0000)]
  0x000000001fac8000 JavaThread "Build operations Thread 3" [_thread_blocked, id=21512, stack(0x00000000247b0000,0x00000000248b0000)]
  0x000000001fac6800 JavaThread "Build operations Thread 2" [_thread_blocked, id=11120, stack(0x0000000024210000,0x0000000024310000)]
  0x000000001fac9800 JavaThread "Build operations" [_thread_blocked, id=18496, stack(0x00000000223b0000,0x00000000224b0000)]
  0x000000001fac0800 JavaThread "Cache worker for cache directory md-rule (C:\Users\qwadi\.gradle\caches\6.1.1\md-rule)" [_thread_blocked, id=11288, stack(0x0000000021280000,0x0000000021380000)]
  0x000000001fac2000 JavaThread "Cache worker for cache directory md-supplier (C:\Users\qwadi\.gradle\caches\6.1.1\md-supplier)" [_thread_blocked, id=21684, stack(0x0000000021180000,0x0000000021280000)]
  0x000000001fabe800 JavaThread "Cache worker for file hash cache (E:\Pokedex\.gradle\6.1.1\fileHashes)" [_thread_blocked, id=19312, stack(0x0000000021080000,0x0000000021180000)]
  0x000000001fac5000 JavaThread "Cache worker for checksums cache (E:\Pokedex\.gradle\checksums)" [_thread_blocked, id=15964, stack(0x000000001e6e0000,0x000000001e7e0000)]
  0x000000001fac1800 JavaThread "Thread-183" [_thread_blocked, id=10252, stack(0x000000001e3e0000,0x000000001e4e0000)]
  0x000000001fac4800 JavaThread "Stdin handler" [_thread_blocked, id=11248, stack(0x000000001e2e0000,0x000000001e3e0000)]
  0x000000001fabf000 JavaThread "Asynchronous log dispatcher for DefaultDaemonConnection: socket connection from /127.0.0.1:60565 to /127.0.0.1:60894" [_thread_blocked, id=15796, stack(0x000000001dfe0000,0x000000001e0e0000)]
  0x000000001fabd800 JavaThread "Cancel handler" [_thread_blocked, id=21072, stack(0x0000000001420000,0x0000000001520000)]
  0x000000001fac0000 JavaThread "Handler for socket connection from /127.0.0.1:60565 to /127.0.0.1:60894" [_thread_in_native, id=20584, stack(0x00000000012e0000,0x00000000013e0000)]
  0x000000001f9b5000 JavaThread "Daemon worker Thread 3" [_thread_in_native, id=10816, stack(0x000000001dee0000,0x000000001dfe0000)]
  0x000000001f9b1800 JavaThread "Daemon Thread 3" [_thread_blocked, id=22240, stack(0x00000000011e0000,0x00000000012e0000)]
  0x000000001c9aa800 JavaThread "RMI Reaper" [_thread_blocked, id=14816, stack(0x0000000029470000,0x0000000029570000)]
  0x000000001c9ae000 JavaThread "RMI TCP Accept-0" daemon [_thread_in_native, id=17220, stack(0x0000000029370000,0x0000000029470000)]
  0x000000001c9a9800 JavaThread "GC Daemon" daemon [_thread_blocked, id=8168, stack(0x0000000029270000,0x0000000029370000)]
  0x00000000217e9000 JavaThread "RMI Scheduler(0)" daemon [_thread_blocked, id=16204, stack(0x0000000028d40000,0x0000000028e40000)]
  0x00000000217e7800 JavaThread "Cache worker for file content cache (C:\Users\qwadi\.gradle\caches\6.1.1\fileContent)" [_thread_blocked, id=10856, stack(0x0000000025f60000,0x0000000026060000)]
  0x00000000217e1800 JavaThread "Memory manager" [_thread_blocked, id=22048, stack(0x0000000025e60000,0x0000000025f60000)]
  0x000000001c9ad800 JavaThread "Cache worker for execution history cache (C:\Users\qwadi\.gradle\caches\6.1.1\executionHistory)" [_thread_blocked, id=22288, stack(0x00000000224b0000,0x00000000225b0000)]
  0x000000001c9a9000 JavaThread "Cache worker for file hash cache (C:\Users\qwadi\.gradle\caches\6.1.1\fileHashes)" [_thread_blocked, id=18072, stack(0x000000001ebe0000,0x000000001ece0000)]
  0x000000001c9ac800 JavaThread "File lock request listener" [_thread_in_native, id=6892, stack(0x000000001eae0000,0x000000001ebe0000)]
  0x000000001c9a6000 JavaThread "Cache worker for journal cache (C:\Users\qwadi\.gradle\caches\journal-1)" [_thread_blocked, id=15040, stack(0x000000001e9e0000,0x000000001eae0000)]
  0x000000001c849000 JavaThread "Daemon periodic checks" [_thread_blocked, id=19776, stack(0x000000001dde0000,0x000000001dee0000)]
  0x000000001c848000 JavaThread "Incoming local TCP Connector on port 60565" [_thread_in_native, id=4024, stack(0x000000001db90000,0x000000001dc90000)]
  0x000000001c778800 JavaThread "Daemon health stats" [_thread_blocked, id=22388, stack(0x000000001d550000,0x000000001d650000)]
  0x0000000019f7f800 JavaThread "Service Thread" daemon [_thread_blocked, id=20368, stack(0x000000001abb0000,0x000000001acb0000)]
  0x0000000019efc800 JavaThread "C1 CompilerThread3" daemon [_thread_blocked, id=7680, stack(0x000000001aab0000,0x000000001abb0000)]
=>0x0000000019ef8800 JavaThread "C2 CompilerThread2" daemon [_thread_in_native, id=11172, stack(0x000000001a9b0000,0x000000001aab0000)]
  0x00000000180ec800 JavaThread "C2 CompilerThread1" daemon [_thread_in_native, id=18840, stack(0x000000001a8b0000,0x000000001a9b0000)]
  0x0000000019ee6000 JavaThread "C2 CompilerThread0" daemon [_thread_in_native, id=20100, stack(0x000000001a7b0000,0x000000001a8b0000)]
  0x0000000019ee5800 JavaThread "Attach Listener" daemon [_thread_blocked, id=12020, stack(0x000000001a6b0000,0x000000001a7b0000)]
  0x0000000019ee2000 JavaThread "Signal Dispatcher" daemon [_thread_blocked, id=22148, stack(0x000000001a5b0000,0x000000001a6b0000)]
  0x000000000306e000 JavaThread "Finalizer" daemon [_thread_blocked, id=11476, stack(0x000000001a3b0000,0x000000001a4b0000)]
  0x00000000180dc000 JavaThread "Reference Handler" daemon [_thread_blocked, id=6912, stack(0x000000001a2b0000,0x000000001a3b0000)]
  0x0000000002f6d800 JavaThread "main" [_thread_blocked, id=9444, stack(0x0000000002e20000,0x0000000002f20000)]

Other Threads:
  0x00000000180d7800 VMThread [stack: 0x0000000019db0000,0x0000000019eb0000] [id=14844]
  0x0000000019f80000 WatcherThread [stack: 0x000000001acb0000,0x000000001adb0000] [id=20752]

VM state:not at safepoint (normal execution)

VM Mutex/Monitor currently owned by a thread:  ([mutex/lock_event])
[0x0000000002f6bfb0] CodeCache_lock - owner thread: 0x0000000000000000

heap address: 0x0000000080000000, size: 2048 MB, Compressed Oops mode: 32-bit
Narrow klass base: 0x0000000000000000, Narrow klass shift: 3
Compressed class space size: 1073741824 Address: 0x0000000100000000

Heap:
 PSYoungGen      total 384512K, used 128569K [0x00000000d5580000, 0x00000000f2080000, 0x0000000100000000)
  eden space 355328K, 33% used [0x00000000d5580000,0x00000000dc8b7950,0x00000000eb080000)
  from space 29184K, 36% used [0x00000000eb080000,0x00000000ebad6ad0,0x00000000ecd00000)
  to   space 28160K, 0% used [0x00000000f0500000,0x00000000f0500000,0x00000000f2080000)
 ParOldGen       total 117760K, used 49593K [0x0000000080000000, 0x0000000087300000, 0x00000000d5580000)
  object space 117760K, 42% used [0x0000000080000000,0x000000008306e400,0x0000000087300000)
 Metaspace       used 88400K, capacity 93778K, committed 93848K, reserved 1130496K
  class space    used 11987K, capacity 12926K, committed 12976K, reserved 1048576K

Card table byte_map: [0x0000000012430000,0x0000000012840000] byte_map_base: 0x0000000012030000

Marking Bits: (ParMarkBitMap*) 0x0000000057def030
 Begin Bits: [0x00000000132f0000, 0x00000000152f0000)
 End Bits:   [0x00000000152f0000, 0x00000000172f0000)

Polling page: 0x00000000010d0000

CodeCache: size=245760Kb used=38506Kb max_used=38510Kb free=207253Kb
 bounds [0x0000000003070000, 0x0000000005640000, 0x0000000012070000]
 total_blobs=13039 nmethods=12142 adapters=806
 compilation: enabled

Compilation events (10 events):
Event: 275.077 Thread 0x0000000019efc800 nmethod 14477 0x0000000005632b50 code [0x0000000005632dc0, 0x0000000005633e38]
Event: 275.080 Thread 0x0000000019efc800 14478       1       com.android.build.gradle.internal.SdkComponents::access$getSdkLoadStrategy$p (5 bytes)
Event: 275.080 Thread 0x0000000019efc800 nmethod 14478 0x0000000005621350 code [0x00000000056214a0, 0x0000000005621590]
Event: 275.080 Thread 0x0000000019efc800 14479       3       com.android.build.gradle.internal.SdkDirectLoadingStrategy::getComponents (22 bytes)
Event: 275.080 Thread 0x0000000019efc800 nmethod 14479 0x00000000056325d0 code [0x0000000005632740, 0x0000000005632a48]
Event: 275.080 Thread 0x0000000019efc800 14480       1       com.android.build.gradle.internal.SdkDirectLoadingStrategy$DirectLoadComponents::getPlatform$gradle (5 bytes)
Event: 275.080 Thread 0x0000000019efc800 nmethod 14480 0x0000000005632310 code [0x0000000005632460, 0x0000000005632570]
Event: 275.081 Thread 0x0000000019ee6000 nmethod 14468 0x0000000005639a10 code [0x0000000005639c80, 0x000000000563b680]
Event: 275.087 Thread 0x0000000019efc800 14481       1       java.util.Collections$SingletonMap::size (2 bytes)
Event: 275.087 Thread 0x0000000019efc800 nmethod 14481 0x0000000005631fd0 code [0x0000000005632120, 0x0000000005632230]

GC Heap History (10 events):
Event: 6.936 GC heap before
{Heap before GC invocations=12 (full 2):
 PSYoungGen      total 239104K, used 76067K [0x00000000d5580000, 0x00000000ea200000, 0x0000000100000000)
  eden space 224256K, 27% used [0x00000000d5580000,0x00000000d914d8f0,0x00000000e3080000)
  from space 14848K, 99% used [0x00000000e3080000,0x00000000e3efb4d8,0x00000000e3f00000)
  to   space 21504K, 0% used [0x00000000e8d00000,0x00000000e8d00000,0x00000000ea200000)
 ParOldGen       total 78336K, used 26915K [0x0000000080000000, 0x0000000084c80000, 0x00000000d5580000)
  object space 78336K, 34% used [0x0000000080000000,0x0000000081a48dc0,0x0000000084c80000)
 Metaspace       used 57038K, capacity 59138K, committed 59160K, reserved 1099776K
  class space    used 7741K, capacity 8234K, committed 8240K, reserved 1048576K
Event: 6.946 GC heap after
Heap after GC invocations=12 (full 2):
 PSYoungGen      total 316416K, used 20248K [0x00000000d5580000, 0x00000000ea600000, 0x0000000100000000)
  eden space 294912K, 0% used [0x00000000d5580000,0x00000000d5580000,0x00000000e7580000)
  from space 21504K, 94% used [0x00000000e8d00000,0x00000000ea0c61d0,0x00000000ea200000)
  to   space 24064K, 0% used [0x00000000e7580000,0x00000000e7580000,0x00000000e8d00000)
 ParOldGen       total 78336K, used 26923K [0x0000000080000000, 0x0000000084c80000, 0x00000000d5580000)
  object space 78336K, 34% used [0x0000000080000000,0x0000000081a4adc0,0x0000000084c80000)
 Metaspace       used 57038K, capacity 59138K, committed 59160K, reserved 1099776K
  class space    used 7741K, capacity 8234K, committed 8240K, reserved 1048576K
}
Event: 6.946 GC heap before
{Heap before GC invocations=13 (full 3):
 PSYoungGen      total 316416K, used 20248K [0x00000000d5580000, 0x00000000ea600000, 0x0000000100000000)
  eden space 294912K, 0% used [0x00000000d5580000,0x00000000d5580000,0x00000000e7580000)
  from space 21504K, 94% used [0x00000000e8d00000,0x00000000ea0c61d0,0x00000000ea200000)
  to   space 24064K, 0% used [0x00000000e7580000,0x00000000e7580000,0x00000000e8d00000)
 ParOldGen       total 78336K, used 26923K [0x0000000080000000, 0x0000000084c80000, 0x00000000d5580000)
  object space 78336K, 34% used [0x0000000080000000,0x0000000081a4adc0,0x0000000084c80000)
 Metaspace       used 57038K, capacity 59138K, committed 59160K, reserved 1099776K
  class space    used 7741K, capacity 8234K, committed 8240K, reserved 1048576K
Event: 7.085 GC heap after
Heap after GC invocations=13 (full 3):
 PSYoungGen      total 316416K, used 0K [0x00000000d5580000, 0x00000000ea600000, 0x0000000100000000)
  eden space 294912K, 0% used [0x00000000d5580000,0x00000000d5580000,0x00000000e7580000)
  from space 21504K, 0% used [0x00000000e8d00000,0x00000000e8d00000,0x00000000ea200000)
  to   space 24064K, 0% used [0x00000000e7580000,0x00000000e7580000,0x00000000e8d00000)
 ParOldGen       total 117760K, used 32732K [0x0000000080000000, 0x0000000087300000, 0x00000000d5580000)
  object space 117760K, 27% used [0x0000000080000000,0x0000000081ff7290,0x0000000087300000)
 Metaspace       used 57029K, capacity 59108K, committed 59160K, reserved 1099776K
  class space    used 7738K, capacity 8229K, committed 8240K, reserved 1048576K
}
Event: 8.809 GC heap before
{Heap before GC invocations=14 (full 3):
 PSYoungGen      total 316416K, used 294912K [0x00000000d5580000, 0x00000000ea600000, 0x0000000100000000)
  eden space 294912K, 100% used [0x00000000d5580000,0x00000000e7580000,0x00000000e7580000)
  from space 21504K, 0% used [0x00000000e8d00000,0x00000000e8d00000,0x00000000ea200000)
  to   space 24064K, 0% used [0x00000000e7580000,0x00000000e7580000,0x00000000e8d00000)
 ParOldGen       total 117760K, used 32732K [0x0000000080000000, 0x0000000087300000, 0x00000000d5580000)
  object space 117760K, 27% used [0x0000000080000000,0x0000000081ff7290,0x0000000087300000)
 Metaspace       used 69086K, capacity 72490K, committed 72600K, reserved 1112064K
  class space    used 9489K, capacity 10128K, committed 10160K, reserved 1048576K
Event: 8.823 GC heap after
Heap after GC invocations=14 (full 3):
 PSYoungGen      total 318976K, used 24035K [0x00000000d5580000, 0x00000000ef200000, 0x0000000100000000)
  eden space 294912K, 0% used [0x00000000d5580000,0x00000000d5580000,0x00000000e7580000)
  from space 24064K, 99% used [0x00000000e7580000,0x00000000e8cf8f60,0x00000000e8d00000)
  to   space 28160K, 0% used [0x00000000ed680000,0x00000000ed680000,0x00000000ef200000)
 ParOldGen       total 117760K, used 34593K [0x0000000080000000, 0x0000000087300000, 0x00000000d5580000)
  object space 117760K, 29% used [0x0000000080000000,0x00000000821c84a8,0x0000000087300000)
 Metaspace       used 69086K, capacity 72490K, committed 72600K, reserved 1112064K
  class space    used 9489K, capacity 10128K, committed 10160K, reserved 1048576K
}
Event: 105.998 GC heap before
{Heap before GC invocations=15 (full 3):
 PSYoungGen      total 318976K, used 318947K [0x00000000d5580000, 0x00000000ef200000, 0x0000000100000000)
  eden space 294912K, 100% used [0x00000000d5580000,0x00000000e7580000,0x00000000e7580000)
  from space 24064K, 99% used [0x00000000e7580000,0x00000000e8cf8f60,0x00000000e8d00000)
  to   space 28160K, 0% used [0x00000000ed680000,0x00000000ed680000,0x00000000ef200000)
 ParOldGen       total 117760K, used 34593K [0x0000000080000000, 0x0000000087300000, 0x00000000d5580000)
  object space 117760K, 29% used [0x0000000080000000,0x00000000821c84a8,0x0000000087300000)
 Metaspace       used 86725K, capacity 91382K, committed 91672K, reserved 1128448K
  class space    used 11881K, capacity 12736K, committed 12848K, reserved 1048576K
Event: 106.034 GC heap after
Heap after GC invocations=15 (full 3):
 PSYoungGen      total 374272K, used 18961K [0x00000000d5580000, 0x00000000ee980000, 0x0000000100000000)
  eden space 354816K, 0% used [0x00000000d5580000,0x00000000d5580000,0x00000000eb000000)
  from space 19456K, 97% used [0x00000000ed680000,0x00000000ee904470,0x00000000ee980000)
  to   space 29184K, 0% used [0x00000000eb080000,0x00000000eb080000,0x00000000ecd00000)
 ParOldGen       total 117760K, used 49585K [0x0000000080000000, 0x0000000087300000, 0x00000000d5580000)
  object space 117760K, 42% used [0x0000000080000000,0x000000008306c400,0x0000000087300000)
 Metaspace       used 86725K, capacity 91382K, committed 91672K, reserved 1128448K
  class space    used 11881K, capacity 12736K, committed 12848K, reserved 1048576K
}
Event: 244.362 GC heap before
{Heap before GC invocations=16 (full 3):
 PSYoungGen      total 374272K, used 373777K [0x00000000d5580000, 0x00000000ee980000, 0x0000000100000000)
  eden space 354816K, 100% used [0x00000000d5580000,0x00000000eb000000,0x00000000eb000000)
  from space 19456K, 97% used [0x00000000ed680000,0x00000000ee904470,0x00000000ee980000)
  to   space 29184K, 0% used [0x00000000eb080000,0x00000000eb080000,0x00000000ecd00000)
 ParOldGen       total 117760K, used 49585K [0x0000000080000000, 0x0000000087300000, 0x00000000d5580000)
  object space 117760K, 42% used [0x0000000080000000,0x000000008306c400,0x0000000087300000)
 Metaspace       used 88103K, capacity 93316K, committed 93592K, reserved 1130496K
  class space    used 11969K, capacity 12893K, committed 12976K, reserved 1048576K
Event: 244.372 GC heap after
Heap after GC invocations=16 (full 3):
 PSYoungGen      total 384512K, used 10586K [0x00000000d5580000, 0x00000000f2080000, 0x0000000100000000)
  eden space 355328K, 0% used [0x00000000d5580000,0x00000000d5580000,0x00000000eb080000)
  from space 29184K, 36% used [0x00000000eb080000,0x00000000ebad6ad0,0x00000000ecd00000)
  to   space 28160K, 0% used [0x00000000f0500000,0x00000000f0500000,0x00000000f2080000)
 ParOldGen       total 117760K, used 49593K [0x0000000080000000, 0x0000000087300000, 0x00000000d5580000)
  object space 117760K, 42% used [0x0000000080000000,0x000000008306e400,0x0000000087300000)
 Metaspace       used 88103K, capacity 93316K, committed 93592K, reserved 1130496K
  class space    used 11969K, capacity 12893K, committed 12976K, reserved 1048576K
}

Deoptimization events (10 events):
Event: 161.487 Thread 0x000000001f9b6800 Uncommon trap: reason=unstable_if action=reinterpret pc=0x00000000052949b4 method=java.util.concurrent.ArrayBlockingQueue.enqueue(Ljava/lang/Object;)V @ 25
Event: 161.487 Thread 0x000000001c9a6000 Uncommon trap: reason=unstable_if action=reinterpret pc=0x00000000052759f4 method=java.util.concurrent.ArrayBlockingQueue.dequeue()Ljava/lang/Object; @ 32
Event: 161.493 Thread 0x000000001f9b9800 Uncommon trap: reason=unstable_if action=reinterpret pc=0x0000000004936574 method=java.util.concurrent.locks.AbstractQueuedSynchronizer.unparkSuccessor(Ljava/util/concurrent/locks/AbstractQueuedSynchronizer$Node;)V @ 22
Event: 161.566 Thread 0x000000001fabd800 Uncommon trap: reason=unstable_if action=reinterpret pc=0x00000000049fd0f0 method=com.esotericsoftware.kryo.io.Output.writeVarLong(JZ)I @ 55
Event: 161.567 Thread 0x000000001f9b6000 Uncommon trap: reason=class_check action=maybe_recompile pc=0x000000000392f0f4 method=org.gradle.internal.snapshot.SnapshotUtil.getMetadataFromChildren(Ljava/util/List;Lorg/gradle/internal/snapshot/VfsRelativePath;Lorg/gradle/internal/snapshot/CaseSensiti
Event: 244.422 Thread 0x000000001f9b5000 Uncommon trap: reason=bimorphic action=maybe_recompile pc=0x000000000546dd14 method=java.util.AbstractCollection.remove(Ljava/lang/Object;)Z @ 1
Event: 244.422 Thread 0x000000001f9b5000 Uncommon trap: reason=bimorphic action=maybe_recompile pc=0x000000000546dd14 method=java.util.AbstractCollection.remove(Ljava/lang/Object;)Z @ 1
Event: 244.422 Thread 0x000000001f9b5000 Uncommon trap: reason=bimorphic action=maybe_recompile pc=0x000000000546dd14 method=java.util.AbstractCollection.remove(Ljava/lang/Object;)Z @ 1
Event: 244.422 Thread 0x000000001f9b5000 Uncommon trap: reason=bimorphic action=maybe_recompile pc=0x000000000546dd14 method=java.util.AbstractCollection.remove(Ljava/lang/Object;)Z @ 1
Event: 244.544 Thread 0x000000001f9b5000 Uncommon trap: reason=class_check action=maybe_recompile pc=0x000000000392f0f4 method=org.gradle.internal.snapshot.SnapshotUtil.getMetadataFromChildren(Ljava/util/List;Lorg/gradle/internal/snapshot/VfsRelativePath;Lorg/gradle/internal/snapshot/CaseSensiti

Classes redefined (0 events):
No events

Internal exceptions (10 events):
Event: 244.579 Thread 0x000000001fac1800 Exception <a 'sun/nio/fs/WindowsException'> (0x00000000d878b318) thrown at [C:\src\AOSP-openjdk-git\hotspot\src\share\vm\prims\jni.cpp, line 710]
Event: 244.579 Thread 0x000000001fac1800 Exception <a 'sun/nio/fs/WindowsException'> (0x00000000d878bf40) thrown at [C:\src\AOSP-openjdk-git\hotspot\src\share\vm\prims\jni.cpp, line 710]
Event: 244.579 Thread 0x000000001fac1800 Exception <a 'sun/nio/fs/WindowsException'> (0x00000000d878cbe0) thrown at [C:\src\AOSP-openjdk-git\hotspot\src\share\vm\prims\jni.cpp, line 710]
Event: 244.579 Thread 0x000000001fac1800 Exception <a 'sun/nio/fs/WindowsException'> (0x00000000d878e848) thrown at [C:\src\AOSP-openjdk-git\hotspot\src\share\vm\prims\jni.cpp, line 710]
Event: 244.579 Thread 0x000000001fac1800 Exception <a 'sun/nio/fs/WindowsException'> (0x00000000d878f470) thrown at [C:\src\AOSP-openjdk-git\hotspot\src\share\vm\prims\jni.cpp, line 710]
Event: 244.579 Thread 0x000000001fac1800 Exception <a 'sun/nio/fs/WindowsException'> (0x00000000d8790110) thrown at [C:\src\AOSP-openjdk-git\hotspot\src\share\vm\prims\jni.cpp, line 710]
Event: 244.588 Thread 0x000000001fac1800 Exception <a 'sun/nio/fs/WindowsException'> (0x00000000d880cc40) thrown at [C:\src\AOSP-openjdk-git\hotspot\src\share\vm\prims\jni.cpp, line 710]
Event: 244.588 Thread 0x000000001fac1800 Exception <a 'sun/nio/fs/WindowsException'> (0x00000000d880d868) thrown at [C:\src\AOSP-openjdk-git\hotspot\src\share\vm\prims\jni.cpp, line 710]
Event: 244.588 Thread 0x000000001fac1800 Exception <a 'sun/nio/fs/WindowsException'> (0x00000000d880e500) thrown at [C:\src\AOSP-openjdk-git\hotspot\src\share\vm\prims\jni.cpp, line 710]
Event: 244.705 Thread 0x000000001f9b5000 Exception <a 'sun/nio/fs/WindowsException'> (0x00000000d9cc20c8) thrown at [C:\src\AOSP-openjdk-git\hotspot\src\share\vm\prims\jni.cpp, line 710]

Events (10 events):
Event: 274.654 Executing VM operation: RevokeBias
Event: 274.654 Executing VM operation: RevokeBias done
Event: 274.728 Thread 0x000000001f9af000 Thread added: 0x000000001f9af000
Event: 274.754 Thread 0x000000001f9b5000 DEOPT PACKING pc=0x0000000003fe458b sp=0x000000001dfd94d0
Event: 274.754 Thread 0x000000001f9b5000 DEOPT UNPACKING pc=0x00000000030b75d0 sp=0x000000001dfd91e8 mode 0
Event: 274.812 Thread 0x000000001f9b5000 DEOPT PACKING pc=0x00000000032f11ce sp=0x000000001dfdaf10
Event: 274.812 Thread 0x000000001f9b5000 DEOPT UNPACKING pc=0x00000000030b75d0 sp=0x000000001dfdabc0 mode 0
Event: 274.904 Thread 0x000000001f9ad800 Thread added: 0x000000001f9ad800
Event: 274.958 Executing VM operation: BulkRevokeBias
Event: 274.959 Executing VM operation: BulkRevokeBias done


Dynamic libraries:
0x00007ff77fdf0000 - 0x00007ff77fe21000 	C:\Program Files\Android\Android Studio\jre\bin\java.exe
0x00007ffbb1380000 - 0x00007ffbb1570000 	C:\WINDOWS\SYSTEM32\ntdll.dll
0x00007ffbb0b30000 - 0x00007ffbb0be2000 	C:\WINDOWS\System32\KERNEL32.DLL
0x00007ffbaeed0000 - 0x00007ffbaf175000 	C:\WINDOWS\System32\KERNELBASE.dll
0x00007ffbb0a80000 - 0x00007ffbb0b23000 	C:\WINDOWS\System32\ADVAPI32.dll
0x00007ffbb0ea0000 - 0x00007ffbb0f3e000 	C:\WINDOWS\System32\msvcrt.dll
0x00007ffbb0120000 - 0x00007ffbb01b7000 	C:\WINDOWS\System32\sechost.dll
0x00007ffbaf430000 - 0x00007ffbaf550000 	C:\WINDOWS\System32\RPCRT4.dll
0x00007ffbafdf0000 - 0x00007ffbaff85000 	C:\WINDOWS\System32\USER32.dll
0x00007ffbaec40000 - 0x00007ffbaec61000 	C:\WINDOWS\System32\win32u.dll
0x00007ffbb06b0000 - 0x00007ffbb06d6000 	C:\WINDOWS\System32\GDI32.dll
0x00007ffbaec70000 - 0x00007ffbaee06000 	C:\WINDOWS\System32\gdi32full.dll
0x00007ffbaee30000 - 0x00007ffbaeece000 	C:\WINDOWS\System32\msvcp_win.dll
0x00007ffbae3c0000 - 0x00007ffbae4ba000 	C:\WINDOWS\System32\ucrtbase.dll
0x00007ffb9ba50000 - 0x00007ffb9bcd4000 	C:\WINDOWS\WinSxS\amd64_microsoft.windows.common-controls_6595b64144ccf1df_6.0.18362.1082_none_9e8193e1e45b25c1\COMCTL32.dll
0x00007ffbb06e0000 - 0x00007ffbb0a15000 	C:\WINDOWS\System32\combase.dll
0x00007ffbae310000 - 0x00007ffbae390000 	C:\WINDOWS\System32\bcryptPrimitives.dll
0x00007ffbb0c00000 - 0x00007ffbb0c2e000 	C:\WINDOWS\System32\IMM32.DLL
0x0000000057430000 - 0x0000000057502000 	C:\Program Files\Android\Android Studio\jre\jre\bin\msvcr100.dll
0x0000000057620000 - 0x0000000057e6b000 	C:\Program Files\Android\Android Studio\jre\jre\bin\server\jvm.dll
0x00007ffbb0040000 - 0x00007ffbb0048000 	C:\WINDOWS\System32\PSAPI.DLL
0x00007ffba5e00000 - 0x00007ffba5e0a000 	C:\WINDOWS\SYSTEM32\VERSION.dll
0x00007ffba5c70000 - 0x00007ffba5c79000 	C:\WINDOWS\SYSTEM32\WSOCK32.dll
0x00007ffba1160000 - 0x00007ffba1184000 	C:\WINDOWS\SYSTEM32\WINMM.dll
0x00007ffbb12c0000 - 0x00007ffbb132f000 	C:\WINDOWS\System32\WS2_32.dll
0x00007ffba1130000 - 0x00007ffba115d000 	C:\WINDOWS\SYSTEM32\WINMMBASE.dll
0x00007ffbaf1e0000 - 0x00007ffbaf22a000 	C:\WINDOWS\System32\cfgmgr32.dll
0x00007ffba52b0000 - 0x00007ffba52bf000 	C:\Program Files\Android\Android Studio\jre\jre\bin\verify.dll
0x00007ffba48b0000 - 0x00007ffba48d9000 	C:\Program Files\Android\Android Studio\jre\jre\bin\java.dll
0x00007ffba5070000 - 0x00007ffba5086000 	C:\Program Files\Android\Android Studio\jre\jre\bin\zip.dll
0x00007ffbaf700000 - 0x00007ffbafde7000 	C:\WINDOWS\System32\SHELL32.dll
0x00007ffbb0c90000 - 0x00007ffbb0d39000 	C:\WINDOWS\System32\shcore.dll
0x00007ffbae4c0000 - 0x00007ffbaec40000 	C:\WINDOWS\System32\windows.storage.dll
0x00007ffbae250000 - 0x00007ffbae273000 	C:\WINDOWS\System32\profapi.dll
0x00007ffbae2a0000 - 0x00007ffbae2ea000 	C:\WINDOWS\System32\powrprof.dll
0x00007ffbae240000 - 0x00007ffbae250000 	C:\WINDOWS\System32\UMPDC.dll
0x00007ffbb0a20000 - 0x00007ffbb0a72000 	C:\WINDOWS\System32\shlwapi.dll
0x00007ffbae280000 - 0x00007ffbae291000 	C:\WINDOWS\System32\kernel.appcore.dll
0x00007ffbaee10000 - 0x00007ffbaee27000 	C:\WINDOWS\System32\cryptsp.dll
0x00007ffba4c70000 - 0x00007ffba4c8a000 	C:\Program Files\Android\Android Studio\jre\jre\bin\net.dll
0x00007ffbada90000 - 0x00007ffbadaf7000 	C:\WINDOWS\system32\mswsock.dll
0x00007ffba3490000 - 0x00007ffba34a3000 	C:\Program Files\Android\Android Studio\jre\jre\bin\nio.dll
0x00007ffb898a0000 - 0x00007ffb898c6000 	C:\Users\qwadi\.gradle\native\31\windows-amd64\native-platform.dll
0x00007ffba4d80000 - 0x00007ffba4d8d000 	C:\Program Files\Android\Android Studio\jre\jre\bin\management.dll
0x00007ffbad600000 - 0x00007ffbad633000 	C:\WINDOWS\system32\rsaenh.dll
0x00007ffbae390000 - 0x00007ffbae3b6000 	C:\WINDOWS\System32\bcrypt.dll
0x00007ffbae160000 - 0x00007ffbae185000 	C:\WINDOWS\SYSTEM32\USERENV.dll
0x00007ffbadc60000 - 0x00007ffbadc6c000 	C:\WINDOWS\SYSTEM32\CRYPTBASE.dll
0x00007ffbad7a0000 - 0x00007ffbad7da000 	C:\WINDOWS\SYSTEM32\IPHLPAPI.DLL
0x00007ffbb1330000 - 0x00007ffbb1338000 	C:\WINDOWS\System32\NSI.dll
0x00007ffba5520000 - 0x00007ffba5536000 	C:\WINDOWS\SYSTEM32\dhcpcsvc6.DLL
0x00007ffba5830000 - 0x00007ffba584c000 	C:\WINDOWS\SYSTEM32\dhcpcsvc.DLL
0x00007ffbad7e0000 - 0x00007ffbad8ab000 	C:\WINDOWS\SYSTEM32\DNSAPI.dll
0x00007ffb98950000 - 0x00007ffb9896e000 	C:\Users\qwadi\AppData\Local\Temp\native-platform55484877920979740dir\native-platform.dll

VM Arguments:
jvm_args: -Xmx2048m -Dfile.encoding=windows-1251 -Duser.country=RU -Duser.language=ru -Duser.variant 
java_command: org.gradle.launcher.daemon.bootstrap.GradleDaemon 6.1.1
java_class_path (initial): C:\Users\qwadi\.gradle\wrapper\dists\gradle-6.1.1-all\cfmwm155h49vnt3hynmlrsdst\gradle-6.1.1\lib\gradle-launcher-6.1.1.jar
Launcher Type: SUN_STANDARD

Environment Variables:
PATH=C:\WINDOWS\system32;C:\WINDOWS;C:\WINDOWS\System32\Wbem;C:\WINDOWS\System32\WindowsPowerShell\v1.0\;C:\WINDOWS\System32\OpenSSH\;C:\Program Files (x86)\NVIDIA Corporation\PhysX\Common;C:\Program Files\Git\cmd;C:\Users\qwadi\AppData\Local\Microsoft\WindowsApps;
USERNAME=qwadi
OS=Windows_NT
PROCESSOR_IDENTIFIER=Intel64 Family 6 Model 165 Stepping 2, GenuineIntel



---------------  S Y S T E M  ---------------

OS: Windows 10.0 , 64 bit Build 18362 (10.0.18362.1082)

CPU:total 8 (initial active 8) (4 cores per cpu, 2 threads per core) family 6 model 165 stepping 2, cmov, cx8, fxsr, mmx, sse, sse2, sse3, ssse3, sse4.1, sse4.2, popcnt, avx, avx2, aes, clmul, erms, 3dnowpref, lzcnt, ht, tsc, tscinvbit, bmi1, bmi2, adx

Memory: 4k page, physical 8170764k(414104k free), swap 18272712k(4176k free)

vm_info: OpenJDK 64-Bit Server VM (25.242-b01) for windows-amd64 JRE (1.8.0_242-release-1644-b01), built by "builder" with MS VC++ 10.0 (VS2010)

time: Thu Oct 15 12:39:50 2020
timezone: Финляндия (лето)
elapsed time: 275 seconds (0d 0h 4m 35s)

