#
# There is insufficient memory for the Java Runtime Environment to continue.
# Native memory allocation (malloc) failed to allocate 150896 bytes for Chunk::new
# Possible reasons:
#   The system is out of physical RAM or swap space
#   The process is running with CompressedOops enabled, and the Java Heap may be blocking the growth of the native heap
# Possible solutions:
#   Reduce memory load on the system
#   Increase physical memory or swap space
#   Check if swap backing store is full
#   Decrease Java heap size (-Xmx/-Xms)
#   Decrease number of Java threads
#   Decrease Java thread stack sizes (-Xss)
#   Set larger code cache with -XX:ReservedCodeCacheSize=
#   JVM is running with Unscaled Compressed Oops mode in which the Java heap is
#     placed in the first 4GB address space. The Java Heap base address is the
#     maximum limit for the native heap growth. Please use -XX:HeapBaseMinAddress
#     to set the Java Heap base and to place the Java Heap above 4GB virtual address.
# This output file may be truncated or incomplete.
#
#  Out of Memory Error (allocation.cpp:389), pid=9688, tid=0x0000000000001754
#
# JRE version: OpenJDK Runtime Environment (8.0_242-b01) (build 1.8.0_242-release-1644-b01)
# Java VM: OpenJDK 64-Bit Server VM (25.242-b01 mixed mode windows-amd64 compressed oops)
# Failed to write core dump. Minidumps are not enabled by default on client versions of Windows
#

---------------  T H R E A D  ---------------

Current thread (0x000000001a141000):  JavaThread "C2 CompilerThread2" daemon [_thread_in_native, id=5972, stack(0x000000001ac10000,0x000000001ad10000)]

Stack: [0x000000001ac10000,0x000000001ad10000]
[error occurred during error reporting (printing stack bounds), id 0xc0000005]

Native frames: (J=compiled Java code, j=interpreted, Vv=VM code, C=native code)


Current CompileTask:
C2:19492591 17980       4       org.gradle.api.internal.changedetection.state.ZipHasher::isZipFile (43 bytes)


---------------  P R O C E S S  ---------------

Java Threads: ( => current thread )
  0x0000000026239000 JavaThread "stdout" [_thread_in_native, id=18716, stack(0x000000002c960000,0x000000002ca60000)]
  0x000000002623f000 JavaThread "stderr" [_thread_in_native, id=13208, stack(0x000000002c860000,0x000000002c960000)]
  0x000000002623d800 JavaThread "stdout" [_thread_in_native, id=2784, stack(0x000000002c760000,0x000000002c860000)]
  0x000000002623c000 JavaThread "stderr" [_thread_in_native, id=11068, stack(0x000000002c660000,0x000000002c760000)]
  0x0000000026240000 JavaThread "stdout" [_thread_in_native, id=14816, stack(0x000000002c560000,0x000000002c660000)]
  0x000000002623e800 JavaThread "stderr" [_thread_in_native, id=2288, stack(0x000000002c460000,0x000000002c560000)]
  0x000000002623b800 JavaThread "stdout" [_thread_in_native, id=14796, stack(0x000000002c360000,0x000000002c460000)]
  0x000000002623a000 JavaThread "stderr" [_thread_in_native, id=7428, stack(0x000000002c260000,0x000000002c360000)]
  0x000000002627b800 JavaThread "WorkerExecutor Queue Thread 8" [_thread_blocked, id=13640, stack(0x000000002bfb0000,0x000000002c0b0000)]
  0x0000000026277800 JavaThread "WorkerExecutor Queue Thread 7" [_thread_blocked, id=16372, stack(0x000000002beb0000,0x000000002bfb0000)]
  0x000000002627a800 JavaThread "WorkerExecutor Queue Thread 6" [_thread_blocked, id=18228, stack(0x000000002bdb0000,0x000000002beb0000)]
  0x0000000026277000 JavaThread "WorkerExecutor Queue Thread 5" [_thread_blocked, id=13560, stack(0x000000002bcb0000,0x000000002bdb0000)]
  0x0000000026278800 JavaThread "WorkerExecutor Queue Thread 4" [_thread_blocked, id=18980, stack(0x000000002bbb0000,0x000000002bcb0000)]
  0x000000002627a000 JavaThread "WorkerExecutor Queue Thread 3" [_thread_blocked, id=4876, stack(0x000000002b940000,0x000000002ba40000)]
  0x0000000026279000 JavaThread "WorkerExecutor Queue Thread 2" [_thread_blocked, id=368, stack(0x000000002b840000,0x000000002b940000)]
  0x000000002626f800 JavaThread "WorkerExecutor Queue" [_thread_blocked, id=18380, stack(0x000000002b740000,0x000000002b840000)]
  0x000000002626e800 JavaThread "stdout" [_thread_in_native, id=8316, stack(0x000000002b640000,0x000000002b740000)]
  0x0000000026275800 JavaThread "stderr" [_thread_in_native, id=15228, stack(0x000000002b540000,0x000000002b640000)]
  0x000000002626e000 JavaThread "stdout" [_thread_in_native, id=11548, stack(0x000000002b440000,0x000000002b540000)]
  0x0000000026274000 JavaThread "stderr" [_thread_in_native, id=10584, stack(0x000000002b340000,0x000000002b440000)]
  0x0000000026274800 JavaThread "stdout" [_thread_in_native, id=96, stack(0x000000002b240000,0x000000002b340000)]
  0x0000000026273000 JavaThread "stderr" [_thread_in_native, id=11356, stack(0x000000002b140000,0x000000002b240000)]
  0x0000000026272800 JavaThread "pool-10-thread-1" [_thread_blocked, id=18428, stack(0x000000002ade0000,0x000000002aee0000)]
  0x0000000026271000 JavaThread "Cache worker for execution history cache (E:\Pokedex\.gradle\6.1.1\executionHistory)" [_thread_blocked, id=13648, stack(0x000000002ace0000,0x000000002ade0000)]
  0x0000000026271800 JavaThread "Execution worker for ':' Thread 7" [_thread_blocked, id=18476, stack(0x000000002abe0000,0x000000002ace0000)]
  0x000000002626d000 JavaThread "Execution worker for ':' Thread 6" [_thread_blocked, id=4152, stack(0x000000002aae0000,0x000000002abe0000)]
  0x000000002626c800 JavaThread "Execution worker for ':' Thread 5" [_thread_in_Java, id=14936, stack(0x000000002a9e0000,0x000000002aae0000)]
  0x0000000026270000 JavaThread "Execution worker for ':' Thread 4" [_thread_blocked, id=8704, stack(0x000000002a8e0000,0x000000002a9e0000)]
  0x000000001f2f7800 JavaThread "Execution worker for ':' Thread 3" [_thread_blocked, id=5412, stack(0x000000002a7e0000,0x000000002a8e0000)]
  0x000000001f2f5800 JavaThread "Execution worker for ':' Thread 2" [_thread_blocked, id=9448, stack(0x000000002a6e0000,0x000000002a7e0000)]
  0x000000001f2ee000 JavaThread "Execution worker for ':'" [_thread_blocked, id=16036, stack(0x000000002a5e0000,0x000000002a6e0000)]
  0x000000001f2ed000 JavaThread "Cache worker for file content cache (E:\Pokedex\.gradle\6.1.1\fileContent)" [_thread_blocked, id=18736, stack(0x000000002a2e0000,0x000000002a3e0000)]
  0x000000001f2f4000 JavaThread "Cache worker for file content cache (C:\Users\qwadi\.gradle\caches\6.1.1\fileContent)" [_thread_blocked, id=7572, stack(0x000000002a1e0000,0x000000002a2e0000)]
  0x000000001f2eb800 JavaThread "Memory manager" [_thread_blocked, id=14540, stack(0x000000002a0e0000,0x000000002a1e0000)]
  0x000000001f2f1000 JavaThread "Cache worker for Build Output Cleanup Cache (E:\Pokedex\.gradle\buildOutputCleanup)" [_thread_blocked, id=19072, stack(0x00000000279d0000,0x0000000027ad0000)]
  0x000000001f2f0000 JavaThread "Build operations Thread 8" [_thread_blocked, id=4948, stack(0x00000000277a0000,0x00000000278a0000)]
  0x000000001f180000 JavaThread "Build operations Thread 7" [_thread_blocked, id=17008, stack(0x00000000258c0000,0x00000000259c0000)]
  0x000000001f17f800 JavaThread "Build operations Thread 6" [_thread_blocked, id=3188, stack(0x00000000257c0000,0x00000000258c0000)]
  0x000000001f17e800 JavaThread "Build operations Thread 5" [_thread_blocked, id=14692, stack(0x00000000250c0000,0x00000000251c0000)]
  0x000000001f17d000 JavaThread "Build operations Thread 4" [_thread_blocked, id=18700, stack(0x0000000024fc0000,0x00000000250c0000)]
  0x000000001f182000 JavaThread "Build operations Thread 3" [_thread_blocked, id=5124, stack(0x0000000024ec0000,0x0000000024fc0000)]
  0x000000001f17b800 JavaThread "Build operations Thread 2" [_thread_blocked, id=5004, stack(0x0000000024dc0000,0x0000000024ec0000)]
  0x000000001f17c800 JavaThread "Build operations" [_thread_blocked, id=18556, stack(0x0000000024cc0000,0x0000000024dc0000)]
  0x000000001f17e000 JavaThread "Cache worker for cache directory md-rule (C:\Users\qwadi\.gradle\caches\6.1.1\md-rule)" [_thread_blocked, id=1788, stack(0x0000000024510000,0x0000000024610000)]
  0x000000001f181000 JavaThread "Cache worker for cache directory md-supplier (C:\Users\qwadi\.gradle\caches\6.1.1\md-supplier)" [_thread_blocked, id=11488, stack(0x00000000228b0000,0x00000000229b0000)]
  0x000000001f174000 JavaThread "Cache worker for file hash cache (E:\Pokedex\.gradle\6.1.1\fileHashes)" [_thread_blocked, id=2624, stack(0x0000000021300000,0x0000000021400000)]
  0x000000001f17b000 JavaThread "Cache worker for checksums cache (E:\Pokedex\.gradle\checksums)" [_thread_blocked, id=7948, stack(0x000000001e960000,0x000000001ea60000)]
  0x000000001f173800 JavaThread "Thread-121" [_thread_blocked, id=9492, stack(0x000000001e660000,0x000000001e760000)]
  0x000000001f177000 JavaThread "Stdin handler" [_thread_blocked, id=18120, stack(0x000000001e560000,0x000000001e660000)]
  0x000000001f179800 JavaThread "Asynchronous log dispatcher for DefaultDaemonConnection: socket connection from /127.0.0.1:63142 to /127.0.0.1:54037" [_thread_blocked, id=4108, stack(0x000000001e260000,0x000000001e360000)]
  0x000000001f176800 JavaThread "Daemon worker Thread 5" [_thread_blocked, id=17148, stack(0x000000001e160000,0x000000001e260000)]
  0x000000001f175000 JavaThread "Cancel handler" [_thread_blocked, id=2344, stack(0x0000000001720000,0x0000000001820000)]
  0x000000001f172800 JavaThread "Handler for socket connection from /127.0.0.1:63142 to /127.0.0.1:54037" [_thread_in_native, id=9772, stack(0x0000000001620000,0x0000000001720000)]
  0x000000001cc6a800 JavaThread "Daemon Thread 5" [_thread_blocked, id=6040, stack(0x0000000001520000,0x0000000001620000)]
  0x000000001cc65000 JavaThread "Cache worker for execution history cache (C:\Users\qwadi\.gradle\caches\6.1.1\executionHistory)" [_thread_blocked, id=4940, stack(0x00000000229b0000,0x0000000022ab0000)]
  0x000000001cc6c000 JavaThread "Cache worker for file hash cache (C:\Users\qwadi\.gradle\caches\6.1.1\fileHashes)" [_thread_blocked, id=10660, stack(0x000000001ee60000,0x000000001ef60000)]
  0x000000001cc68800 JavaThread "File lock request listener" [_thread_in_native, id=13100, stack(0x000000001ed60000,0x000000001ee60000)]
  0x000000001cda6000 JavaThread "Cache worker for journal cache (C:\Users\qwadi\.gradle\caches\journal-1)" [_thread_blocked, id=13632, stack(0x000000001ec60000,0x000000001ed60000)]
  0x000000001cb14800 JavaThread "Daemon periodic checks" [_thread_blocked, id=3056, stack(0x000000001e060000,0x000000001e160000)]
  0x000000001cb13800 JavaThread "Incoming local TCP Connector on port 63142" [_thread_in_native, id=12584, stack(0x000000001de10000,0x000000001df10000)]
  0x000000001c7d8800 JavaThread "Daemon health stats" [_thread_blocked, id=12780, stack(0x000000001d7b0000,0x000000001d8b0000)]
  0x000000001a1ca000 JavaThread "Service Thread" daemon [_thread_blocked, id=10196, stack(0x000000001ae10000,0x000000001af10000)]
  0x000000001a144800 JavaThread "C1 CompilerThread3" daemon [_thread_blocked, id=14956, stack(0x000000001ad10000,0x000000001ae10000)]
=>0x000000001a141000 JavaThread "C2 CompilerThread2" daemon [_thread_in_native, id=5972, stack(0x000000001ac10000,0x000000001ad10000)]
  0x000000001a138000 JavaThread "C2 CompilerThread1" daemon [_thread_blocked, id=17944, stack(0x000000001ab10000,0x000000001ac10000)]
  0x000000001a135000 JavaThread "C2 CompilerThread0" daemon [_thread_blocked, id=15104, stack(0x000000001aa10000,0x000000001ab10000)]
  0x000000001a130000 JavaThread "Attach Listener" daemon [_thread_blocked, id=6160, stack(0x000000001a910000,0x000000001aa10000)]
  0x000000001a12f000 JavaThread "Signal Dispatcher" daemon [_thread_blocked, id=19208, stack(0x000000001a810000,0x000000001a910000)]
  0x0000000003278800 JavaThread "Finalizer" daemon [_thread_blocked, id=6968, stack(0x000000001a600000,0x000000001a700000)]
  0x000000001831c000 JavaThread "Reference Handler" daemon [_thread_blocked, id=13192, stack(0x000000001a500000,0x000000001a600000)]
  0x000000000317d800 JavaThread "main" [_thread_blocked, id=6404, stack(0x0000000003060000,0x0000000003160000)]

Other Threads:
  0x0000000018317800 VMThread [stack: 0x000000001a000000,0x000000001a100000] [id=8196]
  0x000000001a1ca800 WatcherThread [stack: 0x000000001af10000,0x000000001b010000] [id=10184]

VM state:not at safepoint (normal execution)

VM Mutex/Monitor currently owned by a thread: None

heap address: 0x0000000080000000, size: 2048 MB, Compressed Oops mode: 32-bit
Narrow klass base: 0x0000000000000000, Narrow klass shift: 3
Compressed class space size: 1073741824 Address: 0x0000000100000000

Heap:
 PSYoungGen      total 532992K, used 363577K [0x00000000d5580000, 0x00000000f8400000, 0x0000000100000000)
  eden space 499200K, 72% used [0x00000000d5580000,0x00000000eb88e4f8,0x00000000f3d00000)
  from space 33792K, 0% used [0x00000000f6300000,0x00000000f6300000,0x00000000f8400000)
  to   space 36352K, 0% used [0x00000000f3d00000,0x00000000f3d00000,0x00000000f6080000)
 ParOldGen       total 189952K, used 45235K [0x0000000080000000, 0x000000008b980000, 0x00000000d5580000)
  object space 189952K, 23% used [0x0000000080000000,0x0000000082c2cf00,0x000000008b980000)
 Metaspace       used 95937K, capacity 99914K, committed 102936K, reserved 1138688K
  class space    used 12223K, capacity 13042K, committed 13616K, reserved 1048576K

Card table byte_map: [0x0000000012640000,0x0000000012a50000] byte_map_base: 0x0000000012240000

Marking Bits: (ParMarkBitMap*) 0x0000000057ddf030
 Begin Bits: [0x0000000013500000, 0x0000000015500000)
 End Bits:   [0x0000000015500000, 0x0000000017500000)

Polling page: 0x00000000013f0000

CodeCache: size=245760Kb used=51291Kb max_used=51303Kb free=194468Kb
 bounds [0x0000000003280000, 0x00000000064e0000, 0x0000000012280000]
 total_blobs=15935 nmethods=15022 adapters=824
 compilation: enabled

Compilation events (10 events):
Event: 19492.236 Thread 0x000000001a138000 nmethod 17975 0x00000000064d8010 code [0x00000000064d81a0, 0x00000000064d8738]
Event: 19492.305 Thread 0x000000001a135000 17976       4       org.gradle.internal.hash.HashingOutputStream::write (23 bytes)
Event: 19492.315 Thread 0x000000001a135000 nmethod 17976 0x00000000064d8ed0 code [0x00000000064d9060, 0x00000000064d99b8]
Event: 19492.332 Thread 0x000000001a141000 17977       4       java.util.zip.ZipInputStream::readFully (44 bytes)
Event: 19492.342 Thread 0x000000001a141000 nmethod 17977 0x00000000064d5d10 code [0x00000000064d5e60, 0x00000000064d6298]
Event: 19492.541 Thread 0x000000001a138000 17978   !   4       java.util.zip.Inflater::reset (69 bytes)
Event: 19492.543 Thread 0x000000001a138000 nmethod 17978 0x00000000064d7910 code [0x00000000064d7a60, 0x00000000064d7e48]
Event: 19492.557 Thread 0x000000001a135000 17979       4       com.google.common.collect.AbstractIterator::hasNext (65 bytes)
Event: 19492.559 Thread 0x000000001a135000 nmethod 17979 0x00000000064d7490 code [0x00000000064d75e0, 0x00000000064d7738]
Event: 19492.583 Thread 0x000000001a141000 17980       4       org.gradle.api.internal.changedetection.state.ZipHasher::isZipFile (43 bytes)

GC Heap History (10 events):
Event: 5.010 GC heap before
{Heap before GC invocations=12 (full 3):
 PSYoungGen      total 384000K, used 19180K [0x00000000d5580000, 0x00000000f4180000, 0x0000000100000000)
  eden space 360960K, 0% used [0x00000000d5580000,0x00000000d5580000,0x00000000eb600000)
  from space 23040K, 83% used [0x00000000eb600000,0x00000000ec8bb350,0x00000000ecc80000)
  to   space 25088K, 0% used [0x00000000f2900000,0x00000000f2900000,0x00000000f4180000)
 ParOldGen       total 88576K, used 27329K [0x0000000080000000, 0x0000000085680000, 0x00000000d5580000)
  object space 88576K, 30% used [0x0000000080000000,0x0000000081ab0638,0x0000000085680000)
 Metaspace       used 56874K, capacity 59052K, committed 59160K, reserved 1099776K
  class space    used 7704K, capacity 8190K, committed 8240K, reserved 1048576K
Event: 5.167 GC heap after
Heap after GC invocations=12 (full 3):
 PSYoungGen      total 384000K, used 0K [0x00000000d5580000, 0x00000000f4180000, 0x0000000100000000)
  eden space 360960K, 0% used [0x00000000d5580000,0x00000000d5580000,0x00000000eb600000)
  from space 23040K, 0% used [0x00000000eb600000,0x00000000eb600000,0x00000000ecc80000)
  to   space 25088K, 0% used [0x00000000f2900000,0x00000000f2900000,0x00000000f4180000)
 ParOldGen       total 133632K, used 33660K [0x0000000080000000, 0x0000000088280000, 0x00000000d5580000)
  object space 133632K, 25% used [0x0000000080000000,0x00000000820df2f0,0x0000000088280000)
 Metaspace       used 56844K, capacity 58950K, committed 59160K, reserved 1099776K
  class space    used 7694K, capacity 8173K, committed 8240K, reserved 1048576K
}
Event: 7.259 GC heap before
{Heap before GC invocations=13 (full 3):
 PSYoungGen      total 384000K, used 360960K [0x00000000d5580000, 0x00000000f4180000, 0x0000000100000000)
  eden space 360960K, 100% used [0x00000000d5580000,0x00000000eb600000,0x00000000eb600000)
  from space 23040K, 0% used [0x00000000eb600000,0x00000000eb600000,0x00000000ecc80000)
  to   space 25088K, 0% used [0x00000000f2900000,0x00000000f2900000,0x00000000f4180000)
 ParOldGen       total 133632K, used 33660K [0x0000000080000000, 0x0000000088280000, 0x00000000d5580000)
  object space 133632K, 25% used [0x0000000080000000,0x00000000820df2f0,0x0000000088280000)
 Metaspace       used 74293K, capacity 78502K, committed 78616K, reserved 1116160K
  class space    used 10257K, capacity 11010K, committed 11056K, reserved 1048576K
Event: 7.278 GC heap after
Heap after GC invocations=13 (full 3):
 PSYoungGen      total 456704K, used 25070K [0x00000000d5580000, 0x00000000f4180000, 0x0000000100000000)
  eden space 431616K, 0% used [0x00000000d5580000,0x00000000d5580000,0x00000000efb00000)
  from space 25088K, 99% used [0x00000000f2900000,0x00000000f417b9e8,0x00000000f4180000)
  to   space 30720K, 0% used [0x00000000f0580000,0x00000000f0580000,0x00000000f2380000)
 ParOldGen       total 133632K, used 38281K [0x0000000080000000, 0x0000000088280000, 0x00000000d5580000)
  object space 133632K, 28% used [0x0000000080000000,0x00000000825624c0,0x0000000088280000)
 Metaspace       used 74293K, capacity 78502K, committed 78616K, reserved 1116160K
  class space    used 10257K, capacity 11010K, committed 11056K, reserved 1048576K
}
Event: 10070.440 GC heap before
{Heap before GC invocations=14 (full 3):
 PSYoungGen      total 456704K, used 456686K [0x00000000d5580000, 0x00000000f4180000, 0x0000000100000000)
  eden space 431616K, 100% used [0x00000000d5580000,0x00000000efb00000,0x00000000efb00000)
  from space 25088K, 99% used [0x00000000f2900000,0x00000000f417b9e8,0x00000000f4180000)
  to   space 30720K, 0% used [0x00000000f0580000,0x00000000f0580000,0x00000000f2380000)
 ParOldGen       total 133632K, used 38281K [0x0000000080000000, 0x0000000088280000, 0x00000000d5580000)
  object space 133632K, 28% used [0x0000000080000000,0x00000000825624c0,0x0000000088280000)
 Metaspace       used 86252K, capacity 91374K, committed 91544K, reserved 1128448K
  class space    used 11400K, capacity 12367K, committed 12464K, reserved 1048576K
Event: 10070.545 GC heap after
Heap after GC invocations=14 (full 3):
 PSYoungGen      total 473088K, used 30691K [0x00000000d5580000, 0x00000000f8800000, 0x0000000100000000)
  eden space 442368K, 0% used [0x00000000d5580000,0x00000000d5580000,0x00000000f0580000)
  from space 30720K, 99% used [0x00000000f0580000,0x00000000f2378cf8,0x00000000f2380000)
  to   space 37888K, 0% used [0x00000000f6300000,0x00000000f6300000,0x00000000f8800000)
 ParOldGen       total 133632K, used 45647K [0x0000000080000000, 0x0000000088280000, 0x00000000d5580000)
  object space 133632K, 34% used [0x0000000080000000,0x0000000082c93de0,0x0000000088280000)
 Metaspace       used 86252K, capacity 91374K, committed 91544K, reserved 1128448K
  class space    used 11400K, capacity 12367K, committed 12464K, reserved 1048576K
}
Event: 19483.306 GC heap before
{Heap before GC invocations=15 (full 3):
 PSYoungGen      total 473088K, used 460403K [0x00000000d5580000, 0x00000000f8800000, 0x0000000100000000)
  eden space 442368K, 97% used [0x00000000d5580000,0x00000000ef924280,0x00000000f0580000)
  from space 30720K, 99% used [0x00000000f0580000,0x00000000f2378cf8,0x00000000f2380000)
  to   space 37888K, 0% used [0x00000000f6300000,0x00000000f6300000,0x00000000f8800000)
 ParOldGen       total 133632K, used 45647K [0x0000000080000000, 0x0000000088280000, 0x00000000d5580000)
  object space 133632K, 34% used [0x0000000080000000,0x0000000082c93de0,0x0000000088280000)
 Metaspace       used 92996K, capacity 98550K, committed 98600K, reserved 1134592K
  class space    used 12100K, capacity 13184K, committed 13232K, reserved 1048576K
Event: 19483.455 GC heap after
Heap after GC invocations=15 (full 3):
 PSYoungGen      total 532992K, used 17324K [0x00000000d5580000, 0x00000000f8400000, 0x0000000100000000)
  eden space 499200K, 0% used [0x00000000d5580000,0x00000000d5580000,0x00000000f3d00000)
  from space 33792K, 51% used [0x00000000f6300000,0x00000000f73eb370,0x00000000f8400000)
  to   space 36352K, 0% used [0x00000000f3d00000,0x00000000f3d00000,0x00000000f6080000)
 ParOldGen       total 133632K, used 61926K [0x0000000080000000, 0x0000000088280000, 0x00000000d5580000)
  object space 133632K, 46% used [0x0000000080000000,0x0000000083c79828,0x0000000088280000)
 Metaspace       used 92996K, capacity 98550K, committed 98600K, reserved 1134592K
  class space    used 12100K, capacity 13184K, committed 13232K, reserved 1048576K
}
Event: 19483.455 GC heap before
{Heap before GC invocations=16 (full 4):
 PSYoungGen      total 532992K, used 17324K [0x00000000d5580000, 0x00000000f8400000, 0x0000000100000000)
  eden space 499200K, 0% used [0x00000000d5580000,0x00000000d5580000,0x00000000f3d00000)
  from space 33792K, 51% used [0x00000000f6300000,0x00000000f73eb370,0x00000000f8400000)
  to   space 36352K, 0% used [0x00000000f3d00000,0x00000000f3d00000,0x00000000f6080000)
 ParOldGen       total 133632K, used 61926K [0x0000000080000000, 0x0000000088280000, 0x00000000d5580000)
  object space 133632K, 46% used [0x0000000080000000,0x0000000083c79828,0x0000000088280000)
 Metaspace       used 92996K, capacity 98550K, committed 98600K, reserved 1134592K
  class space    used 12100K, capacity 13184K, committed 13232K, reserved 1048576K
Event: 19483.989 GC heap after
Heap after GC invocations=16 (full 4):
 PSYoungGen      total 532992K, used 0K [0x00000000d5580000, 0x00000000f8400000, 0x0000000100000000)
  eden space 499200K, 0% used [0x00000000d5580000,0x00000000d5580000,0x00000000f3d00000)
  from space 33792K, 0% used [0x00000000f6300000,0x00000000f6300000,0x00000000f8400000)
  to   space 36352K, 0% used [0x00000000f3d00000,0x00000000f3d00000,0x00000000f6080000)
 ParOldGen       total 189952K, used 45235K [0x0000000080000000, 0x000000008b980000, 0x00000000d5580000)
  object space 189952K, 23% used [0x0000000080000000,0x0000000082c2cf00,0x000000008b980000)
 Metaspace       used 90825K, capacity 93824K, committed 98600K, reserved 1134592K
  class space    used 11605K, capacity 12252K, committed 13232K, reserved 1048576K
}

Deoptimization events (10 events):
Event: 19489.695 Thread 0x0000000026278800 Uncommon trap: reason=unstable_if action=reinterpret pc=0x00000000037b2ad4 method=java.util.Spliterators$1Adapter.hasNext()Z @ 4
Event: 19490.014 Thread 0x0000000026278800 Uncommon trap: reason=unstable_if action=reinterpret pc=0x0000000006444bc4 method=com.google.common.collect.ImmutableMap.copyOf(Ljava/util/Map;)Lcom/google/common/collect/ImmutableMap; @ 4
Event: 19490.138 Thread 0x0000000026278800 Uncommon trap: reason=bimorphic action=maybe_recompile pc=0x00000000062cfc3c method=com.google.common.collect.AbstractIndexedListIterator.next()Ljava/lang/Object; @ 27
Event: 19490.138 Thread 0x0000000026278800 Uncommon trap: reason=bimorphic action=maybe_recompile pc=0x00000000062cfc3c method=com.google.common.collect.AbstractIndexedListIterator.next()Ljava/lang/Object; @ 27
Event: 19490.167 Thread 0x0000000026278800 Uncommon trap: reason=unstable_if action=reinterpret pc=0x0000000005b3a270 method=org.objectweb.asm.MethodWriter.visitFieldInsn(ILjava/lang/String;Ljava/lang/String;Ljava/lang/String;)V @ 42
Event: 19490.543 Thread 0x000000002626c800 Uncommon trap: reason=predicate action=maybe_recompile pc=0x0000000005ff3c0c method=java.lang.String.regionMatches(ZILjava/lang/String;II)Z @ 63
Event: 19490.708 Thread 0x000000002626c800 Uncommon trap: reason=unstable_if action=reinterpret pc=0x0000000005533c34 method=java.lang.ref.SoftReference.get()Ljava/lang/Object; @ 6
Event: 19492.103 Thread 0x000000001f174000 Uncommon trap: reason=unloaded action=reinterpret pc=0x00000000064a3af4 method=org.gradle.cache.internal.btree.FileBackedBlockStore.write(Lorg/gradle/cache/internal/btree/BlockPayload;)V @ 19
Event: 19492.264 Thread 0x000000002626c800 Uncommon trap: reason=unstable_if action=reinterpret pc=0x0000000005d8663c method=org.gradle.internal.fingerprint.classpath.impl.ClasspathFingerprintingStrategy$ClasspathFingerprintVisitor.visit(Lorg/gradle/internal/snapshot/CompleteFileSystemLocationSnap
Event: 19492.401 Thread 0x000000001f174000 Uncommon trap: reason=unstable_if action=reinterpret pc=0x000000000587ba00 method=org.gradle.cache.internal.DefaultFileLockManager$DefaultFileLock.assertOpenAndIntegral()V @ 13

Classes redefined (0 events):
No events

Internal exceptions (10 events):
Event: 19487.889 Thread 0x0000000026271800 Exception <a 'java/lang/NoSuchMethodError': <clinit>> (0x00000000e7efa3c0) thrown at [C:\src\AOSP-openjdk-git\hotspot\src\share\vm\prims\jni.cpp, line 1615]
Event: 19487.891 Thread 0x0000000026271800 Exception <a 'java/lang/NoSuchMethodError': <clinit>> (0x00000000e7f1c2c8) thrown at [C:\src\AOSP-openjdk-git\hotspot\src\share\vm\prims\jni.cpp, line 1615]
Event: 19487.893 Thread 0x0000000026271800 Exception <a 'java/lang/NoSuchMethodError': <clinit>> (0x00000000e7f6b210) thrown at [C:\src\AOSP-openjdk-git\hotspot\src\share\vm\prims\jni.cpp, line 1615]
Event: 19490.127 Thread 0x0000000026278800 Exception <a 'sun/nio/fs/WindowsException'> (0x00000000e8dfc998) thrown at [C:\src\AOSP-openjdk-git\hotspot\src\share\vm\prims\jni.cpp, line 710]
Event: 19490.131 Thread 0x0000000026278800 Exception <a 'sun/nio/fs/WindowsException'> (0x00000000e8e15438) thrown at [C:\src\AOSP-openjdk-git\hotspot\src\share\vm\prims\jni.cpp, line 710]
Event: 19490.131 Thread 0x0000000026278800 Exception <a 'sun/nio/fs/WindowsException'> (0x00000000e8e158e0) thrown at [C:\src\AOSP-openjdk-git\hotspot\src\share\vm\prims\jni.cpp, line 710]
Event: 19492.021 Thread 0x000000002626c800 Exception <a 'sun/nio/fs/WindowsException'> (0x00000000ea6d22e8) thrown at [C:\src\AOSP-openjdk-git\hotspot\src\share\vm\prims\jni.cpp, line 710]
Event: 19492.022 Thread 0x000000002626c800 Exception <a 'sun/nio/fs/WindowsException'> (0x00000000ea6d2f28) thrown at [C:\src\AOSP-openjdk-git\hotspot\src\share\vm\prims\jni.cpp, line 710]
Event: 19492.023 Thread 0x000000002626c800 Exception <a 'sun/nio/fs/WindowsException'> (0x00000000ea6d3f40) thrown at [C:\src\AOSP-openjdk-git\hotspot\src\share\vm\prims\jni.cpp, line 710]
Event: 19492.103 Thread 0x000000001f174000 Exception <a 'java/io/IOException'> (0x00000000e7713810) thrown at [C:\src\AOSP-openjdk-git\hotspot\src\share\vm\prims\jni.cpp, line 710]

Events (10 events):
Event: 19492.022 loading class java/nio/file/FileSystemLoopException done
Event: 19492.103 Thread 0x000000001f174000 Uncommon trap: trap_request=0x0000001d fr.pc=0x00000000064a3af4
Event: 19492.103 Thread 0x000000001f174000 DEOPT PACKING pc=0x00000000064a3af4 sp=0x00000000213fe6d0
Event: 19492.103 Thread 0x000000001f174000 DEOPT UNPACKING pc=0x00000000032c557b sp=0x00000000213fe6a0 mode 2
Event: 19492.264 Thread 0x000000002626c800 Uncommon trap: trap_request=0xffffff65 fr.pc=0x0000000005d8663c
Event: 19492.273 Thread 0x000000002626c800 DEOPT PACKING pc=0x0000000005d8663c sp=0x000000002aadce80
Event: 19492.273 Thread 0x000000002626c800 DEOPT UNPACKING pc=0x00000000032c557b sp=0x000000002aadced0 mode 2
Event: 19492.393 Thread 0x000000001f174000 Uncommon trap: trap_request=0xffffff65 fr.pc=0x000000000587ba00
Event: 19492.401 Thread 0x000000001f174000 DEOPT PACKING pc=0x000000000587ba00 sp=0x00000000213fe990
Event: 19492.401 Thread 0x000000001f174000 DEOPT UNPACKING pc=0x00000000032c557b sp=0x00000000213fea00 mode 2


Dynamic libraries:
0x00007ff639c10000 - 0x00007ff639c41000 	C:\Program Files\Android\Android Studio\jre\bin\java.exe
0x00007ffbb1380000 - 0x00007ffbb1570000 	C:\WINDOWS\SYSTEM32\ntdll.dll
0x00007ffbb0b30000 - 0x00007ffbb0be2000 	C:\WINDOWS\System32\KERNEL32.DLL
0x00007ffbaeed0000 - 0x00007ffbaf175000 	C:\WINDOWS\System32\KERNELBASE.dll
0x00007ffbb0a80000 - 0x00007ffbb0b23000 	C:\WINDOWS\System32\ADVAPI32.dll
0x00007ffbb0ea0000 - 0x00007ffbb0f3e000 	C:\WINDOWS\System32\msvcrt.dll
0x00007ffbb0120000 - 0x00007ffbb01b7000 	C:\WINDOWS\System32\sechost.dll
0x00007ffbaf430000 - 0x00007ffbaf550000 	C:\WINDOWS\System32\RPCRT4.dll
0x00007ffbafdf0000 - 0x00007ffbaff85000 	C:\WINDOWS\System32\USER32.dll
0x00007ffbaec40000 - 0x00007ffbaec61000 	C:\WINDOWS\System32\win32u.dll
0x00007ffbb06b0000 - 0x00007ffbb06d6000 	C:\WINDOWS\System32\GDI32.dll
0x00007ffbaec70000 - 0x00007ffbaee06000 	C:\WINDOWS\System32\gdi32full.dll
0x00007ffbaee30000 - 0x00007ffbaeece000 	C:\WINDOWS\System32\msvcp_win.dll
0x00007ffbae3c0000 - 0x00007ffbae4ba000 	C:\WINDOWS\System32\ucrtbase.dll
0x00007ffb9ba50000 - 0x00007ffb9bcd4000 	C:\WINDOWS\WinSxS\amd64_microsoft.windows.common-controls_6595b64144ccf1df_6.0.18362.1082_none_9e8193e1e45b25c1\COMCTL32.dll
0x00007ffbb06e0000 - 0x00007ffbb0a15000 	C:\WINDOWS\System32\combase.dll
0x00007ffbae310000 - 0x00007ffbae390000 	C:\WINDOWS\System32\bcryptPrimitives.dll
0x00007ffbb0c00000 - 0x00007ffbb0c2e000 	C:\WINDOWS\System32\IMM32.DLL
0x0000000057450000 - 0x0000000057522000 	C:\Program Files\Android\Android Studio\jre\jre\bin\msvcr100.dll
0x0000000057610000 - 0x0000000057e5b000 	C:\Program Files\Android\Android Studio\jre\jre\bin\server\jvm.dll
0x00007ffbb0040000 - 0x00007ffbb0048000 	C:\WINDOWS\System32\PSAPI.DLL
0x00007ffba5c20000 - 0x00007ffba5c29000 	C:\WINDOWS\SYSTEM32\WSOCK32.dll
0x00007ffba1160000 - 0x00007ffba1184000 	C:\WINDOWS\SYSTEM32\WINMM.dll
0x00007ffba5e00000 - 0x00007ffba5e0a000 	C:\WINDOWS\SYSTEM32\VERSION.dll
0x00007ffbb12c0000 - 0x00007ffbb132f000 	C:\WINDOWS\System32\WS2_32.dll
0x00007ffba1130000 - 0x00007ffba115d000 	C:\WINDOWS\SYSTEM32\WINMMBASE.dll
0x00007ffbaf1e0000 - 0x00007ffbaf22a000 	C:\WINDOWS\System32\cfgmgr32.dll
0x00007ffba4ff0000 - 0x00007ffba4fff000 	C:\Program Files\Android\Android Studio\jre\jre\bin\verify.dll
0x00007ffba4ca0000 - 0x00007ffba4cc9000 	C:\Program Files\Android\Android Studio\jre\jre\bin\java.dll
0x00007ffba4c60000 - 0x00007ffba4c76000 	C:\Program Files\Android\Android Studio\jre\jre\bin\zip.dll
0x00007ffbaf700000 - 0x00007ffbafde7000 	C:\WINDOWS\System32\SHELL32.dll
0x00007ffbb0c90000 - 0x00007ffbb0d39000 	C:\WINDOWS\System32\shcore.dll
0x00007ffbae4c0000 - 0x00007ffbaec40000 	C:\WINDOWS\System32\windows.storage.dll
0x00007ffbae250000 - 0x00007ffbae273000 	C:\WINDOWS\System32\profapi.dll
0x00007ffbae2a0000 - 0x00007ffbae2ea000 	C:\WINDOWS\System32\powrprof.dll
0x00007ffbae240000 - 0x00007ffbae250000 	C:\WINDOWS\System32\UMPDC.dll
0x00007ffbb0a20000 - 0x00007ffbb0a72000 	C:\WINDOWS\System32\shlwapi.dll
0x00007ffbae280000 - 0x00007ffbae291000 	C:\WINDOWS\System32\kernel.appcore.dll
0x00007ffbaee10000 - 0x00007ffbaee27000 	C:\WINDOWS\System32\cryptsp.dll
0x00007ffba1b60000 - 0x00007ffba1b7a000 	C:\Program Files\Android\Android Studio\jre\jre\bin\net.dll
0x00007ffbada90000 - 0x00007ffbadaf7000 	C:\WINDOWS\system32\mswsock.dll
0x00007ffb9c620000 - 0x00007ffb9c633000 	C:\Program Files\Android\Android Studio\jre\jre\bin\nio.dll
0x00007ffb88510000 - 0x00007ffb88536000 	C:\Users\qwadi\.gradle\native\31\windows-amd64\native-platform.dll
0x00007ffba4f90000 - 0x00007ffba4f9d000 	C:\Program Files\Android\Android Studio\jre\jre\bin\management.dll
0x00007ffbad600000 - 0x00007ffbad633000 	C:\WINDOWS\system32\rsaenh.dll
0x00007ffbae390000 - 0x00007ffbae3b6000 	C:\WINDOWS\System32\bcrypt.dll
0x00007ffbae160000 - 0x00007ffbae185000 	C:\WINDOWS\SYSTEM32\USERENV.dll
0x00007ffbadc60000 - 0x00007ffbadc6c000 	C:\WINDOWS\SYSTEM32\CRYPTBASE.dll
0x00007ffbad7a0000 - 0x00007ffbad7da000 	C:\WINDOWS\SYSTEM32\IPHLPAPI.DLL
0x00007ffbb1330000 - 0x00007ffbb1338000 	C:\WINDOWS\System32\NSI.dll
0x00007ffba5520000 - 0x00007ffba5536000 	C:\WINDOWS\SYSTEM32\dhcpcsvc6.DLL
0x00007ffba5830000 - 0x00007ffba584c000 	C:\WINDOWS\SYSTEM32\dhcpcsvc.DLL
0x00007ffbad7e0000 - 0x00007ffbad8ab000 	C:\WINDOWS\SYSTEM32\DNSAPI.dll
0x00007ffba4d50000 - 0x00007ffba4d74000 	C:\Program Files\Android\Android Studio\jre\jre\bin\sunec.dll
0x00007ffba5510000 - 0x00007ffba551a000 	C:\Windows\System32\rasadhlp.dll
0x00007ffba52f0000 - 0x00007ffba5367000 	C:\WINDOWS\System32\fwpuclnt.dll
0x00007ffba4d10000 - 0x00007ffba4d1b000 	C:\Program Files\Android\Android Studio\jre\jre\bin\sunmscapi.dll
0x00007ffbaf2e0000 - 0x00007ffbaf429000 	C:\WINDOWS\System32\CRYPT32.dll
0x00007ffbae2f0000 - 0x00007ffbae302000 	C:\WINDOWS\System32\MSASN1.dll
0x00007ffbad280000 - 0x00007ffbad2b1000 	C:\WINDOWS\SYSTEM32\ntmarta.dll

VM Arguments:
jvm_args: -Xmx2048m -Dfile.encoding=windows-1251 -Duser.country=RU -Duser.language=ru -Duser.variant 
java_command: org.gradle.launcher.daemon.bootstrap.GradleDaemon 6.1.1
java_class_path (initial): C:\Users\qwadi\.gradle\wrapper\dists\gradle-6.1.1-all\cfmwm155h49vnt3hynmlrsdst\gradle-6.1.1\lib\gradle-launcher-6.1.1.jar
Launcher Type: SUN_STANDARD

Environment Variables:
PATH=C:\WINDOWS\system32;C:\WINDOWS;C:\WINDOWS\System32\Wbem;C:\WINDOWS\System32\WindowsPowerShell\v1.0\;C:\WINDOWS\System32\OpenSSH\;C:\Program Files (x86)\NVIDIA Corporation\PhysX\Common;C:\Program Files\Git\cmd;C:\Users\qwadi\AppData\Local\Microsoft\WindowsApps;
USERNAME=qwadi
OS=Windows_NT
PROCESSOR_IDENTIFIER=Intel64 Family 6 Model 165 Stepping 2, GenuineIntel



---------------  S Y S T E M  ---------------

OS: Windows 10.0 , 64 bit Build 18362 (10.0.18362.1082)

CPU:total 8 (initial active 8) (4 cores per cpu, 2 threads per core) family 6 model 165 stepping 2, cmov, cx8, fxsr, mmx, sse, sse2, sse3, ssse3, sse4.1, sse4.2, popcnt, avx, avx2, aes, clmul, erms, 3dnowpref, lzcnt, ht, tsc, tscinvbit, bmi1, bmi2, adx

Memory: 4k page, physical 8170764k(591368k free), swap 18272712k(84k free)

vm_info: OpenJDK 64-Bit Server VM (25.242-b01) for windows-amd64 JRE (1.8.0_242-release-1644-b01), built by "builder" with MS VC++ 10.0 (VS2010)

time: Thu Oct 08 03:16:48 2020
timezone: Финляндия (лето)
elapsed time: 19492 seconds (0d 5h 24m 52s)

