#
# There is insufficient memory for the Java Runtime Environment to continue.
# Native memory allocation (malloc) failed to allocate 1993216 bytes for Chunk::new
# Possible reasons:
#   The system is out of physical RAM or swap space
#   The process is running with CompressedOops enabled, and the Java Heap may be blocking the growth of the native heap
# Possible solutions:
#   Reduce memory load on the system
#   Increase physical memory or swap space
#   Check if swap backing store is full
#   Decrease Java heap size (-Xmx/-Xms)
#   Decrease number of Java threads
#   Decrease Java thread stack sizes (-Xss)
#   Set larger code cache with -XX:ReservedCodeCacheSize=
#   JVM is running with Unscaled Compressed Oops mode in which the Java heap is
#     placed in the first 4GB address space. The Java Heap base address is the
#     maximum limit for the native heap growth. Please use -XX:HeapBaseMinAddress
#     to set the Java Heap base and to place the Java Heap above 4GB virtual address.
# This output file may be truncated or incomplete.
#
#  Out of Memory Error (allocation.cpp:389), pid=7244, tid=0x0000000000002b10
#
# JRE version: OpenJDK Runtime Environment (8.0_242-b01) (build 1.8.0_242-release-1644-b01)
# Java VM: OpenJDK 64-Bit Server VM (25.242-b01 mixed mode windows-amd64 compressed oops)
# Failed to write core dump. Minidumps are not enabled by default on client versions of Windows
#

---------------  T H R E A D  ---------------

Current thread (0x00000000197f0000):  JavaThread "C2 CompilerThread0" daemon [_thread_in_native, id=11024, stack(0x000000001a0d0000,0x000000001a1d0000)]

Stack: [0x000000001a0d0000,0x000000001a1d0000]
[error occurred during error reporting (printing stack bounds), id 0xc0000005]

Native frames: (J=compiled Java code, j=interpreted, Vv=VM code, C=native code)


Current CompileTask:
C2:1014003 18328       4       com.android.tools.r8.ir.regalloc.a::a (3993 bytes)


---------------  P R O C E S S  ---------------

Java Threads: ( => current thread )
  0x000000001f853000 JavaThread "WorkerExecutor Queue Thread 5" [_thread_blocked, id=5824, stack(0x000000002a610000,0x000000002a710000)]
  0x000000001f84b800 JavaThread "WorkerExecutor Queue Thread 4" [_thread_blocked, id=8936, stack(0x000000002a510000,0x000000002a610000)]
  0x000000001f852000 JavaThread "stdout" [_thread_in_native, id=18864, stack(0x000000002b8c0000,0x000000002b9c0000)]
  0x000000001f846000 JavaThread "stderr" [_thread_in_native, id=1448, stack(0x000000002adc0000,0x000000002aec0000)]
  0x000000001f850000 JavaThread "stdout" [_thread_in_native, id=8388, stack(0x000000002acc0000,0x000000002adc0000)]
  0x000000001f850800 JavaThread "stderr" [_thread_in_native, id=17376, stack(0x000000002abc0000,0x000000002acc0000)]
  0x000000001f84e800 JavaThread "stdout" [_thread_in_native, id=17540, stack(0x000000002aac0000,0x000000002abc0000)]
  0x000000001f851800 JavaThread "stderr" [_thread_in_native, id=9320, stack(0x000000002a210000,0x000000002a310000)]
  0x000000001f844000 JavaThread "WorkerExecutor Queue Thread 3" [_thread_blocked, id=7984, stack(0x000000002a010000,0x000000002a110000)]
  0x000000001f84a800 JavaThread "pool-8-thread-1" [_thread_blocked, id=4156, stack(0x0000000029c10000,0x0000000029d10000)]
  0x000000001f84a000 JavaThread "WorkerExecutor Queue Thread 2" [_thread_blocked, id=8316, stack(0x0000000029610000,0x0000000029710000)]
  0x000000001f848800 JavaThread "WorkerExecutor Queue" [_thread_blocked, id=12560, stack(0x0000000029310000,0x0000000029410000)]
  0x000000002036f800 JavaThread "Cache worker for execution history cache (E:\Pokedex\.gradle\6.1.1\executionHistory)" [_thread_blocked, id=11240, stack(0x0000000028e10000,0x0000000028f10000)]
  0x000000002036e000 JavaThread "Execution worker for ':' Thread 7" [_thread_in_Java, id=13056, stack(0x0000000027920000,0x0000000027a20000)]
  0x0000000020371000 JavaThread "Execution worker for ':' Thread 6" [_thread_in_Java, id=14380, stack(0x0000000027620000,0x0000000027720000)]
  0x0000000020368000 JavaThread "Execution worker for ':' Thread 5" [_thread_blocked, id=14192, stack(0x0000000027520000,0x0000000027620000)]
  0x000000002036d000 JavaThread "Execution worker for ':' Thread 4" [_thread_in_Java, id=15996, stack(0x0000000027420000,0x0000000027520000)]
  0x000000002036e800 JavaThread "Execution worker for ':' Thread 3" [_thread_in_Java, id=18288, stack(0x0000000027320000,0x0000000027420000)]
  0x000000002036b000 JavaThread "Execution worker for ':' Thread 2" [_thread_blocked, id=16096, stack(0x0000000025bb0000,0x0000000025cb0000)]
  0x0000000020365800 JavaThread "Execution worker for ':'" [_thread_blocked, id=12888, stack(0x00000000259b0000,0x0000000025ab0000)]
  0x0000000020366800 JavaThread "Cache worker for file content cache (E:\Pokedex\.gradle\6.1.1\fileContent)" [_thread_blocked, id=9856, stack(0x0000000024880000,0x0000000024980000)]
  0x0000000020363000 JavaThread "Cache worker for Build Output Cleanup Cache (E:\Pokedex\.gradle\buildOutputCleanup)" [_thread_blocked, id=11876, stack(0x0000000024580000,0x0000000024680000)]
  0x000000002036a000 JavaThread "Build operations Thread 8" [_thread_blocked, id=18220, stack(0x0000000024480000,0x0000000024580000)]
  0x0000000020369800 JavaThread "Build operations Thread 7" [_thread_blocked, id=15292, stack(0x0000000024380000,0x0000000024480000)]
  0x00000000231a0000 JavaThread "Build operations Thread 6" [_thread_blocked, id=16708, stack(0x0000000024280000,0x0000000024380000)]
  0x000000002319d000 JavaThread "Build operations Thread 5" [_thread_blocked, id=8240, stack(0x0000000023ec0000,0x0000000023fc0000)]
  0x00000000231a1800 JavaThread "Build operations Thread 4" [_thread_blocked, id=16712, stack(0x0000000023dc0000,0x0000000023ec0000)]
  0x00000000231a2000 JavaThread "Build operations Thread 3" [_thread_blocked, id=1608, stack(0x0000000023cc0000,0x0000000023dc0000)]
  0x00000000231a0800 JavaThread "Build operations Thread 2" [_thread_blocked, id=14836, stack(0x00000000220b0000,0x00000000221b0000)]
  0x000000002319f000 JavaThread "Build operations" [_thread_blocked, id=8968, stack(0x0000000021fb0000,0x00000000220b0000)]
  0x0000000023198800 JavaThread "Cache worker for cache directory md-rule (C:\Users\qwadi\.gradle\caches\6.1.1\md-rule)" [_thread_blocked, id=1696, stack(0x0000000021eb0000,0x0000000021fb0000)]
  0x000000002319c000 JavaThread "Cache worker for cache directory md-supplier (C:\Users\qwadi\.gradle\caches\6.1.1\md-supplier)" [_thread_blocked, id=13616, stack(0x0000000020ac0000,0x0000000020bc0000)]
  0x000000002319e800 JavaThread "Cache worker for file hash cache (E:\Pokedex\.gradle\6.1.1\fileHashes)" [_thread_blocked, id=16344, stack(0x00000000209c0000,0x0000000020ac0000)]
  0x000000002319b800 JavaThread "Cache worker for checksums cache (E:\Pokedex\.gradle\checksums)" [_thread_blocked, id=14216, stack(0x000000001e020000,0x000000001e120000)]
  0x0000000023194000 JavaThread "Thread-94" [_thread_blocked, id=8436, stack(0x000000001dd20000,0x000000001de20000)]
  0x0000000023197000 JavaThread "Stdin handler" [_thread_blocked, id=4336, stack(0x000000001dc20000,0x000000001dd20000)]
  0x000000002319a000 JavaThread "Asynchronous log dispatcher for DefaultDaemonConnection: socket connection from /127.0.0.1:62738 to /127.0.0.1:63226" [_thread_blocked, id=13080, stack(0x000000001d920000,0x000000001da20000)]
  0x000000002319a800 JavaThread "Daemon worker Thread 3" [_thread_in_vm, id=11284, stack(0x000000001d820000,0x000000001d920000)]
  0x0000000023199000 JavaThread "Cancel handler" [_thread_blocked, id=12536, stack(0x0000000000db0000,0x0000000000eb0000)]
  0x0000000023193000 JavaThread "Handler for socket connection from /127.0.0.1:62738 to /127.0.0.1:63226" [_thread_in_native, id=9916, stack(0x0000000000cb0000,0x0000000000db0000)]
  0x0000000023195800 JavaThread "Daemon Thread 3" [_thread_blocked, id=17832, stack(0x0000000000bb0000,0x0000000000cb0000)]
  0x000000001f847800 JavaThread "Cache worker for Java compile cache (C:\Users\qwadi\.gradle\caches\6.1.1\javaCompile)" [_thread_blocked, id=7632, stack(0x000000002a110000,0x000000002a210000)]
  0x000000001f847000 JavaThread "RMI Reaper" [_thread_blocked, id=2232, stack(0x0000000029f10000,0x000000002a010000)]
  0x000000001f84d800 JavaThread "RMI TCP Accept-0" daemon [_thread_in_native, id=4964, stack(0x0000000029e10000,0x0000000029f10000)]
  0x000000001f84d000 JavaThread "GC Daemon" daemon [_thread_blocked, id=17460, stack(0x0000000029d10000,0x0000000029e10000)]
  0x000000001f84c000 JavaThread "RMI Scheduler(0)" daemon [_thread_blocked, id=17072, stack(0x0000000029b10000,0x0000000029c10000)]
  0x000000002036c800 JavaThread "Cache worker for file content cache (C:\Users\qwadi\.gradle\caches\6.1.1\fileContent)" [_thread_blocked, id=4224, stack(0x00000000258b0000,0x00000000259b0000)]
  0x0000000020365000 JavaThread "Memory manager" [_thread_blocked, id=14612, stack(0x00000000257b0000,0x00000000258b0000)]
  0x000000001c23c000 JavaThread "Cache worker for execution history cache (C:\Users\qwadi\.gradle\caches\6.1.1\executionHistory)" [_thread_blocked, id=14560, stack(0x0000000020bc0000,0x0000000020cc0000)]
  0x000000001c239800 JavaThread "Cache worker for file hash cache (C:\Users\qwadi\.gradle\caches\6.1.1\fileHashes)" [_thread_blocked, id=5124, stack(0x000000001e520000,0x000000001e620000)]
  0x000000001c238000 JavaThread "File lock request listener" [_thread_in_native, id=10368, stack(0x000000001e420000,0x000000001e520000)]
  0x000000001c258800 JavaThread "Cache worker for journal cache (C:\Users\qwadi\.gradle\caches\journal-1)" [_thread_blocked, id=6724, stack(0x000000001e320000,0x000000001e420000)]
  0x000000001c195000 JavaThread "Daemon periodic checks" [_thread_blocked, id=6308, stack(0x000000001d720000,0x000000001d820000)]
  0x000000001c13e000 JavaThread "Incoming local TCP Connector on port 62738" [_thread_in_native, id=5236, stack(0x000000001d4d0000,0x000000001d5d0000)]
  0x000000001bcc6000 JavaThread "Daemon health stats" [_thread_blocked, id=10016, stack(0x000000001ce70000,0x000000001cf70000)]
  0x0000000019888000 JavaThread "Service Thread" daemon [_thread_blocked, id=13016, stack(0x000000001a4d0000,0x000000001a5d0000)]
  0x0000000019804000 JavaThread "C1 CompilerThread3" daemon [_thread_in_vm, id=11460, stack(0x000000001a3d0000,0x000000001a4d0000)]
  0x00000000197fd000 JavaThread "C2 CompilerThread2" daemon [_thread_in_native, id=6540, stack(0x000000001a2d0000,0x000000001a3d0000)]
  0x00000000197f3000 JavaThread "C2 CompilerThread1" daemon [_thread_in_native, id=16336, stack(0x000000001a1d0000,0x000000001a2d0000)]
=>0x00000000197f0000 JavaThread "C2 CompilerThread0" daemon [_thread_in_native, id=11024, stack(0x000000001a0d0000,0x000000001a1d0000)]
  0x00000000197ef000 JavaThread "Attach Listener" daemon [_thread_blocked, id=18904, stack(0x0000000019fd0000,0x000000001a0d0000)]
  0x00000000179ee000 JavaThread "Signal Dispatcher" daemon [_thread_blocked, id=15964, stack(0x0000000019ed0000,0x0000000019fd0000)]
  0x00000000197e1000 JavaThread "Finalizer" daemon [_thread_blocked, id=19248, stack(0x0000000019cc0000,0x0000000019dc0000)]
  0x00000000197e0800 JavaThread "Reference Handler" daemon [_thread_blocked, id=10488, stack(0x0000000019bc0000,0x0000000019cc0000)]
  0x000000000283d800 JavaThread "main" [_thread_blocked, id=15748, stack(0x0000000002720000,0x0000000002820000)]

Other Threads:
  0x00000000179d8000 VMThread [stack: 0x00000000196c0000,0x00000000197c0000] [id=7844]
  0x0000000019888800 WatcherThread [stack: 0x000000001a5d0000,0x000000001a6d0000] [id=11252]

VM state:not at safepoint (normal execution)

VM Mutex/Monitor currently owned by a thread:  ([mutex/lock_event])
[0x000000000283bfb0] CodeCache_lock - owner thread: 0x0000000019804000

heap address: 0x0000000080000000, size: 2048 MB, Compressed Oops mode: 32-bit
Narrow klass base: 0x0000000000000000, Narrow klass shift: 3
Compressed class space size: 1073741824 Address: 0x0000000100000000

Heap:
 PSYoungGen      total 524288K, used 18129K [0x00000000d5580000, 0x00000000ff580000, 0x0000000100000000)
  eden space 493568K, 2% used [0x00000000d5580000,0x00000000d61cc460,0x00000000f3780000)
  from space 30720K, 18% used [0x00000000f3780000,0x00000000f3ce8000,0x00000000f5580000)
  to   space 45568K, 0% used [0x00000000fc900000,0x00000000fc900000,0x00000000ff580000)
 ParOldGen       total 155648K, used 107472K [0x0000000080000000, 0x0000000089800000, 0x00000000d5580000)
  object space 155648K, 69% used [0x0000000080000000,0x00000000868f43e0,0x0000000089800000)
 Metaspace       used 97498K, capacity 102102K, committed 103704K, reserved 1138688K
  class space    used 12835K, capacity 13696K, committed 14120K, reserved 1048576K

Card table byte_map: [0x0000000011d00000,0x0000000012110000] byte_map_base: 0x0000000011900000

Marking Bits: (ParMarkBitMap*) 0x0000000057e0f030
 Begin Bits: [0x0000000012bc0000, 0x0000000014bc0000)
 End Bits:   [0x0000000014bc0000, 0x0000000016bc0000)

Polling page: 0x0000000001040000

CodeCache: size=245760Kb used=54284Kb max_used=54513Kb free=191475Kb
 bounds [0x0000000002940000, 0x0000000005ee0000, 0x0000000011940000]
 total_blobs=16331 nmethods=15402 adapters=840
 compilation: enabled

Compilation events (10 events):
Event: 1013.960 Thread 0x0000000019804000 18481       2       org.gradle.api.internal.changedetection.state.RuntimeClasspathResourceHasher::hash (20 bytes)
Event: 1013.961 Thread 0x0000000019804000 nmethod 18481 0x0000000003222d90 code [0x0000000003222f40, 0x00000000032233c8]
Event: 1013.961 Thread 0x0000000019804000 18483       2       com.google.common.io.ByteStreams::copy (51 bytes)
Event: 1013.961 Thread 0x0000000019804000 nmethod 18483 0x000000000391b290 code [0x000000000391b440, 0x000000000391b858]
Event: 1013.961 Thread 0x0000000019804000 18482       2       org.gradle.internal.hash.Hashing::primitiveStreamHasher (7 bytes)
Event: 1013.996 Thread 0x0000000019804000 nmethod 18482 0x0000000003efa990 code [0x0000000003efab20, 0x0000000003efaec8]
Event: 1013.997 Thread 0x0000000019804000 18486       2       java.util.zip.ZipInputStream::getNextEntry (74 bytes)
Event: 1013.998 Thread 0x0000000019804000 nmethod 18486 0x0000000003221810 code [0x00000000032219c0, 0x0000000003221de8]
Event: 1013.999 Thread 0x0000000019804000 18487   !   2       java.util.zip.ZipInputStream::readLOC (315 bytes)
Event: 1014.000 Thread 0x0000000019804000 nmethod 18487 0x0000000003bccbd0 code [0x0000000003bcce00, 0x0000000003bcd9e8]

GC Heap History (10 events):
Event: 17.914 GC heap before
{Heap before GC invocations=17 (full 4):
 PSYoungGen      total 422400K, used 13206K [0x00000000d5580000, 0x00000000f7b80000, 0x0000000100000000)
  eden space 390656K, 0% used [0x00000000d5580000,0x00000000d5580000,0x00000000ed300000)
  from space 31744K, 41% used [0x00000000ed300000,0x00000000edfe59d8,0x00000000ef200000)
  to   space 30208K, 0% used [0x00000000f5e00000,0x00000000f5e00000,0x00000000f7b80000)
 ParOldGen       total 109056K, used 45986K [0x0000000080000000, 0x0000000086a80000, 0x00000000d5580000)
  object space 109056K, 42% used [0x0000000080000000,0x0000000082ce8bd8,0x0000000086a80000)
 Metaspace       used 92865K, capacity 98512K, committed 98584K, reserved 1134592K
  class space    used 12815K, capacity 13817K, committed 13864K, reserved 1048576K
Event: 18.141 GC heap after
Heap after GC invocations=17 (full 4):
 PSYoungGen      total 422400K, used 0K [0x00000000d5580000, 0x00000000f7b80000, 0x0000000100000000)
  eden space 390656K, 0% used [0x00000000d5580000,0x00000000d5580000,0x00000000ed300000)
  from space 31744K, 0% used [0x00000000ed300000,0x00000000ed300000,0x00000000ef200000)
  to   space 30208K, 0% used [0x00000000f5e00000,0x00000000f5e00000,0x00000000f7b80000)
 ParOldGen       total 155648K, used 54363K [0x0000000080000000, 0x0000000089800000, 0x00000000d5580000)
  object space 155648K, 34% used [0x0000000080000000,0x0000000083516c28,0x0000000089800000)
 Metaspace       used 91953K, capacity 95920K, committed 98584K, reserved 1134592K
  class space    used 12513K, capacity 13285K, committed 13864K, reserved 1048576K
}
Event: 1009.327 GC heap before
{Heap before GC invocations=18 (full 4):
 PSYoungGen      total 422400K, used 390656K [0x00000000d5580000, 0x00000000f7b80000, 0x0000000100000000)
  eden space 390656K, 100% used [0x00000000d5580000,0x00000000ed300000,0x00000000ed300000)
  from space 31744K, 0% used [0x00000000ed300000,0x00000000ed300000,0x00000000ef200000)
  to   space 30208K, 0% used [0x00000000f5e00000,0x00000000f5e00000,0x00000000f7b80000)
 ParOldGen       total 155648K, used 54363K [0x0000000080000000, 0x0000000089800000, 0x00000000d5580000)
  object space 155648K, 34% used [0x0000000080000000,0x0000000083516c28,0x0000000089800000)
 Metaspace       used 95246K, capacity 99562K, committed 101784K, reserved 1136640K
  class space    used 12664K, capacity 13482K, committed 13992K, reserved 1048576K
Event: 1009.393 GC heap after
Heap after GC invocations=18 (full 4):
 PSYoungGen      total 515584K, used 19605K [0x00000000d5580000, 0x00000000f7380000, 0x0000000100000000)
  eden space 493568K, 0% used [0x00000000d5580000,0x00000000d5580000,0x00000000f3780000)
  from space 22016K, 89% used [0x00000000f5e00000,0x00000000f7125588,0x00000000f7380000)
  to   space 30720K, 0% used [0x00000000f3780000,0x00000000f3780000,0x00000000f5580000)
 ParOldGen       total 155648K, used 54371K [0x0000000080000000, 0x0000000089800000, 0x00000000d5580000)
  object space 155648K, 34% used [0x0000000080000000,0x0000000083518c28,0x0000000089800000)
 Metaspace       used 95246K, capacity 99562K, committed 101784K, reserved 1136640K
  class space    used 12664K, capacity 13482K, committed 13992K, reserved 1048576K
}
Event: 1011.732 GC heap before
{Heap before GC invocations=19 (full 4):
 PSYoungGen      total 515584K, used 513173K [0x00000000d5580000, 0x00000000f7380000, 0x0000000100000000)
  eden space 493568K, 100% used [0x00000000d5580000,0x00000000f3780000,0x00000000f3780000)
  from space 22016K, 89% used [0x00000000f5e00000,0x00000000f7125588,0x00000000f7380000)
  to   space 30720K, 0% used [0x00000000f3780000,0x00000000f3780000,0x00000000f5580000)
 ParOldGen       total 155648K, used 54371K [0x0000000080000000, 0x0000000089800000, 0x00000000d5580000)
  object space 155648K, 34% used [0x0000000080000000,0x0000000083518c28,0x0000000089800000)
 Metaspace       used 97210K, capacity 101822K, committed 103448K, reserved 1138688K
  class space    used 12828K, capacity 13686K, committed 14120K, reserved 1048576K
Event: 1011.820 GC heap after
Heap after GC invocations=19 (full 4):
 PSYoungGen      total 524288K, used 30696K [0x00000000d5580000, 0x00000000f7380000, 0x0000000100000000)
  eden space 493568K, 0% used [0x00000000d5580000,0x00000000d5580000,0x00000000f3780000)
  from space 30720K, 99% used [0x00000000f3780000,0x00000000f557a2c0,0x00000000f5580000)
  to   space 22016K, 0% used [0x00000000f5e00000,0x00000000f5e00000,0x00000000f7380000)
 ParOldGen       total 155648K, used 74926K [0x0000000080000000, 0x0000000089800000, 0x00000000d5580000)
  object space 155648K, 48% used [0x0000000080000000,0x000000008492b8e8,0x0000000089800000)
 Metaspace       used 97210K, capacity 101822K, committed 103448K, reserved 1138688K
  class space    used 12828K, capacity 13686K, committed 14120K, reserved 1048576K
}
Event: 1012.916 GC heap before
{Heap before GC invocations=20 (full 4):
 PSYoungGen      total 524288K, used 524264K [0x00000000d5580000, 0x00000000f7380000, 0x0000000100000000)
  eden space 493568K, 100% used [0x00000000d5580000,0x00000000f3780000,0x00000000f3780000)
  from space 30720K, 99% used [0x00000000f3780000,0x00000000f557a2c0,0x00000000f5580000)
  to   space 22016K, 0% used [0x00000000f5e00000,0x00000000f5e00000,0x00000000f7380000)
 ParOldGen       total 155648K, used 74926K [0x0000000080000000, 0x0000000089800000, 0x00000000d5580000)
  object space 155648K, 48% used [0x0000000080000000,0x000000008492b8e8,0x0000000089800000)
 Metaspace       used 97410K, capacity 102004K, committed 103704K, reserved 1138688K
  class space    used 12829K, capacity 13689K, committed 14120K, reserved 1048576K
Event: 1012.969 GC heap after
Heap after GC invocations=20 (full 4):
 PSYoungGen      total 515584K, used 22000K [0x00000000d5580000, 0x00000000f7380000, 0x0000000100000000)
  eden space 493568K, 0% used [0x00000000d5580000,0x00000000d5580000,0x00000000f3780000)
  from space 22016K, 99% used [0x00000000f5e00000,0x00000000f737c220,0x00000000f7380000)
  to   space 30720K, 0% used [0x00000000f3780000,0x00000000f3780000,0x00000000f5580000)
 ParOldGen       total 155648K, used 86022K [0x0000000080000000, 0x0000000089800000, 0x00000000d5580000)
  object space 155648K, 55% used [0x0000000080000000,0x0000000085401ac8,0x0000000089800000)
 Metaspace       used 97410K, capacity 102004K, committed 103704K, reserved 1138688K
  class space    used 12829K, capacity 13689K, committed 14120K, reserved 1048576K
}
Event: 1013.962 GC heap before
{Heap before GC invocations=21 (full 4):
 PSYoungGen      total 515584K, used 515568K [0x00000000d5580000, 0x00000000f7380000, 0x0000000100000000)
  eden space 493568K, 100% used [0x00000000d5580000,0x00000000f3780000,0x00000000f3780000)
  from space 22016K, 99% used [0x00000000f5e00000,0x00000000f737c220,0x00000000f7380000)
  to   space 30720K, 0% used [0x00000000f3780000,0x00000000f3780000,0x00000000f5580000)
 ParOldGen       total 155648K, used 86022K [0x0000000080000000, 0x0000000089800000, 0x00000000d5580000)
  object space 155648K, 55% used [0x0000000080000000,0x0000000085401ac8,0x0000000089800000)
 Metaspace       used 97495K, capacity 102102K, committed 103704K, reserved 1138688K
  class space    used 12835K, capacity 13696K, committed 14120K, reserved 1048576K
Event: 1013.996 GC heap after
Heap after GC invocations=21 (full 4):
 PSYoungGen      total 524288K, used 5536K [0x00000000d5580000, 0x00000000ff580000, 0x0000000100000000)
  eden space 493568K, 0% used [0x00000000d5580000,0x00000000d5580000,0x00000000f3780000)
  from space 30720K, 18% used [0x00000000f3780000,0x00000000f3ce8000,0x00000000f5580000)
  to   space 45568K, 0% used [0x00000000fc900000,0x00000000fc900000,0x00000000ff580000)
 ParOldGen       total 155648K, used 107472K [0x0000000080000000, 0x0000000089800000, 0x00000000d5580000)
  object space 155648K, 69% used [0x0000000080000000,0x00000000868f43e0,0x0000000089800000)
 Metaspace       used 97495K, capacity 102102K, committed 103704K, reserved 1138688K
  class space    used 12835K, capacity 13696K, committed 14120K, reserved 1048576K
}

Deoptimization events (10 events):
Event: 1013.020 Thread 0x000000002036e800 Uncommon trap: reason=unstable_if action=reinterpret pc=0x0000000003b86518 method=com.android.tools.r8.u.a.i.e.a(Ljava/util/List;Ljava/util/Map$Entry;)V @ 31
Event: 1013.130 Thread 0x0000000020371000 Uncommon trap: reason=unstable_if action=reinterpret pc=0x00000000052d6f70 method=com.android.tools.r8.ir.conversion.o.c(I)Lcom/android/tools/r8/graph/r; @ 6
Event: 1013.134 Thread 0x0000000020371000 Uncommon trap: reason=unstable_if action=reinterpret pc=0x00000000057459b8 method=com.android.tools.r8.u.b.S0.equals(Ljava/lang/Object;)Z @ 60
Event: 1013.546 Thread 0x000000002036e800 Uncommon trap: reason=bimorphic action=maybe_recompile pc=0x0000000005e90908 method=com.android.tools.r8.s.a.a.a.v.hash(Ljava/lang/Object;)I @ 8
Event: 1013.546 Thread 0x000000002036e800 Uncommon trap: reason=bimorphic action=maybe_recompile pc=0x0000000005e90908 method=com.android.tools.r8.s.a.a.a.v.hash(Ljava/lang/Object;)I @ 8
Event: 1013.547 Thread 0x000000002036e800 Uncommon trap: reason=bimorphic action=maybe_recompile pc=0x0000000005e90908 method=com.android.tools.r8.s.a.a.a.v.hash(Ljava/lang/Object;)I @ 8
Event: 1013.547 Thread 0x000000002036e800 Uncommon trap: reason=bimorphic action=maybe_recompile pc=0x0000000005e90908 method=com.android.tools.r8.s.a.a.a.v.hash(Ljava/lang/Object;)I @ 8
Event: 1013.623 Thread 0x000000001f848800 Uncommon trap: reason=bimorphic action=maybe_recompile pc=0x0000000004270bdc method=java.io.Writer.append(Ljava/lang/CharSequence;)Ljava/io/Writer; @ 20
Event: 1013.722 Thread 0x000000002036e800 Uncommon trap: reason=unstable_if action=reinterpret pc=0x0000000005e7a9dc method=com.android.tools.r8.u.b.m1.a(Lcom/android/tools/r8/graph/f;Lcom/android/tools/r8/u/b/W;Ljava/util/function/Predicate;Ljava/util/Set;)Z @ 242
Event: 1013.891 Thread 0x000000002036e800 Uncommon trap: reason=null_check action=make_not_entrant pc=0x0000000005ec75b4 method=com.android.tools.r8.ir.conversion.o.a(II)Lcom/android/tools/r8/graph/r; @ 14

Classes redefined (0 events):
No events

Internal exceptions (10 events):
Event: 1011.601 Thread 0x000000002036e000 Implicit null exception at 0x0000000005a7aec7 to 0x0000000005a8008d
Event: 1012.183 Thread 0x0000000020368000 Implicit null exception at 0x0000000004651a8f to 0x0000000004651bfd
Event: 1012.235 Thread 0x0000000020368000 Exception <a 'sun/nio/fs/WindowsException'> (0x00000000e04e08e8) thrown at [C:\src\AOSP-openjdk-git\hotspot\src\share\vm\prims\jni.cpp, line 710]
Event: 1013.505 Thread 0x000000001f848800 Exception <a 'sun/nio/fs/WindowsException'> (0x00000000e40b0058) thrown at [C:\src\AOSP-openjdk-git\hotspot\src\share\vm\prims\jni.cpp, line 710]
Event: 1013.506 Thread 0x000000001f848800 Exception <a 'sun/nio/fs/WindowsException'> (0x00000000e40b07e8) thrown at [C:\src\AOSP-openjdk-git\hotspot\src\share\vm\prims\jni.cpp, line 710]
Event: 1013.506 Thread 0x000000001f848800 Exception <a 'sun/nio/fs/WindowsException'> (0x00000000e40b0c90) thrown at [C:\src\AOSP-openjdk-git\hotspot\src\share\vm\prims\jni.cpp, line 710]
Event: 1013.890 Thread 0x000000002036e800 Implicit null exception at 0x0000000005ec18b0 to 0x0000000005ec759d
Event: 1013.950 Thread 0x000000002319a800 Exception <a 'sun/nio/fs/WindowsException'> (0x00000000e888d918) thrown at [C:\src\AOSP-openjdk-git\hotspot\src\share\vm\prims\jni.cpp, line 710]
Event: 1013.950 Thread 0x000000002319a800 Exception <a 'sun/nio/fs/WindowsException'> (0x00000000e888f0c8) thrown at [C:\src\AOSP-openjdk-git\hotspot\src\share\vm\prims\jni.cpp, line 710]
Event: 1013.950 Thread 0x000000002319a800 Exception <a 'sun/nio/fs/WindowsException'> (0x00000000e88908e8) thrown at [C:\src\AOSP-openjdk-git\hotspot\src\share\vm\prims\jni.cpp, line 710]

Events (10 events):
Event: 1013.946 Thread 0x000000002036e800 DEOPT UNPACKING pc=0x00000000029875d0 sp=0x0000000027419b08 mode 0
Event: 1013.962 Executing VM operation: ParallelGCFailedAllocation
Event: 1013.996 Executing VM operation: ParallelGCFailedAllocation done
Event: 1013.997 Thread 0x0000000019804000 flushing nmethod 0x0000000002b853d0
Event: 1013.998 Thread 0x0000000019804000 flushing nmethod 0x0000000002c69990
Event: 1013.998 Thread 0x0000000019804000 flushing nmethod 0x0000000002d07850
Event: 1013.999 Thread 0x0000000019804000 flushing nmethod 0x0000000002e7a610
Event: 1014.001 Thread 0x0000000019804000 flushing nmethod 0x0000000002f30950
Event: 1014.001 Thread 0x0000000019804000 flushing nmethod 0x0000000002f32790
Event: 1014.001 Thread 0x0000000019804000 flushing nmethod 0x0000000002f72b10


Dynamic libraries:
0x00007ff6c1dc0000 - 0x00007ff6c1df1000 	C:\Program Files\Android\Android Studio\jre\bin\java.exe
0x00007ffbb1380000 - 0x00007ffbb1570000 	C:\WINDOWS\SYSTEM32\ntdll.dll
0x00007ffbb0b30000 - 0x00007ffbb0be2000 	C:\WINDOWS\System32\KERNEL32.DLL
0x00007ffbaeed0000 - 0x00007ffbaf175000 	C:\WINDOWS\System32\KERNELBASE.dll
0x00007ffbb0a80000 - 0x00007ffbb0b23000 	C:\WINDOWS\System32\ADVAPI32.dll
0x00007ffbb0ea0000 - 0x00007ffbb0f3e000 	C:\WINDOWS\System32\msvcrt.dll
0x00007ffbb0120000 - 0x00007ffbb01b7000 	C:\WINDOWS\System32\sechost.dll
0x00007ffbaf430000 - 0x00007ffbaf550000 	C:\WINDOWS\System32\RPCRT4.dll
0x00007ffbafdf0000 - 0x00007ffbaff85000 	C:\WINDOWS\System32\USER32.dll
0x00007ffbaec40000 - 0x00007ffbaec61000 	C:\WINDOWS\System32\win32u.dll
0x00007ffbb06b0000 - 0x00007ffbb06d6000 	C:\WINDOWS\System32\GDI32.dll
0x00007ffbaec70000 - 0x00007ffbaee06000 	C:\WINDOWS\System32\gdi32full.dll
0x00007ffbaee30000 - 0x00007ffbaeece000 	C:\WINDOWS\System32\msvcp_win.dll
0x00007ffbae3c0000 - 0x00007ffbae4ba000 	C:\WINDOWS\System32\ucrtbase.dll
0x00007ffb9ba50000 - 0x00007ffb9bcd4000 	C:\WINDOWS\WinSxS\amd64_microsoft.windows.common-controls_6595b64144ccf1df_6.0.18362.1082_none_9e8193e1e45b25c1\COMCTL32.dll
0x00007ffbb06e0000 - 0x00007ffbb0a15000 	C:\WINDOWS\System32\combase.dll
0x00007ffbae310000 - 0x00007ffbae390000 	C:\WINDOWS\System32\bcryptPrimitives.dll
0x00007ffbb0c00000 - 0x00007ffbb0c2e000 	C:\WINDOWS\System32\IMM32.DLL
0x0000000057480000 - 0x0000000057552000 	C:\Program Files\Android\Android Studio\jre\jre\bin\msvcr100.dll
0x0000000057640000 - 0x0000000057e8b000 	C:\Program Files\Android\Android Studio\jre\jre\bin\server\jvm.dll
0x00007ffbb0040000 - 0x00007ffbb0048000 	C:\WINDOWS\System32\PSAPI.DLL
0x00007ffba66a0000 - 0x00007ffba66a9000 	C:\WINDOWS\SYSTEM32\WSOCK32.dll
0x00007ffbb12c0000 - 0x00007ffbb132f000 	C:\WINDOWS\System32\WS2_32.dll
0x00007ffba1160000 - 0x00007ffba1184000 	C:\WINDOWS\SYSTEM32\WINMM.dll
0x00007ffba5e00000 - 0x00007ffba5e0a000 	C:\WINDOWS\SYSTEM32\VERSION.dll
0x00007ffba1130000 - 0x00007ffba115d000 	C:\WINDOWS\SYSTEM32\winmmbase.dll
0x00007ffbaf1e0000 - 0x00007ffbaf22a000 	C:\WINDOWS\System32\cfgmgr32.dll
0x00007ffba4d10000 - 0x00007ffba4d1f000 	C:\Program Files\Android\Android Studio\jre\jre\bin\verify.dll
0x00007ffb9b500000 - 0x00007ffb9b529000 	C:\Program Files\Android\Android Studio\jre\jre\bin\java.dll
0x00007ffba1900000 - 0x00007ffba1916000 	C:\Program Files\Android\Android Studio\jre\jre\bin\zip.dll
0x00007ffbaf700000 - 0x00007ffbafde7000 	C:\WINDOWS\System32\SHELL32.dll
0x00007ffbb0c90000 - 0x00007ffbb0d39000 	C:\WINDOWS\System32\shcore.dll
0x00007ffbae4c0000 - 0x00007ffbaec40000 	C:\WINDOWS\System32\windows.storage.dll
0x00007ffbae250000 - 0x00007ffbae273000 	C:\WINDOWS\System32\profapi.dll
0x00007ffbae2a0000 - 0x00007ffbae2ea000 	C:\WINDOWS\System32\powrprof.dll
0x00007ffbae240000 - 0x00007ffbae250000 	C:\WINDOWS\System32\UMPDC.dll
0x00007ffbb0a20000 - 0x00007ffbb0a72000 	C:\WINDOWS\System32\shlwapi.dll
0x00007ffbae280000 - 0x00007ffbae291000 	C:\WINDOWS\System32\kernel.appcore.dll
0x00007ffbaee10000 - 0x00007ffbaee27000 	C:\WINDOWS\System32\cryptsp.dll
0x00007ffb9ea90000 - 0x00007ffb9eaaa000 	C:\Program Files\Android\Android Studio\jre\jre\bin\net.dll
0x00007ffbada90000 - 0x00007ffbadaf7000 	C:\WINDOWS\system32\mswsock.dll
0x00007ffb995a0000 - 0x00007ffb995b3000 	C:\Program Files\Android\Android Studio\jre\jre\bin\nio.dll
0x00007ffb98e80000 - 0x00007ffb98ea6000 	C:\Users\qwadi\.gradle\native\31\windows-amd64\native-platform.dll
0x00007ffba4c70000 - 0x00007ffba4c7d000 	C:\Program Files\Android\Android Studio\jre\jre\bin\management.dll
0x00007ffbad600000 - 0x00007ffbad633000 	C:\WINDOWS\system32\rsaenh.dll
0x00007ffbae390000 - 0x00007ffbae3b6000 	C:\WINDOWS\System32\bcrypt.dll
0x00007ffbae160000 - 0x00007ffbae185000 	C:\WINDOWS\SYSTEM32\USERENV.dll
0x00007ffbadc60000 - 0x00007ffbadc6c000 	C:\WINDOWS\SYSTEM32\CRYPTBASE.dll
0x00007ffbad7a0000 - 0x00007ffbad7da000 	C:\WINDOWS\SYSTEM32\IPHLPAPI.DLL
0x00007ffbb1330000 - 0x00007ffbb1338000 	C:\WINDOWS\System32\NSI.dll
0x00007ffba5520000 - 0x00007ffba5536000 	C:\WINDOWS\SYSTEM32\dhcpcsvc6.DLL
0x00007ffba5830000 - 0x00007ffba584c000 	C:\WINDOWS\SYSTEM32\dhcpcsvc.DLL
0x00007ffbad7e0000 - 0x00007ffbad8ab000 	C:\WINDOWS\SYSTEM32\DNSAPI.dll
0x00007ffba1b60000 - 0x00007ffba1b7e000 	C:\Users\qwadi\AppData\Local\Temp\native-platform3197914491586524516dir\native-platform.dll

VM Arguments:
jvm_args: -Xmx2048m -Dfile.encoding=windows-1251 -Duser.country=RU -Duser.language=ru -Duser.variant 
java_command: org.gradle.launcher.daemon.bootstrap.GradleDaemon 6.1.1
java_class_path (initial): C:\Users\qwadi\.gradle\wrapper\dists\gradle-6.1.1-all\cfmwm155h49vnt3hynmlrsdst\gradle-6.1.1\lib\gradle-launcher-6.1.1.jar
Launcher Type: SUN_STANDARD

Environment Variables:
PATH=C:\WINDOWS\system32;C:\WINDOWS;C:\WINDOWS\System32\Wbem;C:\WINDOWS\System32\WindowsPowerShell\v1.0\;C:\WINDOWS\System32\OpenSSH\;C:\Program Files (x86)\NVIDIA Corporation\PhysX\Common;C:\Program Files\Git\cmd;C:\Users\qwadi\AppData\Local\Microsoft\WindowsApps;
USERNAME=qwadi
OS=Windows_NT
PROCESSOR_IDENTIFIER=Intel64 Family 6 Model 165 Stepping 2, GenuineIntel



---------------  S Y S T E M  ---------------

OS: Windows 10.0 , 64 bit Build 18362 (10.0.18362.1082)

CPU:total 8 (initial active 8) (4 cores per cpu, 2 threads per core) family 6 model 165 stepping 2, cmov, cx8, fxsr, mmx, sse, sse2, sse3, ssse3, sse4.1, sse4.2, popcnt, avx, avx2, aes, clmul, erms, 3dnowpref, lzcnt, ht, tsc, tscinvbit, bmi1, bmi2, adx

Memory: 4k page, physical 8170764k(421924k free), swap 18272712k(5252k free)

vm_info: OpenJDK 64-Bit Server VM (25.242-b01) for windows-amd64 JRE (1.8.0_242-release-1644-b01), built by "builder" with MS VC++ 10.0 (VS2010)

time: Thu Oct 08 19:50:21 2020
timezone: Финляндия (лето)
elapsed time: 1014 seconds (0d 0h 16m 54s)

