#
# There is insufficient memory for the Java Runtime Environment to continue.
# Native memory allocation (malloc) failed to allocate 2009776 bytes for Chunk::new
# Possible reasons:
#   The system is out of physical RAM or swap space
#   The process is running with CompressedOops enabled, and the Java Heap may be blocking the growth of the native heap
# Possible solutions:
#   Reduce memory load on the system
#   Increase physical memory or swap space
#   Check if swap backing store is full
#   Decrease Java heap size (-Xmx/-Xms)
#   Decrease number of Java threads
#   Decrease Java thread stack sizes (-Xss)
#   Set larger code cache with -XX:ReservedCodeCacheSize=
#   JVM is running with Unscaled Compressed Oops mode in which the Java heap is
#     placed in the first 4GB address space. The Java Heap base address is the
#     maximum limit for the native heap growth. Please use -XX:HeapBaseMinAddress
#     to set the Java Heap base and to place the Java Heap above 4GB virtual address.
# This output file may be truncated or incomplete.
#
#  Out of Memory Error (allocation.cpp:389), pid=2676, tid=0x0000000000003a38
#
# JRE version: OpenJDK Runtime Environment (8.0_242-b01) (build 1.8.0_242-release-1644-b01)
# Java VM: OpenJDK 64-Bit Server VM (25.242-b01 mixed mode windows-amd64 compressed oops)
# Failed to write core dump. Minidumps are not enabled by default on client versions of Windows
#

---------------  T H R E A D  ---------------

Current thread (0x0000000019c15000):  JavaThread "C2 CompilerThread2" daemon [_thread_in_native, id=14904, stack(0x000000001a6e0000,0x000000001a7e0000)]

Stack: [0x000000001a6e0000,0x000000001a7e0000]
[error occurred during error reporting (printing stack bounds), id 0xc0000005]

Native frames: (J=compiled Java code, j=interpreted, Vv=VM code, C=native code)


Current CompileTask:
C2:   1447 1851   !   4       java.net.URLClassLoader$1::run (63 bytes)


---------------  P R O C E S S  ---------------

Java Threads: ( => current thread )
  0x0000000019c34000 JavaThread "Service Thread" daemon [_thread_blocked, id=18692, stack(0x000000001a8e0000,0x000000001a9e0000)]
  0x0000000019c22000 JavaThread "C1 CompilerThread3" daemon [_thread_in_native, id=1896, stack(0x000000001a7e0000,0x000000001a8e0000)]
=>0x0000000019c15000 JavaThread "C2 CompilerThread2" daemon [_thread_in_native, id=14904, stack(0x000000001a6e0000,0x000000001a7e0000)]
  0x0000000019c14000 JavaThread "C2 CompilerThread1" daemon [_thread_in_native, id=6604, stack(0x000000001a5e0000,0x000000001a6e0000)]
  0x0000000019c11000 JavaThread "C2 CompilerThread0" daemon [_thread_blocked, id=5608, stack(0x000000001a4e0000,0x000000001a5e0000)]
  0x0000000019c0f800 JavaThread "Attach Listener" daemon [_thread_blocked, id=13664, stack(0x000000001a3e0000,0x000000001a4e0000)]
  0x0000000019c0e800 JavaThread "Signal Dispatcher" daemon [_thread_blocked, id=12988, stack(0x000000001a2e0000,0x000000001a3e0000)]
  0x0000000002f8e000 JavaThread "Finalizer" daemon [_thread_blocked, id=5684, stack(0x000000001a0e0000,0x000000001a1e0000)]
  0x0000000002f87800 JavaThread "Reference Handler" daemon [_thread_blocked, id=11288, stack(0x0000000019fe0000,0x000000001a0e0000)]
  0x0000000002e8e000 JavaThread "main" [_thread_in_vm, id=2560, stack(0x0000000002d60000,0x0000000002e60000)]

Other Threads:
  0x0000000017e18000 VMThread [stack: 0x0000000019ae0000,0x0000000019be0000] [id=5344]
  0x0000000019c35000 WatcherThread [stack: 0x000000001a9e0000,0x000000001aae0000] [id=15396]

VM state:not at safepoint (normal execution)

VM Mutex/Monitor currently owned by a thread: None

heap address: 0x0000000083400000, size: 1996 MB, Compressed Oops mode: 32-bit
Narrow klass base: 0x0000000000000000, Narrow klass shift: 3
Compressed class space size: 1073741824 Address: 0x0000000100000000

Heap:
 PSYoungGen      total 70656K, used 56540K [0x00000000d6700000, 0x00000000db100000, 0x0000000100000000)
  eden space 65536K, 86% used [0x00000000d6700000,0x00000000d9e371d8,0x00000000da700000)
  from space 5120K, 0% used [0x00000000da700000,0x00000000da700000,0x00000000dac00000)
  to   space 5120K, 0% used [0x00000000dac00000,0x00000000dac00000,0x00000000db100000)
 ParOldGen       total 66048K, used 9115K [0x0000000083400000, 0x0000000087480000, 0x00000000d6700000)
  object space 66048K, 13% used [0x0000000083400000,0x0000000083ce6d50,0x0000000087480000)
 Metaspace       used 28535K, capacity 29038K, committed 29184K, reserved 1075200K
  class space    used 3413K, capacity 3576K, committed 3584K, reserved 1048576K

Card table byte_map: [0x0000000012350000,0x0000000012740000] byte_map_base: 0x0000000011f36000

Marking Bits: (ParMarkBitMap*) 0x0000000057def030
 Begin Bits: [0x00000000131e0000, 0x0000000015110000)
 End Bits:   [0x0000000015110000, 0x0000000017040000)

Polling page: 0x0000000001670000

CodeCache: size=245760Kb used=6481Kb max_used=6484Kb free=239279Kb
 bounds [0x0000000002f90000, 0x00000000035f0000, 0x0000000011f90000]
 total_blobs=2575 nmethods=2144 adapters=344
 compilation: enabled

Compilation events (10 events):
Event: 1.437 Thread 0x0000000019c22000 2141       3       java.lang.reflect.WeakCache$CacheKey::valueOf (20 bytes)
Event: 1.437 Thread 0x0000000019c22000 nmethod 2141 0x00000000035d3d50 code [0x00000000035d3ee0, 0x00000000035d4348]
Event: 1.437 Thread 0x0000000019c22000 2142       3       java.lang.reflect.Proxy$KeyFactory::apply (13 bytes)
Event: 1.437 Thread 0x0000000019c22000 nmethod 2142 0x00000000035d3710 code [0x00000000035d3880, 0x00000000035d3c68]
Event: 1.439 Thread 0x0000000019c22000 2144   !   3       sun.reflect.generics.factory.CoreReflectionFactory::makeNamedType (21 bytes)
Event: 1.439 Thread 0x0000000019c22000 nmethod 2144 0x00000000035d31d0 code [0x00000000035d3360, 0x00000000035d35c8]
Event: 1.439 Thread 0x0000000019c22000 2145       3       sun.reflect.generics.factory.CoreReflectionFactory::getDeclsLoader (85 bytes)
Event: 1.441 Thread 0x0000000019c22000 nmethod 2145 0x00000000035e44d0 code [0x00000000035e4820, 0x00000000035e6ad8]
Event: 1.445 Thread 0x0000000019c11000 nmethod 2136 0x00000000035e78d0 code [0x00000000035e7b00, 0x00000000035e84d8]
Event: 1.445 Thread 0x0000000019c11000 2146       4       java.nio.HeapByteBuffer::get (14 bytes)

GC Heap History (8 events):
Event: 0.388 GC heap before
{Heap before GC invocations=1 (full 0):
 PSYoungGen      total 37888K, used 32768K [0x00000000d6700000, 0x00000000d9100000, 0x0000000100000000)
  eden space 32768K, 100% used [0x00000000d6700000,0x00000000d8700000,0x00000000d8700000)
  from space 5120K, 0% used [0x00000000d8c00000,0x00000000d8c00000,0x00000000d9100000)
  to   space 5120K, 0% used [0x00000000d8700000,0x00000000d8700000,0x00000000d8c00000)
 ParOldGen       total 86016K, used 0K [0x0000000083400000, 0x0000000088800000, 0x00000000d6700000)
  object space 86016K, 0% used [0x0000000083400000,0x0000000083400000,0x0000000088800000)
 Metaspace       used 10223K, capacity 10396K, committed 10624K, reserved 1058816K
  class space    used 1077K, capacity 1148K, committed 1152K, reserved 1048576K
Event: 0.393 GC heap after
Heap after GC invocations=1 (full 0):
 PSYoungGen      total 37888K, used 5090K [0x00000000d6700000, 0x00000000db100000, 0x0000000100000000)
  eden space 32768K, 0% used [0x00000000d6700000,0x00000000d6700000,0x00000000d8700000)
  from space 5120K, 99% used [0x00000000d8700000,0x00000000d8bf8bd0,0x00000000d8c00000)
  to   space 5120K, 0% used [0x00000000dac00000,0x00000000dac00000,0x00000000db100000)
 ParOldGen       total 86016K, used 2455K [0x0000000083400000, 0x0000000088800000, 0x00000000d6700000)
  object space 86016K, 2% used [0x0000000083400000,0x0000000083665cd8,0x0000000088800000)
 Metaspace       used 10223K, capacity 10396K, committed 10624K, reserved 1058816K
  class space    used 1077K, capacity 1148K, committed 1152K, reserved 1048576K
}
Event: 0.687 GC heap before
{Heap before GC invocations=2 (full 0):
 PSYoungGen      total 37888K, used 37858K [0x00000000d6700000, 0x00000000db100000, 0x0000000100000000)
  eden space 32768K, 100% used [0x00000000d6700000,0x00000000d8700000,0x00000000d8700000)
  from space 5120K, 99% used [0x00000000d8700000,0x00000000d8bf8bd0,0x00000000d8c00000)
  to   space 5120K, 0% used [0x00000000dac00000,0x00000000dac00000,0x00000000db100000)
 ParOldGen       total 86016K, used 2455K [0x0000000083400000, 0x0000000088800000, 0x00000000d6700000)
  object space 86016K, 2% used [0x0000000083400000,0x0000000083665cd8,0x0000000088800000)
 Metaspace       used 15929K, capacity 16258K, committed 16512K, reserved 1064960K
  class space    used 1824K, capacity 1913K, committed 1920K, reserved 1048576K
Event: 0.693 GC heap after
Heap after GC invocations=2 (full 0):
 PSYoungGen      total 70656K, used 5088K [0x00000000d6700000, 0x00000000db100000, 0x0000000100000000)
  eden space 65536K, 0% used [0x00000000d6700000,0x00000000d6700000,0x00000000da700000)
  from space 5120K, 99% used [0x00000000dac00000,0x00000000db0f8020,0x00000000db100000)
  to   space 5120K, 0% used [0x00000000da700000,0x00000000da700000,0x00000000dac00000)
 ParOldGen       total 86016K, used 7387K [0x0000000083400000, 0x0000000088800000, 0x00000000d6700000)
  object space 86016K, 8% used [0x0000000083400000,0x0000000083b36f20,0x0000000088800000)
 Metaspace       used 15929K, capacity 16258K, committed 16512K, reserved 1064960K
  class space    used 1824K, capacity 1913K, committed 1920K, reserved 1048576K
}
Event: 0.904 GC heap before
{Heap before GC invocations=3 (full 0):
 PSYoungGen      total 70656K, used 25041K [0x00000000d6700000, 0x00000000db100000, 0x0000000100000000)
  eden space 65536K, 30% used [0x00000000d6700000,0x00000000d7a7c5a0,0x00000000da700000)
  from space 5120K, 99% used [0x00000000dac00000,0x00000000db0f8020,0x00000000db100000)
  to   space 5120K, 0% used [0x00000000da700000,0x00000000da700000,0x00000000dac00000)
 ParOldGen       total 86016K, used 7387K [0x0000000083400000, 0x0000000088800000, 0x00000000d6700000)
  object space 86016K, 8% used [0x0000000083400000,0x0000000083b36f20,0x0000000088800000)
 Metaspace       used 20759K, capacity 21204K, committed 21248K, reserved 1069056K
  class space    used 2412K, capacity 2558K, committed 2560K, reserved 1048576K
Event: 0.909 GC heap after
Heap after GC invocations=3 (full 0):
 PSYoungGen      total 70656K, used 5088K [0x00000000d6700000, 0x00000000db100000, 0x0000000100000000)
  eden space 65536K, 0% used [0x00000000d6700000,0x00000000d6700000,0x00000000da700000)
  from space 5120K, 99% used [0x00000000da700000,0x00000000dabf8030,0x00000000dac00000)
  to   space 5120K, 0% used [0x00000000dac00000,0x00000000dac00000,0x00000000db100000)
 ParOldGen       total 86016K, used 11574K [0x0000000083400000, 0x0000000088800000, 0x00000000d6700000)
  object space 86016K, 13% used [0x0000000083400000,0x0000000083f4d8e8,0x0000000088800000)
 Metaspace       used 20759K, capacity 21204K, committed 21248K, reserved 1069056K
  class space    used 2412K, capacity 2558K, committed 2560K, reserved 1048576K
}
Event: 0.909 GC heap before
{Heap before GC invocations=4 (full 1):
 PSYoungGen      total 70656K, used 5088K [0x00000000d6700000, 0x00000000db100000, 0x0000000100000000)
  eden space 65536K, 0% used [0x00000000d6700000,0x00000000d6700000,0x00000000da700000)
  from space 5120K, 99% used [0x00000000da700000,0x00000000dabf8030,0x00000000dac00000)
  to   space 5120K, 0% used [0x00000000dac00000,0x00000000dac00000,0x00000000db100000)
 ParOldGen       total 86016K, used 11574K [0x0000000083400000, 0x0000000088800000, 0x00000000d6700000)
  object space 86016K, 13% used [0x0000000083400000,0x0000000083f4d8e8,0x0000000088800000)
 Metaspace       used 20759K, capacity 21204K, committed 21248K, reserved 1069056K
  class space    used 2412K, capacity 2558K, committed 2560K, reserved 1048576K
Event: 0.929 GC heap after
Heap after GC invocations=4 (full 1):
 PSYoungGen      total 70656K, used 0K [0x00000000d6700000, 0x00000000db100000, 0x0000000100000000)
  eden space 65536K, 0% used [0x00000000d6700000,0x00000000d6700000,0x00000000da700000)
  from space 5120K, 0% used [0x00000000da700000,0x00000000da700000,0x00000000dac00000)
  to   space 5120K, 0% used [0x00000000dac00000,0x00000000dac00000,0x00000000db100000)
 ParOldGen       total 66048K, used 9115K [0x0000000083400000, 0x0000000087480000, 0x00000000d6700000)
  object space 66048K, 13% used [0x0000000083400000,0x0000000083ce6d50,0x0000000087480000)
 Metaspace       used 20759K, capacity 21204K, committed 21248K, reserved 1069056K
  class space    used 2412K, capacity 2558K, committed 2560K, reserved 1048576K
}

Deoptimization events (10 events):
Event: 1.276 Thread 0x0000000002e8e000 Uncommon trap: reason=bimorphic action=maybe_recompile pc=0x00000000034f75e4 method=java.util.AbstractList$Itr.next()Ljava/lang/Object; @ 14
Event: 1.276 Thread 0x0000000002e8e000 Uncommon trap: reason=bimorphic action=maybe_recompile pc=0x00000000034f75e4 method=java.util.AbstractList$Itr.next()Ljava/lang/Object; @ 14
Event: 1.276 Thread 0x0000000002e8e000 Uncommon trap: reason=bimorphic action=maybe_recompile pc=0x00000000034f75e4 method=java.util.AbstractList$Itr.next()Ljava/lang/Object; @ 14
Event: 1.280 Thread 0x0000000002e8e000 Uncommon trap: reason=bimorphic action=maybe_recompile pc=0x00000000034ee7fc method=gnu.trove.TObjectHash.index(Ljava/lang/Object;)I @ 126
Event: 1.280 Thread 0x0000000002e8e000 Uncommon trap: reason=bimorphic action=maybe_recompile pc=0x00000000034ee7fc method=gnu.trove.TObjectHash.index(Ljava/lang/Object;)I @ 126
Event: 1.280 Thread 0x0000000002e8e000 Uncommon trap: reason=bimorphic action=maybe_recompile pc=0x00000000034ee7fc method=gnu.trove.TObjectHash.index(Ljava/lang/Object;)I @ 126
Event: 1.280 Thread 0x0000000002e8e000 Uncommon trap: reason=bimorphic action=maybe_recompile pc=0x00000000034ee7fc method=gnu.trove.TObjectHash.index(Ljava/lang/Object;)I @ 126
Event: 1.371 Thread 0x0000000002e8e000 Uncommon trap: reason=range_check action=make_not_entrant pc=0x0000000003366aa0 method=sun.reflect.generics.parser.SignatureParser.current()C @ 34
Event: 1.373 Thread 0x0000000002e8e000 Uncommon trap: reason=unstable_if action=reinterpret pc=0x00000000034fca80 method=org.jetbrains.kotlin.com.intellij.util.SmartList.get(I)Ljava/lang/Object; @ 13
Event: 1.396 Thread 0x0000000002e8e000 Uncommon trap: reason=unstable_if action=reinterpret pc=0x00000000035a5538 method=java.lang.reflect.Method.equals(Ljava/lang/Object;)Z @ 49

Classes redefined (0 events):
No events

Internal exceptions (10 events):
Event: 0.248 Thread 0x0000000002e8e000 Exception <a 'java/security/PrivilegedActionException'> (0x00000000d76e51c8) thrown at [C:\src\AOSP-openjdk-git\hotspot\src\share\vm\prims\jvm.cpp, line 1502]
Event: 0.366 Thread 0x0000000002e8e000 Exception <a 'java/lang/ArrayIndexOutOfBoundsException'> (0x00000000d844abd0) thrown at [C:\src\AOSP-openjdk-git\hotspot\src\share\vm\runtime\sharedRuntime.cpp, line 605]
Event: 0.461 Thread 0x0000000002e8e000 Exception <a 'java/lang/ArrayIndexOutOfBoundsException'> (0x00000000d6e10870) thrown at [C:\src\AOSP-openjdk-git\hotspot\src\share\vm\runtime\sharedRuntime.cpp, line 605]
Event: 0.723 Thread 0x0000000002e8e000 Exception <a 'java/lang/NoSuchMethodError': java.lang.Object.lambda$comparing$77a9974f$1(Ljava/util/function/Function;Ljava/lang/Object;Ljava/lang/Object;)I> (0x00000000d6af7c30) thrown at [C:\src\AOSP-openjdk-git\hotspot\src\share\vm\interpreter\linkReso
Event: 0.735 Thread 0x0000000002e8e000 Exception <a 'java/lang/NoSuchMethodError': java.lang.Object.lambda$static$0()J> (0x00000000d6bfbae0) thrown at [C:\src\AOSP-openjdk-git\hotspot\src\share\vm\interpreter\linkResolver.cpp, line 620]
Event: 0.833 Thread 0x0000000002e8e000 Exception <a 'java/lang/NoSuchMethodError': java.lang.Object.lambda$static$0(I)[Lorg/jetbrains/kotlin/com/intellij/openapi/editor/event/DocumentListener;> (0x00000000d734d3c0) thrown at [C:\src\AOSP-openjdk-git\hotspot\src\share\vm\interpreter\linkResolve
Event: 0.857 Thread 0x0000000002e8e000 Exception <a 'java/lang/NoSuchMethodError': java.lang.Object.lambda$static$0(I)[Lorg/jetbrains/kotlin/com/intellij/psi/PsiAnnotation;> (0x00000000d756b4b8) thrown at [C:\src\AOSP-openjdk-git\hotspot\src\share\vm\interpreter\linkResolver.cpp, line 620]
Event: 0.941 Thread 0x0000000002e8e000 Exception <a 'java/lang/NoSuchMethodError': java.lang.Object.lambda$static$0(I)[Lorg/jetbrains/kotlin/com/intellij/psi/PsiElement;> (0x00000000d67e30c8) thrown at [C:\src\AOSP-openjdk-git\hotspot\src\share\vm\interpreter\linkResolver.cpp, line 620]
Event: 1.371 Thread 0x0000000002e8e000 Exception <a 'java/lang/ArrayIndexOutOfBoundsException': 126> (0x00000000d95723f0) thrown at [C:\src\AOSP-openjdk-git\hotspot\src\share\vm\interpreter\interpreterRuntime.cpp, line 368]
Event: 1.372 Thread 0x0000000002e8e000 Exception <a 'java/lang/ArrayIndexOutOfBoundsException': 86> (0x00000000d9573878) thrown at [C:\src\AOSP-openjdk-git\hotspot\src\share\vm\interpreter\interpreterRuntime.cpp, line 368]

Events (10 events):
Event: 1.442 loading class org/jetbrains/kotlin/resolve/constants/evaluate/ConstantExpressionEvaluator
Event: 1.442 loading class org/jetbrains/kotlin/resolve/constants/evaluate/ConstantExpressionEvaluator done
Event: 1.443 loading class org/jetbrains/kotlin/psi/KtTypeParameter
Event: 1.443 loading class org/jetbrains/kotlin/psi/KtTypeParameter done
Event: 1.444 loading class org/jetbrains/kotlin/resolve/scopes/LexicalScope
Event: 1.444 loading class org/jetbrains/kotlin/resolve/scopes/LexicalScope done
Event: 1.444 loading class org/jetbrains/kotlin/resolve/scopes/HierarchicalScope
Event: 1.444 loading class org/jetbrains/kotlin/resolve/scopes/HierarchicalScope done
Event: 1.444 loading class org/jetbrains/kotlin/psi/KtAnnotationEntry
Event: 1.444 loading class org/jetbrains/kotlin/psi/KtAnnotationEntry done


Dynamic libraries:
0x00007ff77c4e0000 - 0x00007ff77c511000 	C:\Program Files\Android\Android Studio\jre\jre\bin\java.exe
0x00007ffbb1380000 - 0x00007ffbb1570000 	C:\WINDOWS\SYSTEM32\ntdll.dll
0x00007ffbb0b30000 - 0x00007ffbb0be2000 	C:\WINDOWS\System32\KERNEL32.DLL
0x00007ffbaeed0000 - 0x00007ffbaf175000 	C:\WINDOWS\System32\KERNELBASE.dll
0x00007ffbb0a80000 - 0x00007ffbb0b23000 	C:\WINDOWS\System32\ADVAPI32.dll
0x00007ffbb0ea0000 - 0x00007ffbb0f3e000 	C:\WINDOWS\System32\msvcrt.dll
0x00007ffbb0120000 - 0x00007ffbb01b7000 	C:\WINDOWS\System32\sechost.dll
0x00007ffbaf430000 - 0x00007ffbaf550000 	C:\WINDOWS\System32\RPCRT4.dll
0x00007ffbafdf0000 - 0x00007ffbaff85000 	C:\WINDOWS\System32\USER32.dll
0x00007ffbaec40000 - 0x00007ffbaec61000 	C:\WINDOWS\System32\win32u.dll
0x00007ffbb06b0000 - 0x00007ffbb06d6000 	C:\WINDOWS\System32\GDI32.dll
0x00007ffbaec70000 - 0x00007ffbaee06000 	C:\WINDOWS\System32\gdi32full.dll
0x00007ffbaee30000 - 0x00007ffbaeece000 	C:\WINDOWS\System32\msvcp_win.dll
0x00007ffbae3c0000 - 0x00007ffbae4ba000 	C:\WINDOWS\System32\ucrtbase.dll
0x00007ffb9ba50000 - 0x00007ffb9bcd4000 	C:\WINDOWS\WinSxS\amd64_microsoft.windows.common-controls_6595b64144ccf1df_6.0.18362.1082_none_9e8193e1e45b25c1\COMCTL32.dll
0x00007ffbb06e0000 - 0x00007ffbb0a15000 	C:\WINDOWS\System32\combase.dll
0x00007ffbae310000 - 0x00007ffbae390000 	C:\WINDOWS\System32\bcryptPrimitives.dll
0x00007ffbb0c00000 - 0x00007ffbb0c2e000 	C:\WINDOWS\System32\IMM32.DLL
0x0000000057430000 - 0x0000000057502000 	C:\Program Files\Android\Android Studio\jre\jre\bin\msvcr100.dll
0x0000000057620000 - 0x0000000057e6b000 	C:\Program Files\Android\Android Studio\jre\jre\bin\server\jvm.dll
0x00007ffbb0040000 - 0x00007ffbb0048000 	C:\WINDOWS\System32\PSAPI.DLL
0x00007ffba34d0000 - 0x00007ffba34d9000 	C:\WINDOWS\SYSTEM32\WSOCK32.dll
0x00007ffba1160000 - 0x00007ffba1184000 	C:\WINDOWS\SYSTEM32\WINMM.dll
0x00007ffba5e00000 - 0x00007ffba5e0a000 	C:\WINDOWS\SYSTEM32\VERSION.dll
0x00007ffbb12c0000 - 0x00007ffbb132f000 	C:\WINDOWS\System32\WS2_32.dll
0x00007ffba1130000 - 0x00007ffba115d000 	C:\WINDOWS\SYSTEM32\WINMMBASE.dll
0x00007ffbaf1e0000 - 0x00007ffbaf22a000 	C:\WINDOWS\System32\cfgmgr32.dll
0x00007ffb96510000 - 0x00007ffb9651f000 	C:\Program Files\Android\Android Studio\jre\jre\bin\verify.dll
0x00007ffb8aef0000 - 0x00007ffb8af19000 	C:\Program Files\Android\Android Studio\jre\jre\bin\java.dll
0x00007ffb886d0000 - 0x00007ffb886e6000 	C:\Program Files\Android\Android Studio\jre\jre\bin\zip.dll
0x00007ffbaf700000 - 0x00007ffbafde7000 	C:\WINDOWS\System32\SHELL32.dll
0x00007ffbb0c90000 - 0x00007ffbb0d39000 	C:\WINDOWS\System32\shcore.dll
0x00007ffbae4c0000 - 0x00007ffbaec40000 	C:\WINDOWS\System32\windows.storage.dll
0x00007ffbae250000 - 0x00007ffbae273000 	C:\WINDOWS\System32\profapi.dll
0x00007ffbae2a0000 - 0x00007ffbae2ea000 	C:\WINDOWS\System32\powrprof.dll
0x00007ffbae240000 - 0x00007ffbae250000 	C:\WINDOWS\System32\UMPDC.dll
0x00007ffbb0a20000 - 0x00007ffbb0a72000 	C:\WINDOWS\System32\shlwapi.dll
0x00007ffbae280000 - 0x00007ffbae291000 	C:\WINDOWS\System32\kernel.appcore.dll
0x00007ffbaee10000 - 0x00007ffbaee27000 	C:\WINDOWS\System32\cryptsp.dll
0x00007ffb864b0000 - 0x00007ffb864ca000 	C:\Program Files\Android\Android Studio\jre\jre\bin\net.dll
0x00007ffbada90000 - 0x00007ffbadaf7000 	C:\WINDOWS\system32\mswsock.dll
0x00007ffb860d0000 - 0x00007ffb860e3000 	C:\Program Files\Android\Android Studio\jre\jre\bin\nio.dll

VM Arguments:
java_command: org.jetbrains.kotlin.cli.jvm.K2JVMCompiler @E:\Pokedex\app\build\20201015_7069927397878243649.compiler.options
java_class_path (initial): C:\Users\qwadi\.gradle\caches\modules-2\files-2.1\org.jetbrains.kotlin\kotlin-compiler-embeddable\1.4.10\38c4b99d5d5362debdd9302a866730379aa2328a\kotlin-compiler-embeddable-1.4.10.jar;C:\Users\qwadi\.gradle\caches\modules-2\files-2.1\org.jetbrains.kotlin\kotlin-reflect\1.4.10\e2b3c6695eee6085e606d96d685396dce23a3a06\kotlin-reflect-1.4.10.jar;C:\Users\qwadi\.gradle\caches\modules-2\files-2.1\org.jetbrains.kotlin\kotlin-stdlib\1.4.10\ea29e063d2bbe695be13e9d044dcfb0c7add398e\kotlin-stdlib-1.4.10.jar;C:\Users\qwadi\.gradle\caches\modules-2\files-2.1\org.jetbrains.kotlin\kotlin-script-runtime\1.4.10\7c19d9c2001e016cd7664cebe9eea66fc04a7f4f\kotlin-script-runtime-1.4.10.jar;C:\Users\qwadi\.gradle\caches\modules-2\files-2.1\org.jetbrains.kotlin\kotlin-daemon-embeddable\1.4.10\dbd67f42bed28043d17d7c860b06110a00a45970\kotlin-daemon-embeddable-1.4.10.jar;C:\Users\qwadi\.gradle\caches\modules-2\files-2.1\org.jetbrains.intellij.deps\trove4j\1.0.20181211\216c2e14b070f334479d800987affe4054cd563f\trove4j-1.0.20181211.jar;C:\Users\qwadi\.gradle\caches\modules-2\files-2.1\org.jetbrains.kotlin\kotlin-stdlib-common\1.4.10\6229be3465805c99db1142ad75e6c6ddeac0b04c\kotlin-stdlib-common-1.4.10.jar;C:\Users\qwadi\.gradle\caches\modules-2\files-2.1\org.jetbrains\annotations\13.0\919f0dfe192fb4e063e7dacadee7f8bb9a2672a9\annotations-13.0.jar;C:\Program Files\Android\Android Studio\jre\lib\tools.jar
Launcher Type: SUN_STANDARD

Environment Variables:
PATH=C:\WINDOWS\system32;C:\WINDOWS;C:\WINDOWS\System32\Wbem;C:\WINDOWS\System32\WindowsPowerShell\v1.0\;C:\WINDOWS\System32\OpenSSH\;C:\Program Files (x86)\NVIDIA Corporation\PhysX\Common;C:\Program Files\Git\cmd;C:\Users\qwadi\AppData\Local\Microsoft\WindowsApps;
USERNAME=qwadi
OS=Windows_NT
PROCESSOR_IDENTIFIER=Intel64 Family 6 Model 165 Stepping 2, GenuineIntel



---------------  S Y S T E M  ---------------

OS: Windows 10.0 , 64 bit Build 18362 (10.0.18362.1082)

CPU:total 8 (initial active 8) (4 cores per cpu, 2 threads per core) family 6 model 165 stepping 2, cmov, cx8, fxsr, mmx, sse, sse2, sse3, ssse3, sse4.1, sse4.2, popcnt, avx, avx2, aes, clmul, erms, 3dnowpref, lzcnt, ht, tsc, tscinvbit, bmi1, bmi2, adx

Memory: 4k page, physical 8170764k(287664k free), swap 18272712k(5404k free)

vm_info: OpenJDK 64-Bit Server VM (25.242-b01) for windows-amd64 JRE (1.8.0_242-release-1644-b01), built by "builder" with MS VC++ 10.0 (VS2010)

time: Thu Oct 15 02:58:14 2020
timezone: Финляндия (лето)
elapsed time: 1 seconds (0d 0h 0m 1s)

