#
# There is insufficient memory for the Java Runtime Environment to continue.
# Native memory allocation (malloc) failed to allocate 619536 bytes for Chunk::new
# Possible reasons:
#   The system is out of physical RAM or swap space
#   The process is running with CompressedOops enabled, and the Java Heap may be blocking the growth of the native heap
# Possible solutions:
#   Reduce memory load on the system
#   Increase physical memory or swap space
#   Check if swap backing store is full
#   Decrease Java heap size (-Xmx/-Xms)
#   Decrease number of Java threads
#   Decrease Java thread stack sizes (-Xss)
#   Set larger code cache with -XX:ReservedCodeCacheSize=
#   JVM is running with Unscaled Compressed Oops mode in which the Java heap is
#     placed in the first 4GB address space. The Java Heap base address is the
#     maximum limit for the native heap growth. Please use -XX:HeapBaseMinAddress
#     to set the Java Heap base and to place the Java Heap above 4GB virtual address.
# This output file may be truncated or incomplete.
#
#  Out of Memory Error (allocation.cpp:389), pid=19608, tid=0x0000000000002808
#
# JRE version: OpenJDK Runtime Environment (8.0_242-b01) (build 1.8.0_242-release-1644-b01)
# Java VM: OpenJDK 64-Bit Server VM (25.242-b01 mixed mode windows-amd64 compressed oops)
# Failed to write core dump. Minidumps are not enabled by default on client versions of Windows
#

---------------  T H R E A D  ---------------

Current thread (0x00000000177dd000):  JavaThread "C2 CompilerThread1" daemon [_thread_in_native, id=10248, stack(0x0000000019fa0000,0x000000001a0a0000)]

Stack: [0x0000000019fa0000,0x000000001a0a0000]
[error occurred during error reporting (printing stack bounds), id 0xc0000005]

Native frames: (J=compiled Java code, j=interpreted, Vv=VM code, C=native code)


Current CompileTask:
C2:   6171 5395       4       sun.reflect.generics.parser.SignatureParser::parsePackageNameAndSimpleClassTypeSignature (139 bytes)


---------------  P R O C E S S  ---------------

Java Threads: ( => current thread )
  0x000000001c349000 JavaThread "Cache worker for file content cache (E:\Pokedex\.gradle\6.1.1\fileContent)" [_thread_blocked, id=7420, stack(0x0000000026820000,0x0000000026920000)]
  0x000000001c346800 JavaThread "Cache worker for file content cache (C:\Users\qwadi\.gradle\caches\6.1.1\fileContent)" [_thread_blocked, id=22088, stack(0x0000000026720000,0x0000000026820000)]
  0x000000001c33d800 JavaThread "Memory manager" [_thread_blocked, id=9328, stack(0x00000000263f0000,0x00000000264f0000)]
  0x000000001c33d000 JavaThread "Cache worker for Build Output Cleanup Cache (E:\Pokedex\.gradle\buildOutputCleanup)" [_thread_blocked, id=8852, stack(0x00000000258f0000,0x00000000259f0000)]
  0x000000001c343800 JavaThread "Build operations Thread 8" [_thread_blocked, id=8680, stack(0x00000000251f0000,0x00000000252f0000)]
  0x000000001c340000 JavaThread "Build operations Thread 7" [_thread_blocked, id=18960, stack(0x00000000250f0000,0x00000000251f0000)]
  0x000000001c33c000 JavaThread "Build operations Thread 6" [_thread_blocked, id=6816, stack(0x0000000024ff0000,0x00000000250f0000)]
  0x000000001c33e800 JavaThread "Build operations Thread 5" [_thread_blocked, id=6524, stack(0x0000000024ef0000,0x0000000024ff0000)]
  0x000000001c343000 JavaThread "Build operations Thread 4" [_thread_blocked, id=3176, stack(0x0000000024df0000,0x0000000024ef0000)]
  0x000000001c341800 JavaThread "Build operations Thread 3" [_thread_blocked, id=19140, stack(0x0000000024cf0000,0x0000000024df0000)]
  0x000000001c33f000 JavaThread "Build operations Thread 2" [_thread_blocked, id=19348, stack(0x0000000024bf0000,0x0000000024cf0000)]
  0x000000001c342000 JavaThread "Build operations" [_thread_blocked, id=14768, stack(0x0000000024af0000,0x0000000024bf0000)]
  0x00000000195f0000 JavaThread "Cache worker for execution history cache (C:\Users\qwadi\.gradle\caches\6.1.1\executionHistory)" [_thread_blocked, id=20856, stack(0x0000000021ac0000,0x0000000021bc0000)]
  0x00000000195ef800 JavaThread "Cache worker for cache directory md-rule (C:\Users\qwadi\.gradle\caches\6.1.1\md-rule)" [_thread_blocked, id=6688, stack(0x0000000020870000,0x0000000020970000)]
  0x00000000195ee800 JavaThread "Cache worker for cache directory md-supplier (C:\Users\qwadi\.gradle\caches\6.1.1\md-supplier)" [_thread_blocked, id=22452, stack(0x0000000020770000,0x0000000020870000)]
  0x00000000195f1000 JavaThread "Cache worker for file hash cache (E:\Pokedex\.gradle\6.1.1\fileHashes)" [_thread_blocked, id=18944, stack(0x0000000021e50000,0x0000000021f50000)]
  0x00000000195ed000 JavaThread "Cache worker for checksums cache (E:\Pokedex\.gradle\checksums)" [_thread_blocked, id=20452, stack(0x00000000219c0000,0x0000000021ac0000)]
  0x00000000195ee000 JavaThread "Cache worker for file hash cache (C:\Users\qwadi\.gradle\caches\6.1.1\fileHashes)" [_thread_blocked, id=19572, stack(0x000000001e2d0000,0x000000001e3d0000)]
  0x00000000195f2800 JavaThread "File lock request listener" [_thread_in_native, id=21308, stack(0x000000001e1d0000,0x000000001e2d0000)]
  0x000000001c3a9000 JavaThread "Cache worker for journal cache (C:\Users\qwadi\.gradle\caches\journal-1)" [_thread_blocked, id=1204, stack(0x000000001e0d0000,0x000000001e1d0000)]
  0x000000001bfff000 JavaThread "Thread-9" [_thread_blocked, id=19960, stack(0x000000001ddd0000,0x000000001ded0000)]
  0x000000001bfdd000 JavaThread "Stdin handler" [_thread_blocked, id=21864, stack(0x000000001dcd0000,0x000000001ddd0000)]
  0x000000001bfd8000 JavaThread "Asynchronous log dispatcher for DefaultDaemonConnection: socket connection from /127.0.0.1:60923 to /127.0.0.1:60924" [_thread_blocked, id=18548, stack(0x000000001dbd0000,0x000000001dcd0000)]
  0x000000001c022800 JavaThread "Daemon worker" [_thread_in_vm, id=20892, stack(0x000000001dad0000,0x000000001dbd0000)]
  0x000000001bfe5800 JavaThread "Cancel handler" [_thread_blocked, id=8484, stack(0x000000001d9d0000,0x000000001dad0000)]
  0x000000001bfbf800 JavaThread "Handler for socket connection from /127.0.0.1:60923 to /127.0.0.1:60924" [_thread_in_native, id=13816, stack(0x000000001d6d0000,0x000000001d7d0000)]
  0x000000001bf3a800 JavaThread "Daemon" [_thread_blocked, id=9120, stack(0x000000001d5d0000,0x000000001d6d0000)]
  0x000000001bf59800 JavaThread "Daemon periodic checks" [_thread_blocked, id=15536, stack(0x000000001d4d0000,0x000000001d5d0000)]
  0x000000001bf39800 JavaThread "Incoming local TCP Connector on port 60923" [_thread_in_native, id=20636, stack(0x000000001d280000,0x000000001d380000)]
  0x000000001a563000 JavaThread "Daemon health stats" [_thread_blocked, id=2488, stack(0x000000001cc40000,0x000000001cd40000)]
  0x0000000019681000 JavaThread "Service Thread" daemon [_thread_blocked, id=3336, stack(0x000000001a2a0000,0x000000001a3a0000)]
  0x00000000195f3000 JavaThread "C1 CompilerThread3" daemon [_thread_blocked, id=6888, stack(0x000000001a1a0000,0x000000001a2a0000)]
  0x00000000195e1800 JavaThread "C2 CompilerThread2" daemon [_thread_in_native, id=20428, stack(0x000000001a0a0000,0x000000001a1a0000)]
=>0x00000000177dd000 JavaThread "C2 CompilerThread1" daemon [_thread_in_native, id=10248, stack(0x0000000019fa0000,0x000000001a0a0000)]
  0x00000000177db000 JavaThread "C2 CompilerThread0" daemon [_thread_in_native, id=14172, stack(0x0000000019ea0000,0x0000000019fa0000)]
  0x00000000177da000 JavaThread "Attach Listener" daemon [_thread_blocked, id=15532, stack(0x0000000019da0000,0x0000000019ea0000)]
  0x00000000195d3800 JavaThread "Signal Dispatcher" daemon [_thread_blocked, id=14388, stack(0x0000000019ca0000,0x0000000019da0000)]
  0x00000000195c0800 JavaThread "Finalizer" daemon [_thread_blocked, id=9684, stack(0x0000000019aa0000,0x0000000019ba0000)]
  0x00000000177cc000 JavaThread "Reference Handler" daemon [_thread_blocked, id=12988, stack(0x00000000199a0000,0x0000000019aa0000)]
  0x000000000265d800 JavaThread "main" [_thread_blocked, id=7068, stack(0x0000000002520000,0x0000000002620000)]

Other Threads:
  0x00000000177c7800 VMThread [stack: 0x00000000194a0000,0x00000000195a0000] [id=16404]
  0x0000000019681800 WatcherThread [stack: 0x000000001a3a0000,0x000000001a4a0000] [id=6304]

VM state:not at safepoint (normal execution)

VM Mutex/Monitor currently owned by a thread: None

heap address: 0x0000000080000000, size: 2048 MB, Compressed Oops mode: 32-bit
Narrow klass base: 0x0000000000000000, Narrow klass shift: 3
Compressed class space size: 1073741824 Address: 0x0000000100000000

Heap:
 PSYoungGen      total 395776K, used 41807K [0x00000000d5580000, 0x00000000f0400000, 0x0000000100000000)
  eden space 371200K, 11% used [0x00000000d5580000,0x00000000d7e53cd0,0x00000000ec000000)
  from space 24576K, 0% used [0x00000000ec000000,0x00000000ec000000,0x00000000ed800000)
  to   space 15872K, 0% used [0x00000000ed800000,0x00000000ed800000,0x00000000ee780000)
 ParOldGen       total 118784K, used 30121K [0x0000000080000000, 0x0000000087400000, 0x00000000d5580000)
  object space 118784K, 25% used [0x0000000080000000,0x0000000081d6a638,0x0000000087400000)
 Metaspace       used 59365K, capacity 61474K, committed 61592K, reserved 1101824K
  class space    used 8122K, capacity 8594K, committed 8624K, reserved 1048576K

Card table byte_map: [0x0000000011b20000,0x0000000011f30000] byte_map_base: 0x0000000011720000

Marking Bits: (ParMarkBitMap*) 0x0000000057def030
 Begin Bits: [0x00000000129e0000, 0x00000000149e0000)
 End Bits:   [0x00000000149e0000, 0x00000000169e0000)

Polling page: 0x0000000000780000

CodeCache: size=245760Kb used=18150Kb max_used=18634Kb free=227609Kb
 bounds [0x0000000002760000, 0x00000000039b0000, 0x0000000011760000]
 total_blobs=6041 nmethods=5259 adapters=694
 compilation: enabled

Compilation events (10 events):
Event: 6.168 Thread 0x00000000195f3000 5540       1       org.gradle.api.internal.project.taskfactory.PropertyAssociationTaskFactory$Listener::visitOutputFilePropertiesOnly (2 bytes)
Event: 6.168 Thread 0x00000000195f3000 nmethod 5540 0x0000000002a96a50 code [0x0000000002a96ba0, 0x0000000002a96cb0]
Event: 6.168 Thread 0x00000000195f3000 5541       3       org.gradle.api.internal.collections.CollectionFilter::filter (39 bytes)
Event: 6.169 Thread 0x00000000195f3000 nmethod 5541 0x0000000002a91c90 code [0x0000000002a91e40, 0x0000000002a924a8]
Event: 6.169 Thread 0x00000000195f3000 5542       1       org.gradle.internal.graph.CachingDirectedGraphWalker$NodeDetails::access$300 (5 bytes)
Event: 6.169 Thread 0x00000000195f3000 nmethod 5542 0x00000000029a6550 code [0x00000000029a66a0, 0x00000000029a6790]
Event: 6.169 Thread 0x00000000195f3000 5543       1       org.gradle.internal.graph.CachingDirectedGraphWalker$NodeDetails::access$500 (5 bytes)
Event: 6.169 Thread 0x00000000195f3000 nmethod 5543 0x00000000029a6290 code [0x00000000029a63e0, 0x00000000029a64d0]
Event: 6.169 Thread 0x00000000195f3000 5544       1       org.gradle.internal.graph.CachingDirectedGraphWalker$NodeDetails::access$200 (5 bytes)
Event: 6.169 Thread 0x00000000195f3000 nmethod 5544 0x00000000029a5fd0 code [0x00000000029a6120, 0x00000000029a6210]

GC Heap History (10 events):
Event: 3.098 GC heap before
{Heap before GC invocations=8 (full 1):
 PSYoungGen      total 236544K, used 67124K [0x00000000d5580000, 0x00000000e6f80000, 0x0000000100000000)
  eden space 223232K, 24% used [0x00000000d5580000,0x00000000d8a11930,0x00000000e2f80000)
  from space 13312K, 99% used [0x00000000e6280000,0x00000000e6f7b770,0x00000000e6f80000)
  to   space 15872K, 0% used [0x00000000e5080000,0x00000000e5080000,0x00000000e6000000)
 ParOldGen       total 59392K, used 10379K [0x0000000080000000, 0x0000000083a00000, 0x00000000d5580000)
  object space 59392K, 17% used [0x0000000080000000,0x0000000080a22f20,0x0000000083a00000)
 Metaspace       used 34518K, capacity 35410K, committed 35496K, reserved 1079296K
  class space    used 4733K, capacity 4974K, committed 5040K, reserved 1048576K
Event: 3.108 GC heap after
Heap after GC invocations=8 (full 1):
 PSYoungGen      total 272896K, used 9585K [0x00000000d5580000, 0x00000000ee780000, 0x0000000100000000)
  eden space 257024K, 0% used [0x00000000d5580000,0x00000000d5580000,0x00000000e5080000)
  from space 15872K, 60% used [0x00000000e5080000,0x00000000e59dc4e0,0x00000000e6000000)
  to   space 15872K, 0% used [0x00000000ed800000,0x00000000ed800000,0x00000000ee780000)
 ParOldGen       total 59392K, used 10387K [0x0000000080000000, 0x0000000083a00000, 0x00000000d5580000)
  object space 59392K, 17% used [0x0000000080000000,0x0000000080a24f20,0x0000000083a00000)
 Metaspace       used 34518K, capacity 35410K, committed 35496K, reserved 1079296K
  class space    used 4733K, capacity 4974K, committed 5040K, reserved 1048576K
}
Event: 3.108 GC heap before
{Heap before GC invocations=9 (full 2):
 PSYoungGen      total 272896K, used 9585K [0x00000000d5580000, 0x00000000ee780000, 0x0000000100000000)
  eden space 257024K, 0% used [0x00000000d5580000,0x00000000d5580000,0x00000000e5080000)
  from space 15872K, 60% used [0x00000000e5080000,0x00000000e59dc4e0,0x00000000e6000000)
  to   space 15872K, 0% used [0x00000000ed800000,0x00000000ed800000,0x00000000ee780000)
 ParOldGen       total 59392K, used 10387K [0x0000000080000000, 0x0000000083a00000, 0x00000000d5580000)
  object space 59392K, 17% used [0x0000000080000000,0x0000000080a24f20,0x0000000083a00000)
 Metaspace       used 34518K, capacity 35410K, committed 35496K, reserved 1079296K
  class space    used 4733K, capacity 4974K, committed 5040K, reserved 1048576K
Event: 3.153 GC heap after
Heap after GC invocations=9 (full 2):
 PSYoungGen      total 272896K, used 0K [0x00000000d5580000, 0x00000000ee780000, 0x0000000100000000)
  eden space 257024K, 0% used [0x00000000d5580000,0x00000000d5580000,0x00000000e5080000)
  from space 15872K, 0% used [0x00000000e5080000,0x00000000e5080000,0x00000000e6000000)
  to   space 15872K, 0% used [0x00000000ed800000,0x00000000ed800000,0x00000000ee780000)
 ParOldGen       total 82432K, used 16065K [0x0000000080000000, 0x0000000085080000, 0x00000000d5580000)
  object space 82432K, 19% used [0x0000000080000000,0x0000000080fb0668,0x0000000085080000)
 Metaspace       used 34518K, capacity 35410K, committed 35496K, reserved 1079296K
  class space    used 4733K, capacity 4974K, committed 5040K, reserved 1048576K
}
Event: 5.596 GC heap before
{Heap before GC invocations=10 (full 2):
 PSYoungGen      total 272896K, used 257024K [0x00000000d5580000, 0x00000000ee780000, 0x0000000100000000)
  eden space 257024K, 100% used [0x00000000d5580000,0x00000000e5080000,0x00000000e5080000)
  from space 15872K, 0% used [0x00000000e5080000,0x00000000e5080000,0x00000000e6000000)
  to   space 15872K, 0% used [0x00000000ed800000,0x00000000ed800000,0x00000000ee780000)
 ParOldGen       total 82432K, used 16065K [0x0000000080000000, 0x0000000085080000, 0x00000000d5580000)
  object space 82432K, 19% used [0x0000000080000000,0x0000000080fb0668,0x0000000085080000)
 Metaspace       used 55672K, capacity 57664K, committed 58024K, reserved 1099776K
  class space    used 7541K, capacity 7991K, committed 8112K, reserved 1048576K
Event: 5.614 GC heap after
Heap after GC invocations=10 (full 2):
 PSYoungGen      total 387072K, used 15852K [0x00000000d5580000, 0x00000000f0400000, 0x0000000100000000)
  eden space 371200K, 0% used [0x00000000d5580000,0x00000000d5580000,0x00000000ec000000)
  from space 15872K, 99% used [0x00000000ed800000,0x00000000ee77b340,0x00000000ee780000)
  to   space 24576K, 0% used [0x00000000ec000000,0x00000000ec000000,0x00000000ed800000)
 ParOldGen       total 82432K, used 30907K [0x0000000080000000, 0x0000000085080000, 0x00000000d5580000)
  object space 82432K, 37% used [0x0000000080000000,0x0000000081e2ee20,0x0000000085080000)
 Metaspace       used 55672K, capacity 57664K, committed 58024K, reserved 1099776K
  class space    used 7541K, capacity 7991K, committed 8112K, reserved 1048576K
}
Event: 5.758 GC heap before
{Heap before GC invocations=11 (full 2):
 PSYoungGen      total 387072K, used 44780K [0x00000000d5580000, 0x00000000f0400000, 0x0000000100000000)
  eden space 371200K, 7% used [0x00000000d5580000,0x00000000d71bff78,0x00000000ec000000)
  from space 15872K, 99% used [0x00000000ed800000,0x00000000ee77b340,0x00000000ee780000)
  to   space 24576K, 0% used [0x00000000ec000000,0x00000000ec000000,0x00000000ed800000)
 ParOldGen       total 82432K, used 30907K [0x0000000080000000, 0x0000000085080000, 0x00000000d5580000)
  object space 82432K, 37% used [0x0000000080000000,0x0000000081e2ee20,0x0000000085080000)
 Metaspace       used 57081K, capacity 59112K, committed 59160K, reserved 1099776K
  class space    used 7746K, capacity 8237K, committed 8240K, reserved 1048576K
Event: 5.768 GC heap after
Heap after GC invocations=11 (full 2):
 PSYoungGen      total 395776K, used 17607K [0x00000000d5580000, 0x00000000f0400000, 0x0000000100000000)
  eden space 371200K, 0% used [0x00000000d5580000,0x00000000d5580000,0x00000000ec000000)
  from space 24576K, 71% used [0x00000000ec000000,0x00000000ed131d80,0x00000000ed800000)
  to   space 15872K, 0% used [0x00000000ed800000,0x00000000ed800000,0x00000000ee780000)
 ParOldGen       total 82432K, used 30915K [0x0000000080000000, 0x0000000085080000, 0x00000000d5580000)
  object space 82432K, 37% used [0x0000000080000000,0x0000000081e30e20,0x0000000085080000)
 Metaspace       used 57081K, capacity 59112K, committed 59160K, reserved 1099776K
  class space    used 7746K, capacity 8237K, committed 8240K, reserved 1048576K
}
Event: 5.768 GC heap before
{Heap before GC invocations=12 (full 3):
 PSYoungGen      total 395776K, used 17607K [0x00000000d5580000, 0x00000000f0400000, 0x0000000100000000)
  eden space 371200K, 0% used [0x00000000d5580000,0x00000000d5580000,0x00000000ec000000)
  from space 24576K, 71% used [0x00000000ec000000,0x00000000ed131d80,0x00000000ed800000)
  to   space 15872K, 0% used [0x00000000ed800000,0x00000000ed800000,0x00000000ee780000)
 ParOldGen       total 82432K, used 30915K [0x0000000080000000, 0x0000000085080000, 0x00000000d5580000)
  object space 82432K, 37% used [0x0000000080000000,0x0000000081e30e20,0x0000000085080000)
 Metaspace       used 57081K, capacity 59112K, committed 59160K, reserved 1099776K
  class space    used 7746K, capacity 8237K, committed 8240K, reserved 1048576K
Event: 5.909 GC heap after
Heap after GC invocations=12 (full 3):
 PSYoungGen      total 395776K, used 0K [0x00000000d5580000, 0x00000000f0400000, 0x0000000100000000)
  eden space 371200K, 0% used [0x00000000d5580000,0x00000000d5580000,0x00000000ec000000)
  from space 24576K, 0% used [0x00000000ec000000,0x00000000ec000000,0x00000000ed800000)
  to   space 15872K, 0% used [0x00000000ed800000,0x00000000ed800000,0x00000000ee780000)
 ParOldGen       total 118784K, used 30121K [0x0000000080000000, 0x0000000087400000, 0x00000000d5580000)
  object space 118784K, 25% used [0x0000000080000000,0x0000000081d6a638,0x0000000087400000)
 Metaspace       used 57060K, capacity 59040K, committed 59160K, reserved 1099776K
  class space    used 7740K, capacity 8225K, committed 8240K, reserved 1048576K
}

Deoptimization events (10 events):
Event: 5.913 Thread 0x000000001c022800 Uncommon trap: reason=bimorphic action=maybe_recompile pc=0x0000000003758384 method=java.util.regex.Pattern$5.isSatisfiedBy(I)Z @ 16
Event: 5.913 Thread 0x000000001c022800 Uncommon trap: reason=bimorphic action=maybe_recompile pc=0x0000000003758384 method=java.util.regex.Pattern$5.isSatisfiedBy(I)Z @ 16
Event: 5.913 Thread 0x000000001c022800 Uncommon trap: reason=bimorphic action=maybe_recompile pc=0x0000000003758384 method=java.util.regex.Pattern$5.isSatisfiedBy(I)Z @ 16
Event: 5.913 Thread 0x000000001c022800 Uncommon trap: reason=bimorphic action=maybe_recompile pc=0x0000000003758384 method=java.util.regex.Pattern$5.isSatisfiedBy(I)Z @ 16
Event: 6.125 Thread 0x000000001c022800 Uncommon trap: reason=unstable_if action=reinterpret pc=0x0000000002d47228 method=java.util.regex.Pattern$BmpCharProperty.match(Ljava/util/regex/Matcher;ILjava/lang/CharSequence;)Z @ 34
Event: 6.129 Thread 0x000000001c022800 Uncommon trap: reason=unstable_if action=reinterpret pc=0x0000000003686d28 method=com.sun.org.apache.xerces.internal.impl.XMLEntityScanner.scanLiteral(ILcom/sun/org/apache/xerces/internal/xni/XMLString;Z)I @ 660
Event: 6.136 Thread 0x000000001c022800 Uncommon trap: reason=unstable_if action=reinterpret pc=0x0000000003688940 method=com.sun.org.apache.xerces.internal.util.SymbolTable.addSymbol([CII)Ljava/lang/String; @ 38
Event: 6.139 Thread 0x000000001c022800 Uncommon trap: reason=unstable_if action=reinterpret pc=0x000000000347cdcc method=java.lang.CharacterDataLatin1.digit(II)I @ 31
Event: 6.148 Thread 0x000000001c022800 Uncommon trap: reason=unstable_if action=reinterpret pc=0x00000000037a351c method=java.lang.CharacterDataLatin1.digit(II)I @ 31
Event: 6.157 Thread 0x000000001c022800 Uncommon trap: reason=unstable_if action=reinterpret pc=0x00000000035e3e58 method=com.google.gson.stream.JsonReader.doPeek()I @ 315

Classes redefined (0 events):
No events

Internal exceptions (10 events):
Event: 5.182 Thread 0x000000001c022800 Exception <a 'java/lang/ClassNotFoundException': org/gradle/api/internal/file/collections/DefaultConfigurableFileTreeCustomizer> (0x00000000e29eabc8) thrown at [C:\src\AOSP-openjdk-git\hotspot\src\share\vm\classfile\systemDictionary.cpp, line 210]
Event: 5.253 Thread 0x000000001c022800 Exception <a 'java/lang/NoSuchMethodError': java.lang.Object.lambda$comparingInt$7b0bb60$1(Ljava/util/function/ToIntFunction;Ljava/lang/Object;Ljava/lang/Object;)I> (0x00000000e30d5178) thrown at [C:\src\AOSP-openjdk-git\hotspot\src\share\vm\interpreter\l
Event: 5.517 Thread 0x000000001c022800 Exception <a 'java/lang/ClassNotFoundException': com/android/build/gradle/internal/api/ApkVariantOutputImpl_DecoratedBeanInfo> (0x00000000e47c83b0) thrown at [C:\src\AOSP-openjdk-git\hotspot\src\share\vm\classfile\systemDictionary.cpp, line 210]
Event: 5.517 Thread 0x000000001c022800 Exception <a 'java/lang/ClassNotFoundException': com/android/build/gradle/internal/api/ApkVariantOutputImplBeanInfo> (0x00000000e47e7d40) thrown at [C:\src\AOSP-openjdk-git\hotspot\src\share\vm\classfile\systemDictionary.cpp, line 210]
Event: 5.518 Thread 0x000000001c022800 Exception <a 'java/lang/ClassNotFoundException': com/android/build/gradle/internal/api/BaseVariantOutputImplBeanInfo> (0x00000000e4808cb8) thrown at [C:\src\AOSP-openjdk-git\hotspot\src\share\vm\classfile\systemDictionary.cpp, line 210]
Event: 5.518 Thread 0x000000001c022800 Exception <a 'java/lang/ClassNotFoundException': com/android/build/gradle/internal/api/BaseVariantOutputImplCustomizer> (0x00000000e482a238) thrown at [C:\src\AOSP-openjdk-git\hotspot\src\share\vm\classfile\systemDictionary.cpp, line 210]
Event: 5.519 Thread 0x000000001c022800 Exception <a 'java/lang/ClassNotFoundException': com/android/build/gradle/internal/api/ApkVariantOutputImplCustomizer> (0x00000000e4865380) thrown at [C:\src\AOSP-openjdk-git\hotspot\src\share\vm\classfile\systemDictionary.cpp, line 210]
Event: 5.520 Thread 0x000000001c022800 Exception <a 'java/lang/ClassNotFoundException': com/android/build/gradle/internal/api/ApkVariantOutputImpl_DecoratedCustomizer> (0x00000000e489bf10) thrown at [C:\src\AOSP-openjdk-git\hotspot\src\share\vm\classfile\systemDictionary.cpp, line 210]
Event: 5.932 Thread 0x000000001c022800 Exception <a 'java/lang/ClassNotFoundException': com/sun/org/glassfish/hk2/osgiresourcelocator/ServiceLoader> (0x00000000d5990400) thrown at [C:\src\AOSP-openjdk-git\hotspot\src\share\vm\classfile\systemDictionary.cpp, line 210]
Event: 5.968 Thread 0x000000001c022800 Exception <a 'java/lang/NullPointerException'> (0x00000000d5e8fe08) thrown at [C:\src\AOSP-openjdk-git\hotspot\src\share\vm\interpreter\linkResolver.cpp, line 1287]

Events (10 events):
Event: 6.168 loading class com/android/build/gradle/tasks/GenerateBuildConfig$CreationAction$configure$5
Event: 6.168 loading class com/android/build/gradle/tasks/GenerateBuildConfig$CreationAction$configure$5 done
Event: 6.168 loading class com/android/build/gradle/tasks/GenerateBuildConfig$CreationAction$configure$6
Event: 6.168 loading class com/android/build/gradle/tasks/GenerateBuildConfig$CreationAction$configure$6 done
Event: 6.169 loading class org/gradle/api/tasks/SourceTask
Event: 6.169 loading class org/gradle/api/tasks/SourceTask done
Event: 6.169 loading class org/jetbrains/kotlin/gradle/internal/CompilerArgumentsContributor
Event: 6.169 loading class org/jetbrains/kotlin/gradle/internal/CompilerArgumentsContributor done
Event: 6.170 loading class org/jetbrains/kotlin/cli/common/arguments/CommonCompilerArguments
Event: 6.170 loading class org/jetbrains/kotlin/cli/common/arguments/CommonCompilerArguments done


Dynamic libraries:
0x00007ff77fdf0000 - 0x00007ff77fe21000 	C:\Program Files\Android\Android Studio\jre\bin\java.exe
0x00007ffbb1380000 - 0x00007ffbb1570000 	C:\WINDOWS\SYSTEM32\ntdll.dll
0x00007ffbb0b30000 - 0x00007ffbb0be2000 	C:\WINDOWS\System32\KERNEL32.DLL
0x00007ffbaeed0000 - 0x00007ffbaf175000 	C:\WINDOWS\System32\KERNELBASE.dll
0x00007ffbb0a80000 - 0x00007ffbb0b23000 	C:\WINDOWS\System32\ADVAPI32.dll
0x00007ffbb0ea0000 - 0x00007ffbb0f3e000 	C:\WINDOWS\System32\msvcrt.dll
0x00007ffbb0120000 - 0x00007ffbb01b7000 	C:\WINDOWS\System32\sechost.dll
0x00007ffbaf430000 - 0x00007ffbaf550000 	C:\WINDOWS\System32\RPCRT4.dll
0x00007ffbafdf0000 - 0x00007ffbaff85000 	C:\WINDOWS\System32\USER32.dll
0x00007ffbaec40000 - 0x00007ffbaec61000 	C:\WINDOWS\System32\win32u.dll
0x00007ffbb06b0000 - 0x00007ffbb06d6000 	C:\WINDOWS\System32\GDI32.dll
0x00007ffbaec70000 - 0x00007ffbaee06000 	C:\WINDOWS\System32\gdi32full.dll
0x00007ffbaee30000 - 0x00007ffbaeece000 	C:\WINDOWS\System32\msvcp_win.dll
0x00007ffbae3c0000 - 0x00007ffbae4ba000 	C:\WINDOWS\System32\ucrtbase.dll
0x00007ffb9ba50000 - 0x00007ffb9bcd4000 	C:\WINDOWS\WinSxS\amd64_microsoft.windows.common-controls_6595b64144ccf1df_6.0.18362.1082_none_9e8193e1e45b25c1\COMCTL32.dll
0x00007ffbb06e0000 - 0x00007ffbb0a15000 	C:\WINDOWS\System32\combase.dll
0x00007ffbae310000 - 0x00007ffbae390000 	C:\WINDOWS\System32\bcryptPrimitives.dll
0x00007ffbb0c00000 - 0x00007ffbb0c2e000 	C:\WINDOWS\System32\IMM32.DLL
0x0000000057430000 - 0x0000000057502000 	C:\Program Files\Android\Android Studio\jre\jre\bin\msvcr100.dll
0x0000000057620000 - 0x0000000057e6b000 	C:\Program Files\Android\Android Studio\jre\jre\bin\server\jvm.dll
0x00007ffbb0040000 - 0x00007ffbb0048000 	C:\WINDOWS\System32\PSAPI.DLL
0x00007ffba1160000 - 0x00007ffba1184000 	C:\WINDOWS\SYSTEM32\WINMM.dll
0x00007ffba5e00000 - 0x00007ffba5e0a000 	C:\WINDOWS\SYSTEM32\VERSION.dll
0x00007ffba1130000 - 0x00007ffba115d000 	C:\WINDOWS\SYSTEM32\WINMMBASE.dll
0x00007ffbaf1e0000 - 0x00007ffbaf22a000 	C:\WINDOWS\System32\cfgmgr32.dll
0x00007ffba5c70000 - 0x00007ffba5c79000 	C:\WINDOWS\SYSTEM32\WSOCK32.dll
0x00007ffbb12c0000 - 0x00007ffbb132f000 	C:\WINDOWS\System32\WS2_32.dll
0x00007ffba52b0000 - 0x00007ffba52bf000 	C:\Program Files\Android\Android Studio\jre\jre\bin\verify.dll
0x00007ffba48b0000 - 0x00007ffba48d9000 	C:\Program Files\Android\Android Studio\jre\jre\bin\java.dll
0x00007ffba5070000 - 0x00007ffba5086000 	C:\Program Files\Android\Android Studio\jre\jre\bin\zip.dll
0x00007ffbaf700000 - 0x00007ffbafde7000 	C:\WINDOWS\System32\SHELL32.dll
0x00007ffbb0c90000 - 0x00007ffbb0d39000 	C:\WINDOWS\System32\shcore.dll
0x00007ffbae4c0000 - 0x00007ffbaec40000 	C:\WINDOWS\System32\windows.storage.dll
0x00007ffbae250000 - 0x00007ffbae273000 	C:\WINDOWS\System32\profapi.dll
0x00007ffbae2a0000 - 0x00007ffbae2ea000 	C:\WINDOWS\System32\powrprof.dll
0x00007ffbae240000 - 0x00007ffbae250000 	C:\WINDOWS\System32\UMPDC.dll
0x00007ffbb0a20000 - 0x00007ffbb0a72000 	C:\WINDOWS\System32\shlwapi.dll
0x00007ffbae280000 - 0x00007ffbae291000 	C:\WINDOWS\System32\kernel.appcore.dll
0x00007ffbaee10000 - 0x00007ffbaee27000 	C:\WINDOWS\System32\cryptsp.dll
0x00007ffba4c70000 - 0x00007ffba4c8a000 	C:\Program Files\Android\Android Studio\jre\jre\bin\net.dll
0x00007ffbada90000 - 0x00007ffbadaf7000 	C:\WINDOWS\system32\mswsock.dll
0x00007ffba3490000 - 0x00007ffba34a3000 	C:\Program Files\Android\Android Studio\jre\jre\bin\nio.dll
0x00007ffb898a0000 - 0x00007ffb898c6000 	C:\Users\qwadi\.gradle\native\31\windows-amd64\native-platform.dll
0x00007ffba4d80000 - 0x00007ffba4d8d000 	C:\Program Files\Android\Android Studio\jre\jre\bin\management.dll
0x00007ffbad600000 - 0x00007ffbad633000 	C:\WINDOWS\system32\rsaenh.dll
0x00007ffbae390000 - 0x00007ffbae3b6000 	C:\WINDOWS\System32\bcrypt.dll
0x00007ffbae160000 - 0x00007ffbae185000 	C:\WINDOWS\SYSTEM32\USERENV.dll
0x00007ffbadc60000 - 0x00007ffbadc6c000 	C:\WINDOWS\SYSTEM32\CRYPTBASE.dll
0x00007ffbad7a0000 - 0x00007ffbad7da000 	C:\WINDOWS\SYSTEM32\IPHLPAPI.DLL
0x00007ffbb1330000 - 0x00007ffbb1338000 	C:\WINDOWS\System32\NSI.dll
0x00007ffba5520000 - 0x00007ffba5536000 	C:\WINDOWS\SYSTEM32\dhcpcsvc6.DLL
0x00007ffba5830000 - 0x00007ffba584c000 	C:\WINDOWS\SYSTEM32\dhcpcsvc.DLL
0x00007ffbad7e0000 - 0x00007ffbad8ab000 	C:\WINDOWS\SYSTEM32\DNSAPI.dll

VM Arguments:
jvm_args: -Xmx2048m -Dfile.encoding=windows-1251 -Duser.country=RU -Duser.language=ru -Duser.variant 
java_command: org.gradle.launcher.daemon.bootstrap.GradleDaemon 6.1.1
java_class_path (initial): C:\Users\qwadi\.gradle\wrapper\dists\gradle-6.1.1-all\cfmwm155h49vnt3hynmlrsdst\gradle-6.1.1\lib\gradle-launcher-6.1.1.jar
Launcher Type: SUN_STANDARD

Environment Variables:
PATH=C:\WINDOWS\system32;C:\WINDOWS;C:\WINDOWS\System32\Wbem;C:\WINDOWS\System32\WindowsPowerShell\v1.0\;C:\WINDOWS\System32\OpenSSH\;C:\Program Files (x86)\NVIDIA Corporation\PhysX\Common;C:\Program Files\Git\cmd;C:\Users\qwadi\AppData\Local\Microsoft\WindowsApps;
USERNAME=qwadi
OS=Windows_NT
PROCESSOR_IDENTIFIER=Intel64 Family 6 Model 165 Stepping 2, GenuineIntel



---------------  S Y S T E M  ---------------

OS: Windows 10.0 , 64 bit Build 18362 (10.0.18362.1082)

CPU:total 8 (initial active 8) (4 cores per cpu, 2 threads per core) family 6 model 165 stepping 2, cmov, cx8, fxsr, mmx, sse, sse2, sse3, ssse3, sse4.1, sse4.2, popcnt, avx, avx2, aes, clmul, erms, 3dnowpref, lzcnt, ht, tsc, tscinvbit, bmi1, bmi2, adx

Memory: 4k page, physical 8170764k(580760k free), swap 18272712k(4104k free)

vm_info: OpenJDK 64-Bit Server VM (25.242-b01) for windows-amd64 JRE (1.8.0_242-release-1644-b01), built by "builder" with MS VC++ 10.0 (VS2010)

time: Thu Oct 15 12:40:20 2020
timezone: Финляндия (лето)
elapsed time: 6 seconds (0d 0h 0m 6s)

