#
# There is insufficient memory for the Java Runtime Environment to continue.
# Native memory allocation (malloc) failed to allocate 1709584 bytes for Chunk::new
# Possible reasons:
#   The system is out of physical RAM or swap space
#   The process is running with CompressedOops enabled, and the Java Heap may be blocking the growth of the native heap
# Possible solutions:
#   Reduce memory load on the system
#   Increase physical memory or swap space
#   Check if swap backing store is full
#   Decrease Java heap size (-Xmx/-Xms)
#   Decrease number of Java threads
#   Decrease Java thread stack sizes (-Xss)
#   Set larger code cache with -XX:ReservedCodeCacheSize=
#   JVM is running with Unscaled Compressed Oops mode in which the Java heap is
#     placed in the first 4GB address space. The Java Heap base address is the
#     maximum limit for the native heap growth. Please use -XX:HeapBaseMinAddress
#     to set the Java Heap base and to place the Java Heap above 4GB virtual address.
# This output file may be truncated or incomplete.
#
#  Out of Memory Error (allocation.cpp:389), pid=11988, tid=0x0000000000006540
#
# JRE version: OpenJDK Runtime Environment (8.0_242-b01) (build 1.8.0_242-release-1644-b01)
# Java VM: OpenJDK 64-Bit Server VM (25.242-b01 mixed mode windows-amd64 compressed oops)
# Failed to write core dump. Minidumps are not enabled by default on client versions of Windows
#

---------------  T H R E A D  ---------------

Current thread (0x0000000019bb8800):  JavaThread "C2 CompilerThread2" daemon [_thread_in_native, id=25920, stack(0x000000001a690000,0x000000001a790000)]

Stack: [0x000000001a690000,0x000000001a790000]
[error occurred during error reporting (printing stack bounds), id 0xc0000005]

Native frames: (J=compiled Java code, j=interpreted, Vv=VM code, C=native code)


Current CompileTask:
C2:   2669 1644       4       java.net.URLClassLoader$1::run (5 bytes)


---------------  P R O C E S S  ---------------

Java Threads: ( => current thread )
  0x0000000019bd2800 JavaThread "Service Thread" daemon [_thread_blocked, id=23560, stack(0x000000001a890000,0x000000001a990000)]
  0x0000000019bc1800 JavaThread "C1 CompilerThread3" daemon [_thread_blocked, id=8036, stack(0x000000001a790000,0x000000001a890000)]
=>0x0000000019bb8800 JavaThread "C2 CompilerThread2" daemon [_thread_in_native, id=25920, stack(0x000000001a690000,0x000000001a790000)]
  0x0000000019bb7800 JavaThread "C2 CompilerThread1" daemon [_thread_blocked, id=26344, stack(0x000000001a590000,0x000000001a690000)]
  0x0000000019bb0800 JavaThread "C2 CompilerThread0" daemon [_thread_blocked, id=23908, stack(0x000000001a490000,0x000000001a590000)]
  0x0000000019baf800 JavaThread "Attach Listener" daemon [_thread_blocked, id=2888, stack(0x000000001a390000,0x000000001a490000)]
  0x0000000017dae800 JavaThread "Signal Dispatcher" daemon [_thread_blocked, id=24700, stack(0x000000001a290000,0x000000001a390000)]
  0x0000000002f09800 JavaThread "Finalizer" daemon [_thread_blocked, id=18768, stack(0x000000001a080000,0x000000001a180000)]
  0x0000000017d9b800 JavaThread "Reference Handler" daemon [_thread_blocked, id=16412, stack(0x0000000019f80000,0x000000001a080000)]
  0x0000000002d7e000 JavaThread "main" [_thread_in_vm, id=25888, stack(0x0000000002c40000,0x0000000002d40000)]

Other Threads:
  0x0000000017d98800 VMThread [stack: 0x0000000019a80000,0x0000000019b80000] [id=24936]
  0x0000000019bd3000 WatcherThread [stack: 0x000000001a990000,0x000000001aa90000] [id=25416]

VM state:not at safepoint (normal execution)

VM Mutex/Monitor currently owned by a thread: None

heap address: 0x0000000083400000, size: 1996 MB, Compressed Oops mode: 32-bit
Narrow klass base: 0x0000000000000000, Narrow klass shift: 3
Compressed class space size: 1073741824 Address: 0x0000000100000000

Heap:
 PSYoungGen      total 37888K, used 27386K [0x00000000d6700000, 0x00000000d9100000, 0x0000000100000000)
  eden space 32768K, 83% used [0x00000000d6700000,0x00000000d81beb90,0x00000000d8700000)
  from space 5120K, 0% used [0x00000000d8700000,0x00000000d8700000,0x00000000d8c00000)
  to   space 5120K, 0% used [0x00000000d8c00000,0x00000000d8c00000,0x00000000d9100000)
 ParOldGen       total 68096K, used 9223K [0x0000000083400000, 0x0000000087680000, 0x00000000d6700000)
  object space 68096K, 13% used [0x0000000083400000,0x0000000083d01fb8,0x0000000087680000)
 Metaspace       used 23004K, capacity 23442K, committed 23680K, reserved 1071104K
  class space    used 2716K, capacity 2866K, committed 2944K, reserved 1048576K

Card table byte_map: [0x00000000122d0000,0x00000000126c0000] byte_map_base: 0x0000000011eb6000

Marking Bits: (ParMarkBitMap*) 0x000000007557f030
 Begin Bits: [0x0000000013160000, 0x0000000015090000)
 End Bits:   [0x0000000015090000, 0x0000000016fc0000)

Polling page: 0x0000000001410000

CodeCache: size=245760Kb used=5903Kb max_used=5925Kb free=239856Kb
 bounds [0x0000000002f10000, 0x00000000034e0000, 0x0000000011f10000]
 total_blobs=2315 nmethods=1890 adapters=338
 compilation: enabled

Compilation events (10 events):
Event: 2.640 Thread 0x0000000019bb7800 nmethod 1867 0x00000000034d4750 code [0x00000000034d48c0, 0x00000000034d50b8]
Event: 2.640 Thread 0x0000000019bb7800 1848       4       org.jetbrains.kotlin.com.intellij.openapi.util.text.StringUtilRt::endsWithChar (37 bytes)
Event: 2.641 Thread 0x0000000019bb7800 nmethod 1848 0x00000000034d1610 code [0x00000000034d1760, 0x00000000034d1878]
Event: 2.644 Thread 0x0000000019bc1800 1889       3       kotlin.sequences.FlatteningSequence$iterator$1::ensureItemIterator (112 bytes)
Event: 2.645 Thread 0x0000000019bc1800 nmethod 1889 0x00000000034d3950 code [0x00000000034d3b40, 0x00000000034d44b8]
Event: 2.645 Thread 0x0000000019bc1800 1890       1       org.jetbrains.kotlin.cli.jvm.index.JavaRoot::getFile (5 bytes)
Event: 2.645 Thread 0x0000000019bc1800 nmethod 1890 0x00000000034c4990 code [0x00000000034c4ae0, 0x00000000034c4bf0]
Event: 2.662 Thread 0x0000000019bc1800 1891       1       org.jetbrains.kotlin.com.intellij.psi.tree.IElementType::getIndex (5 bytes)
Event: 2.663 Thread 0x0000000019bc1800 nmethod 1891 0x00000000034d1350 code [0x00000000034d14a0, 0x00000000034d15b0]
Event: 2.664 Thread 0x0000000019bb0800 nmethod 1847 0x00000000034d9750 code [0x00000000034d9a80, 0x00000000034dc528]

GC Heap History (8 events):
Event: 0.893 GC heap before
{Heap before GC invocations=1 (full 0):
 PSYoungGen      total 37888K, used 32768K [0x00000000d6700000, 0x00000000d9100000, 0x0000000100000000)
  eden space 32768K, 100% used [0x00000000d6700000,0x00000000d8700000,0x00000000d8700000)
  from space 5120K, 0% used [0x00000000d8c00000,0x00000000d8c00000,0x00000000d9100000)
  to   space 5120K, 0% used [0x00000000d8700000,0x00000000d8700000,0x00000000d8c00000)
 ParOldGen       total 86016K, used 0K [0x0000000083400000, 0x0000000088800000, 0x00000000d6700000)
  object space 86016K, 0% used [0x0000000083400000,0x0000000083400000,0x0000000088800000)
 Metaspace       used 10209K, capacity 10396K, committed 10624K, reserved 1058816K
  class space    used 1076K, capacity 1148K, committed 1152K, reserved 1048576K
Event: 0.899 GC heap after
Heap after GC invocations=1 (full 0):
 PSYoungGen      total 37888K, used 5111K [0x00000000d6700000, 0x00000000d9100000, 0x0000000100000000)
  eden space 32768K, 0% used [0x00000000d6700000,0x00000000d6700000,0x00000000d8700000)
  from space 5120K, 99% used [0x00000000d8700000,0x00000000d8bfdcd0,0x00000000d8c00000)
  to   space 5120K, 0% used [0x00000000d8c00000,0x00000000d8c00000,0x00000000d9100000)
 ParOldGen       total 86016K, used 2439K [0x0000000083400000, 0x0000000088800000, 0x00000000d6700000)
  object space 86016K, 2% used [0x0000000083400000,0x0000000083661df8,0x0000000088800000)
 Metaspace       used 10209K, capacity 10396K, committed 10624K, reserved 1058816K
  class space    used 1076K, capacity 1148K, committed 1152K, reserved 1048576K
}
Event: 1.687 GC heap before
{Heap before GC invocations=2 (full 0):
 PSYoungGen      total 37888K, used 37879K [0x00000000d6700000, 0x00000000d9100000, 0x0000000100000000)
  eden space 32768K, 100% used [0x00000000d6700000,0x00000000d8700000,0x00000000d8700000)
  from space 5120K, 99% used [0x00000000d8700000,0x00000000d8bfdcd0,0x00000000d8c00000)
  to   space 5120K, 0% used [0x00000000d8c00000,0x00000000d8c00000,0x00000000d9100000)
 ParOldGen       total 86016K, used 2439K [0x0000000083400000, 0x0000000088800000, 0x00000000d6700000)
  object space 86016K, 2% used [0x0000000083400000,0x0000000083661df8,0x0000000088800000)
 Metaspace       used 15826K, capacity 16194K, committed 16256K, reserved 1062912K
  class space    used 1810K, capacity 1913K, committed 1920K, reserved 1048576K
Event: 1.695 GC heap after
Heap after GC invocations=2 (full 0):
 PSYoungGen      total 37888K, used 5108K [0x00000000d6700000, 0x00000000d9100000, 0x0000000100000000)
  eden space 32768K, 0% used [0x00000000d6700000,0x00000000d6700000,0x00000000d8700000)
  from space 5120K, 99% used [0x00000000d8c00000,0x00000000d90fd120,0x00000000d9100000)
  to   space 5120K, 0% used [0x00000000d8700000,0x00000000d8700000,0x00000000d8c00000)
 ParOldGen       total 86016K, used 7345K [0x0000000083400000, 0x0000000088800000, 0x00000000d6700000)
  object space 86016K, 8% used [0x0000000083400000,0x0000000083b2c728,0x0000000088800000)
 Metaspace       used 15826K, capacity 16194K, committed 16256K, reserved 1062912K
  class space    used 1810K, capacity 1913K, committed 1920K, reserved 1048576K
}
Event: 2.193 GC heap before
{Heap before GC invocations=3 (full 0):
 PSYoungGen      total 37888K, used 25099K [0x00000000d6700000, 0x00000000d9100000, 0x0000000100000000)
  eden space 32768K, 61% used [0x00000000d6700000,0x00000000d7a85ed8,0x00000000d8700000)
  from space 5120K, 99% used [0x00000000d8c00000,0x00000000d90fd120,0x00000000d9100000)
  to   space 5120K, 0% used [0x00000000d8700000,0x00000000d8700000,0x00000000d8c00000)
 ParOldGen       total 86016K, used 7345K [0x0000000083400000, 0x0000000088800000, 0x00000000d6700000)
  object space 86016K, 8% used [0x0000000083400000,0x0000000083b2c728,0x0000000088800000)
 Metaspace       used 20763K, capacity 21204K, committed 21248K, reserved 1069056K
  class space    used 2413K, capacity 2558K, committed 2560K, reserved 1048576K
Event: 2.199 GC heap after
Heap after GC invocations=3 (full 0):
 PSYoungGen      total 37888K, used 5112K [0x00000000d6700000, 0x00000000d9100000, 0x0000000100000000)
  eden space 32768K, 0% used [0x00000000d6700000,0x00000000d6700000,0x00000000d8700000)
  from space 5120K, 99% used [0x00000000d8700000,0x00000000d8bfe150,0x00000000d8c00000)
  to   space 5120K, 0% used [0x00000000d8c00000,0x00000000d8c00000,0x00000000d9100000)
 ParOldGen       total 86016K, used 11611K [0x0000000083400000, 0x0000000088800000, 0x00000000d6700000)
  object space 86016K, 13% used [0x0000000083400000,0x0000000083f56f68,0x0000000088800000)
 Metaspace       used 20763K, capacity 21204K, committed 21248K, reserved 1069056K
  class space    used 2413K, capacity 2558K, committed 2560K, reserved 1048576K
}
Event: 2.199 GC heap before
{Heap before GC invocations=4 (full 1):
 PSYoungGen      total 37888K, used 5112K [0x00000000d6700000, 0x00000000d9100000, 0x0000000100000000)
  eden space 32768K, 0% used [0x00000000d6700000,0x00000000d6700000,0x00000000d8700000)
  from space 5120K, 99% used [0x00000000d8700000,0x00000000d8bfe150,0x00000000d8c00000)
  to   space 5120K, 0% used [0x00000000d8c00000,0x00000000d8c00000,0x00000000d9100000)
 ParOldGen       total 86016K, used 11611K [0x0000000083400000, 0x0000000088800000, 0x00000000d6700000)
  object space 86016K, 13% used [0x0000000083400000,0x0000000083f56f68,0x0000000088800000)
 Metaspace       used 20763K, capacity 21204K, committed 21248K, reserved 1069056K
  class space    used 2413K, capacity 2558K, committed 2560K, reserved 1048576K
Event: 2.232 GC heap after
Heap after GC invocations=4 (full 1):
 PSYoungGen      total 37888K, used 0K [0x00000000d6700000, 0x00000000d9100000, 0x0000000100000000)
  eden space 32768K, 0% used [0x00000000d6700000,0x00000000d6700000,0x00000000d8700000)
  from space 5120K, 0% used [0x00000000d8700000,0x00000000d8700000,0x00000000d8c00000)
  to   space 5120K, 0% used [0x00000000d8c00000,0x00000000d8c00000,0x00000000d9100000)
 ParOldGen       total 68096K, used 9223K [0x0000000083400000, 0x0000000087680000, 0x00000000d6700000)
  object space 68096K, 13% used [0x0000000083400000,0x0000000083d01fb8,0x0000000087680000)
 Metaspace       used 20763K, capacity 21204K, committed 21248K, reserved 1069056K
  class space    used 2413K, capacity 2558K, committed 2560K, reserved 1048576K
}

Deoptimization events (10 events):
Event: 2.123 Thread 0x0000000002d7e000 Uncommon trap: reason=unstable_if action=reinterpret pc=0x00000000030c2f88 method=java.lang.String.startsWith(Ljava/lang/String;I)Z @ 25
Event: 2.282 Thread 0x0000000002d7e000 Uncommon trap: reason=unstable_if action=reinterpret pc=0x000000000337aaf4 method=sun.misc.MetaIndex.mayContain(Ljava/lang/String;)Z @ 38
Event: 2.283 Thread 0x0000000002d7e000 Uncommon trap: reason=unstable_if action=reinterpret pc=0x00000000031388d8 method=sun.misc.MetaIndex.mayContain(Ljava/lang/String;)Z @ 38
Event: 2.511 Thread 0x0000000002d7e000 Uncommon trap: reason=unstable_if action=reinterpret pc=0x0000000003480ee8 method=org.jetbrains.kotlin.com.intellij.openapi.vfs.impl.ZipEntryMap.isTheOne(Lorg/jetbrains/kotlin/com/intellij/openapi/vfs/impl/ArchiveHandler$EntryInfo;Ljava/lang/CharSequence;
Event: 2.527 Thread 0x0000000002d7e000 Uncommon trap: reason=unstable_if action=reinterpret pc=0x0000000003465fb0 method=org.jetbrains.kotlin.com.intellij.openapi.vfs.impl.ZipEntryMap.isTheOne(Lorg/jetbrains/kotlin/com/intellij/openapi/vfs/impl/ArchiveHandler$EntryInfo;Ljava/lang/CharSequence;
Event: 2.544 Thread 0x0000000002d7e000 Uncommon trap: reason=unstable_if action=reinterpret pc=0x000000000347ad2c method=java.util.zip.ZipEntry.setExtra0([BZ)V @ 279
Event: 2.614 Thread 0x0000000002d7e000 Uncommon trap: reason=class_check action=maybe_recompile pc=0x000000000348cad8 method=java.lang.AbstractStringBuilder.append(Ljava/lang/CharSequence;II)Ljava/lang/AbstractStringBuilder; @ 18
Event: 2.614 Thread 0x0000000002d7e000 Uncommon trap: reason=class_check action=maybe_recompile pc=0x000000000348cad8 method=java.lang.AbstractStringBuilder.append(Ljava/lang/CharSequence;II)Ljava/lang/AbstractStringBuilder; @ 18
Event: 2.615 Thread 0x0000000002d7e000 Uncommon trap: reason=class_check action=maybe_recompile pc=0x000000000348cad8 method=java.lang.AbstractStringBuilder.append(Ljava/lang/CharSequence;II)Ljava/lang/AbstractStringBuilder; @ 18
Event: 2.615 Thread 0x0000000002d7e000 Uncommon trap: reason=class_check action=maybe_recompile pc=0x000000000348cad8 method=java.lang.AbstractStringBuilder.append(Ljava/lang/CharSequence;II)Ljava/lang/AbstractStringBuilder; @ 18

Classes redefined (0 events):
No events

Internal exceptions (10 events):
Event: 0.473 Thread 0x0000000002d7e000 Exception <a 'java/security/PrivilegedActionException'> (0x00000000d76ee930) thrown at [C:\src\AOSP-openjdk-git\hotspot\src\share\vm\prims\jvm.cpp, line 1502]
Event: 0.473 Thread 0x0000000002d7e000 Exception <a 'java/security/PrivilegedActionException'> (0x00000000d76f0420) thrown at [C:\src\AOSP-openjdk-git\hotspot\src\share\vm\prims\jvm.cpp, line 1502]
Event: 0.473 Thread 0x0000000002d7e000 Exception <a 'java/security/PrivilegedActionException'> (0x00000000d76f0818) thrown at [C:\src\AOSP-openjdk-git\hotspot\src\share\vm\prims\jvm.cpp, line 1502]
Event: 0.849 Thread 0x0000000002d7e000 Exception <a 'java/lang/ArrayIndexOutOfBoundsException'> (0x00000000d8455b50) thrown at [C:\src\AOSP-openjdk-git\hotspot\src\share\vm\runtime\sharedRuntime.cpp, line 605]
Event: 1.069 Thread 0x0000000002d7e000 Exception <a 'java/lang/ArrayIndexOutOfBoundsException'> (0x00000000d6e1a388) thrown at [C:\src\AOSP-openjdk-git\hotspot\src\share\vm\runtime\sharedRuntime.cpp, line 605]
Event: 1.769 Thread 0x0000000002d7e000 Exception <a 'java/lang/NoSuchMethodError': java.lang.Object.lambda$comparing$77a9974f$1(Ljava/util/function/Function;Ljava/lang/Object;Ljava/lang/Object;)I> (0x00000000d6b0a5f8) thrown at [C:\src\AOSP-openjdk-git\hotspot\src\share\vm\interpreter\linkReso
Event: 1.793 Thread 0x0000000002d7e000 Exception <a 'java/lang/NoSuchMethodError': java.lang.Object.lambda$static$0()J> (0x00000000d6c0dc88) thrown at [C:\src\AOSP-openjdk-git\hotspot\src\share\vm\interpreter\linkResolver.cpp, line 620]
Event: 2.066 Thread 0x0000000002d7e000 Exception <a 'java/lang/NoSuchMethodError': java.lang.Object.lambda$static$0(I)[Lorg/jetbrains/kotlin/com/intellij/openapi/editor/event/DocumentListener;> (0x00000000d735fde8) thrown at [C:\src\AOSP-openjdk-git\hotspot\src\share\vm\interpreter\linkResolve
Event: 2.104 Thread 0x0000000002d7e000 Exception <a 'java/lang/NoSuchMethodError': java.lang.Object.lambda$static$0(I)[Lorg/jetbrains/kotlin/com/intellij/psi/PsiAnnotation;> (0x00000000d757d418) thrown at [C:\src\AOSP-openjdk-git\hotspot\src\share\vm\interpreter\linkResolver.cpp, line 620]
Event: 2.264 Thread 0x0000000002d7e000 Exception <a 'java/lang/NoSuchMethodError': java.lang.Object.lambda$static$0(I)[Lorg/jetbrains/kotlin/com/intellij/psi/PsiElement;> (0x00000000d67e3178) thrown at [C:\src\AOSP-openjdk-git\hotspot\src\share\vm\interpreter\linkResolver.cpp, line 620]

Events (10 events):
Event: 2.666 loading class org/jetbrains/kotlin/diagnostics/PositioningStrategies$ARRAY_ACCESS$1
Event: 2.666 loading class org/jetbrains/kotlin/diagnostics/PositioningStrategies$ARRAY_ACCESS$1 done
Event: 2.667 loading class org/jetbrains/kotlin/diagnostics/PositioningStrategies$VISIBILITY_MODIFIER$1
Event: 2.667 loading class org/jetbrains/kotlin/diagnostics/PositioningStrategies$VISIBILITY_MODIFIER$1 done
Event: 2.667 loading class org/jetbrains/kotlin/diagnostics/PositioningStrategies$VARIANCE_IN_PROJECTION$1
Event: 2.667 loading class org/jetbrains/kotlin/diagnostics/PositioningStrategies$VARIANCE_IN_PROJECTION$1 done
Event: 2.667 loading class org/jetbrains/kotlin/diagnostics/PositioningStrategies$PARAMETER_DEFAULT_VALUE$1
Event: 2.667 loading class org/jetbrains/kotlin/diagnostics/PositioningStrategies$PARAMETER_DEFAULT_VALUE$1 done
Event: 2.667 loading class org/jetbrains/kotlin/diagnostics/PositioningStrategies$PARAMETER_VARARG_MODIFIER$1
Event: 2.667 loading class org/jetbrains/kotlin/diagnostics/PositioningStrategies$PARAMETER_VARARG_MODIFIER$1 done


Dynamic libraries:
0x00007ff7962b0000 - 0x00007ff7962e1000 	C:\Program Files\Android\Android Studio\jre\jre\bin\java.exe
0x00007fff02620000 - 0x00007fff02810000 	C:\WINDOWS\SYSTEM32\ntdll.dll
0x00007fff01070000 - 0x00007fff01122000 	C:\WINDOWS\System32\KERNEL32.DLL
0x00007fff002c0000 - 0x00007fff00565000 	C:\WINDOWS\System32\KERNELBASE.dll
0x00007fff02100000 - 0x00007fff021a3000 	C:\WINDOWS\System32\ADVAPI32.dll
0x00007fff02270000 - 0x00007fff0230e000 	C:\WINDOWS\System32\msvcrt.dll
0x00007fff021d0000 - 0x00007fff02267000 	C:\WINDOWS\System32\sechost.dll
0x00007fff02310000 - 0x00007fff02430000 	C:\WINDOWS\System32\RPCRT4.dll
0x00007fff00ea0000 - 0x00007fff01034000 	C:\WINDOWS\System32\USER32.dll
0x00007fff00570000 - 0x00007fff00591000 	C:\WINDOWS\System32\win32u.dll
0x00007fff01370000 - 0x00007fff01396000 	C:\WINDOWS\System32\GDI32.dll
0x00007ffeffea0000 - 0x00007fff00036000 	C:\WINDOWS\System32\gdi32full.dll
0x00007fff001f0000 - 0x00007fff0028e000 	C:\WINDOWS\System32\msvcp_win.dll
0x00007ffeff5a0000 - 0x00007ffeff69a000 	C:\WINDOWS\System32\ucrtbase.dll
0x00007ffee9180000 - 0x00007ffee9404000 	C:\WINDOWS\WinSxS\amd64_microsoft.windows.common-controls_6595b64144ccf1df_6.0.18362.1198_none_9e820b57e45ad92f\COMCTL32.dll
0x00007fff016d0000 - 0x00007fff01a05000 	C:\WINDOWS\System32\combase.dll
0x00007fff005a0000 - 0x00007fff00620000 	C:\WINDOWS\System32\bcryptPrimitives.dll
0x00007fff01040000 - 0x00007fff0106e000 	C:\WINDOWS\System32\IMM32.DLL
0x0000000075be0000 - 0x0000000075cb2000 	C:\Program Files\Android\Android Studio\jre\jre\bin\msvcr100.dll
0x0000000074db0000 - 0x00000000755fb000 	C:\Program Files\Android\Android Studio\jre\jre\bin\server\jvm.dll
0x00007fff015b0000 - 0x00007fff015b8000 	C:\WINDOWS\System32\PSAPI.DLL
0x00007ffef1200000 - 0x00007ffef1209000 	C:\WINDOWS\SYSTEM32\WSOCK32.dll
0x00007fff01400000 - 0x00007fff0146f000 	C:\WINDOWS\System32\WS2_32.dll
0x00007ffef6900000 - 0x00007ffef690a000 	C:\WINDOWS\SYSTEM32\VERSION.dll
0x00007ffef0190000 - 0x00007ffef01b4000 	C:\WINDOWS\SYSTEM32\WINMM.dll
0x00007ffef0160000 - 0x00007ffef018d000 	C:\WINDOWS\SYSTEM32\winmmbase.dll
0x00007ffeffe30000 - 0x00007ffeffe7a000 	C:\WINDOWS\System32\cfgmgr32.dll
0x00007ffef0fe0000 - 0x00007ffef0fef000 	C:\Program Files\Android\Android Studio\jre\jre\bin\verify.dll
0x00007ffeeef80000 - 0x00007ffeeefa9000 	C:\Program Files\Android\Android Studio\jre\jre\bin\java.dll
0x00007ffeef180000 - 0x00007ffeef196000 	C:\Program Files\Android\Android Studio\jre\jre\bin\zip.dll
0x00007fff01a10000 - 0x00007fff020f7000 	C:\WINDOWS\System32\SHELL32.dll
0x00007fff015c0000 - 0x00007fff01669000 	C:\WINDOWS\System32\shcore.dll
0x00007ffeff6a0000 - 0x00007ffeffe21000 	C:\WINDOWS\System32\windows.storage.dll
0x00007ffeff500000 - 0x00007ffeff523000 	C:\WINDOWS\System32\profapi.dll
0x00007ffeff530000 - 0x00007ffeff57a000 	C:\WINDOWS\System32\powrprof.dll
0x00007ffeff4d0000 - 0x00007ffeff4e0000 	C:\WINDOWS\System32\UMPDC.dll
0x00007fff006d0000 - 0x00007fff00722000 	C:\WINDOWS\System32\shlwapi.dll
0x00007ffeff4e0000 - 0x00007ffeff4f1000 	C:\WINDOWS\System32\kernel.appcore.dll
0x00007ffeffe80000 - 0x00007ffeffe97000 	C:\WINDOWS\System32\cryptsp.dll
0x00007ffeebcb0000 - 0x00007ffeebcca000 	C:\Program Files\Android\Android Studio\jre\jre\bin\net.dll
0x00007ffefed20000 - 0x00007ffefed87000 	C:\WINDOWS\system32\mswsock.dll
0x00007ffeeba60000 - 0x00007ffeeba73000 	C:\Program Files\Android\Android Studio\jre\jre\bin\nio.dll

VM Arguments:
java_command: org.jetbrains.kotlin.cli.jvm.K2JVMCompiler @E:\Pokedex\app\build\20201126_1947044318603507428.compiler.options
java_class_path (initial): C:\Users\qwadi\.gradle\caches\modules-2\files-2.1\org.jetbrains.kotlin\kotlin-compiler-embeddable\1.4.10\38c4b99d5d5362debdd9302a866730379aa2328a\kotlin-compiler-embeddable-1.4.10.jar;C:\Users\qwadi\.gradle\caches\modules-2\files-2.1\org.jetbrains.kotlin\kotlin-reflect\1.4.10\e2b3c6695eee6085e606d96d685396dce23a3a06\kotlin-reflect-1.4.10.jar;C:\Users\qwadi\.gradle\caches\modules-2\files-2.1\org.jetbrains.kotlin\kotlin-stdlib\1.4.10\ea29e063d2bbe695be13e9d044dcfb0c7add398e\kotlin-stdlib-1.4.10.jar;C:\Users\qwadi\.gradle\caches\modules-2\files-2.1\org.jetbrains.kotlin\kotlin-script-runtime\1.4.10\7c19d9c2001e016cd7664cebe9eea66fc04a7f4f\kotlin-script-runtime-1.4.10.jar;C:\Users\qwadi\.gradle\caches\modules-2\files-2.1\org.jetbrains.kotlin\kotlin-daemon-embeddable\1.4.10\dbd67f42bed28043d17d7c860b06110a00a45970\kotlin-daemon-embeddable-1.4.10.jar;C:\Users\qwadi\.gradle\caches\modules-2\files-2.1\org.jetbrains.intellij.deps\trove4j\1.0.20181211\216c2e14b070f334479d800987affe4054cd563f\trove4j-1.0.20181211.jar;C:\Users\qwadi\.gradle\caches\modules-2\files-2.1\org.jetbrains.kotlin\kotlin-stdlib-common\1.4.10\6229be3465805c99db1142ad75e6c6ddeac0b04c\kotlin-stdlib-common-1.4.10.jar;C:\Users\qwadi\.gradle\caches\modules-2\files-2.1\org.jetbrains\annotations\13.0\919f0dfe192fb4e063e7dacadee7f8bb9a2672a9\annotations-13.0.jar;C:\Program Files\Android\Android Studio\jre\lib\tools.jar
Launcher Type: SUN_STANDARD

Environment Variables:
PATH=C:\WINDOWS\system32;C:\WINDOWS;C:\WINDOWS\System32\Wbem;C:\WINDOWS\System32\WindowsPowerShell\v1.0\;C:\WINDOWS\System32\OpenSSH\;C:\Program Files (x86)\NVIDIA Corporation\PhysX\Common;C:\Program Files\Git\cmd;C:\Users\qwadi\AppData\Local\Microsoft\WindowsApps;
USERNAME=qwadi
OS=Windows_NT
PROCESSOR_IDENTIFIER=Intel64 Family 6 Model 165 Stepping 2, GenuineIntel



---------------  S Y S T E M  ---------------

OS: Windows 10.0 , 64 bit Build 18362 (10.0.18362.1110)

CPU:total 8 (initial active 8) (4 cores per cpu, 2 threads per core) family 6 model 165 stepping 2, cmov, cx8, fxsr, mmx, sse, sse2, sse3, ssse3, sse4.1, sse4.2, popcnt, avx, avx2, aes, clmul, erms, 3dnowpref, lzcnt, ht, tsc, tscinvbit, bmi1, bmi2, adx

Memory: 4k page, physical 8170764k(383564k free), swap 18272712k(6408k free)

vm_info: OpenJDK 64-Bit Server VM (25.242-b01) for windows-amd64 JRE (1.8.0_242-release-1644-b01), built by "builder" with MS VC++ 10.0 (VS2010)

time: Thu Nov 26 21:05:26 2020
timezone: Финляндия (зима)
elapsed time: 2 seconds (0d 0h 0m 2s)

