#
# There is insufficient memory for the Java Runtime Environment to continue.
# Native memory allocation (malloc) failed to allocate 2396016 bytes for Chunk::new
# Possible reasons:
#   The system is out of physical RAM or swap space
#   The process is running with CompressedOops enabled, and the Java Heap may be blocking the growth of the native heap
# Possible solutions:
#   Reduce memory load on the system
#   Increase physical memory or swap space
#   Check if swap backing store is full
#   Decrease Java heap size (-Xmx/-Xms)
#   Decrease number of Java threads
#   Decrease Java thread stack sizes (-Xss)
#   Set larger code cache with -XX:ReservedCodeCacheSize=
#   JVM is running with Unscaled Compressed Oops mode in which the Java heap is
#     placed in the first 4GB address space. The Java Heap base address is the
#     maximum limit for the native heap growth. Please use -XX:HeapBaseMinAddress
#     to set the Java Heap base and to place the Java Heap above 4GB virtual address.
# This output file may be truncated or incomplete.
#
#  Out of Memory Error (allocation.cpp:389), pid=2872, tid=0x0000000000004ac0
#
# JRE version: OpenJDK Runtime Environment (8.0_242-b01) (build 1.8.0_242-release-1644-b01)
# Java VM: OpenJDK 64-Bit Server VM (25.242-b01 mixed mode windows-amd64 compressed oops)
# Failed to write core dump. Minidumps are not enabled by default on client versions of Windows
#

---------------  T H R E A D  ---------------

Current thread (0x0000000017bfe000):  JavaThread "C2 CompilerThread2" daemon [_thread_in_native, id=19136, stack(0x000000001a4c0000,0x000000001a5c0000)]

Stack: [0x000000001a4c0000,0x000000001a5c0000]
[error occurred during error reporting (printing stack bounds), id 0xc0000005]

Native frames: (J=compiled Java code, j=interpreted, Vv=VM code, C=native code)


Current CompileTask:
C2:  17493 15000 % !   4       com.android.tools.r8.dex.r::b @ 81 (2682 bytes)


---------------  P R O C E S S  ---------------

Java Threads: ( => current thread )
  0x000000002a0fc800 JavaThread "ForkJoinPool.commonPool-worker-7" daemon [_thread_blocked, id=7432, stack(0x000000002fc20000,0x000000002fd20000)]
  0x000000002a0fd000 JavaThread "ForkJoinPool.commonPool-worker-6" daemon [_thread_blocked, id=15708, stack(0x000000002f730000,0x000000002f830000)]
  0x00000000212b2000 JavaThread "ForkJoinPool.commonPool-worker-5" daemon [_thread_blocked, id=9464, stack(0x000000002f320000,0x000000002f420000)]
  0x00000000212a6000 JavaThread "ForkJoinPool.commonPool-worker-4" daemon [_thread_blocked, id=2520, stack(0x000000002f220000,0x000000002f320000)]
  0x00000000212b1800 JavaThread "ForkJoinPool.commonPool-worker-3" daemon [_thread_blocked, id=16292, stack(0x000000002f120000,0x000000002f220000)]
  0x00000000212b0800 JavaThread "ForkJoinPool.commonPool-worker-2" daemon [_thread_blocked, id=18896, stack(0x000000002eb80000,0x000000002ec80000)]
  0x00000000212b3000 JavaThread "ForkJoinPool.commonPool-worker-1" daemon [_thread_blocked, id=17176, stack(0x000000002ea80000,0x000000002eb80000)]
  0x000000002a0ff000 JavaThread "WorkerExecutor Queue Thread 9" [_thread_blocked, id=14100, stack(0x000000002f420000,0x000000002f520000)]
  0x00000000212b0000 JavaThread "WorkerExecutor Queue" [_thread_blocked, id=6848, stack(0x0000000028670000,0x0000000028770000)]
  0x00000000212a4800 JavaThread "Cache worker for Java compile cache (E:\Pokedex\.gradle\6.1.1\javaCompile)" [_thread_blocked, id=6352, stack(0x0000000028e70000,0x0000000028f70000)]
  0x00000000212ab800 JavaThread "Cache worker for Java compile cache (C:\Users\qwadi\.gradle\caches\6.1.1\javaCompile)" [_thread_blocked, id=19032, stack(0x0000000028d70000,0x0000000028e70000)]
  0x00000000212aa000 JavaThread "RMI TCP Connection(1)-127.0.0.1" daemon [_thread_in_native, id=12864, stack(0x0000000028a70000,0x0000000028b70000)]
  0x00000000212a3800 JavaThread "RMI Reaper" [_thread_blocked, id=8424, stack(0x0000000028970000,0x0000000028a70000)]
  0x00000000212a7000 JavaThread "RMI TCP Accept-0" daemon [_thread_in_native, id=6120, stack(0x0000000028870000,0x0000000028970000)]
  0x00000000212a9000 JavaThread "GC Daemon" daemon [_thread_blocked, id=18200, stack(0x0000000028770000,0x0000000028870000)]
  0x00000000212aa800 JavaThread "RMI Scheduler(0)" daemon [_thread_blocked, id=7908, stack(0x0000000028570000,0x0000000028670000)]
  0x00000000212a8800 JavaThread "Cache worker for execution history cache (E:\Pokedex\.gradle\6.1.1\executionHistory)" [_thread_blocked, id=18716, stack(0x0000000027e70000,0x0000000027f70000)]
  0x000000001cc1a000 JavaThread "Cache worker for file content cache (E:\Pokedex\.gradle\6.1.1\fileContent)" [_thread_blocked, id=8652, stack(0x0000000026a70000,0x0000000026b70000)]
  0x000000001cc19800 JavaThread "Cache worker for file content cache (C:\Users\qwadi\.gradle\caches\6.1.1\fileContent)" [_thread_blocked, id=848, stack(0x0000000026970000,0x0000000026a70000)]
  0x000000001cc1e000 JavaThread "Memory manager" [_thread_blocked, id=6648, stack(0x0000000025250000,0x0000000025350000)]
  0x000000001cc14000 JavaThread "Cache worker for Build Output Cleanup Cache (E:\Pokedex\.gradle\buildOutputCleanup)" [_thread_blocked, id=14796, stack(0x0000000024f50000,0x0000000025050000)]
  0x000000001cc18800 JavaThread "Build operations Thread 8" [_thread_blocked, id=432, stack(0x0000000024a50000,0x0000000024b50000)]
  0x000000001cc11000 JavaThread "Build operations Thread 7" [_thread_blocked, id=4948, stack(0x0000000024950000,0x0000000024a50000)]
  0x000000001cc13800 JavaThread "Build operations Thread 6" [_thread_blocked, id=6312, stack(0x0000000024850000,0x0000000024950000)]
  0x000000001cc12000 JavaThread "Build operations Thread 5" [_thread_blocked, id=12452, stack(0x0000000024750000,0x0000000024850000)]
  0x000000001cc18000 JavaThread "Build operations Thread 4" [_thread_blocked, id=10404, stack(0x0000000024650000,0x0000000024750000)]
  0x000000001cc15800 JavaThread "Build operations Thread 3" [_thread_blocked, id=17224, stack(0x00000000242f0000,0x00000000243f0000)]
  0x000000001cc12800 JavaThread "Build operations Thread 2" [_thread_blocked, id=18616, stack(0x00000000241f0000,0x00000000242f0000)]
  0x000000001cc15000 JavaThread "Build operations" [_thread_blocked, id=12532, stack(0x00000000240f0000,0x00000000241f0000)]
  0x000000001c851000 JavaThread "Cache worker for execution history cache (C:\Users\qwadi\.gradle\caches\6.1.1\executionHistory)" [_thread_blocked, id=13904, stack(0x0000000022000000,0x0000000022100000)]
  0x000000001c858000 JavaThread "Cache worker for cache directory md-rule (C:\Users\qwadi\.gradle\caches\6.1.1\md-rule)" [_thread_blocked, id=13304, stack(0x0000000021f00000,0x0000000022000000)]
  0x000000001c854000 JavaThread "Cache worker for cache directory md-supplier (C:\Users\qwadi\.gradle\caches\6.1.1\md-supplier)" [_thread_blocked, id=11628, stack(0x0000000021e00000,0x0000000021f00000)]
  0x000000001c852800 JavaThread "Cache worker for file hash cache (E:\Pokedex\.gradle\6.1.1\fileHashes)" [_thread_blocked, id=10112, stack(0x0000000022370000,0x0000000022470000)]
  0x000000001c857000 JavaThread "Cache worker for checksums cache (E:\Pokedex\.gradle\checksums)" [_thread_blocked, id=9112, stack(0x0000000020c70000,0x0000000020d70000)]
  0x000000001c852000 JavaThread "Cache worker for file hash cache (C:\Users\qwadi\.gradle\caches\6.1.1\fileHashes)" [_thread_blocked, id=17028, stack(0x000000001e730000,0x000000001e830000)]
  0x000000001c856800 JavaThread "File lock request listener" [_thread_in_native, id=8632, stack(0x000000001e630000,0x000000001e730000)]
  0x000000001ca27000 JavaThread "Cache worker for journal cache (C:\Users\qwadi\.gradle\caches\journal-1)" [_thread_blocked, id=15108, stack(0x000000001e530000,0x000000001e630000)]
  0x000000001b74d000 JavaThread "Thread-9" [_thread_blocked, id=9472, stack(0x000000001e230000,0x000000001e330000)]
  0x000000001c779000 JavaThread "Stdin handler" [_thread_blocked, id=8208, stack(0x000000001e130000,0x000000001e230000)]
  0x000000001c776000 JavaThread "Asynchronous log dispatcher for DefaultDaemonConnection: socket connection from /127.0.0.1:63236 to /127.0.0.1:63237" [_thread_blocked, id=12180, stack(0x000000001e030000,0x000000001e130000)]
  0x000000001c76b800 JavaThread "Daemon worker" [_thread_in_Java, id=10228, stack(0x000000001df30000,0x000000001e030000)]
  0x000000001c780000 JavaThread "Cancel handler" [_thread_blocked, id=17708, stack(0x000000001de30000,0x000000001df30000)]
  0x000000001c6ae000 JavaThread "Handler for socket connection from /127.0.0.1:63236 to /127.0.0.1:63237" [_thread_in_native, id=2716, stack(0x000000001db30000,0x000000001dc30000)]
  0x000000001c6a9000 JavaThread "Daemon" [_thread_blocked, id=10072, stack(0x000000001da30000,0x000000001db30000)]
  0x000000001c6a8000 JavaThread "Daemon periodic checks" [_thread_blocked, id=14028, stack(0x000000001d930000,0x000000001da30000)]
  0x000000001c690000 JavaThread "Incoming local TCP Connector on port 63236" [_thread_in_native, id=11944, stack(0x000000001d6e0000,0x000000001d7e0000)]
  0x000000001bdbe800 JavaThread "Daemon health stats" [_thread_blocked, id=17052, stack(0x000000001c090000,0x000000001c190000)]
  0x0000000019a7e800 JavaThread "Service Thread" daemon [_thread_blocked, id=13856, stack(0x000000001a6c0000,0x000000001a7c0000)]
  0x00000000199ef000 JavaThread "C1 CompilerThread3" daemon [_thread_blocked, id=8704, stack(0x000000001a5c0000,0x000000001a6c0000)]
=>0x0000000017bfe000 JavaThread "C2 CompilerThread2" daemon [_thread_in_native, id=19136, stack(0x000000001a4c0000,0x000000001a5c0000)]
  0x0000000017bfc000 JavaThread "C2 CompilerThread1" daemon [_thread_in_native, id=6748, stack(0x000000001a3c0000,0x000000001a4c0000)]
  0x00000000199e2800 JavaThread "C2 CompilerThread0" daemon [_thread_in_native, id=13560, stack(0x000000001a2c0000,0x000000001a3c0000)]
  0x00000000199e1000 JavaThread "Attach Listener" daemon [_thread_blocked, id=7508, stack(0x000000001a1c0000,0x000000001a2c0000)]
  0x00000000199e0800 JavaThread "Signal Dispatcher" daemon [_thread_blocked, id=8904, stack(0x000000001a0c0000,0x000000001a1c0000)]
  0x0000000002abc800 JavaThread "Finalizer" daemon [_thread_blocked, id=15408, stack(0x0000000019eb0000,0x0000000019fb0000)]
  0x00000000199d0800 JavaThread "Reference Handler" daemon [_thread_blocked, id=12516, stack(0x0000000019db0000,0x0000000019eb0000)]
  0x0000000002b7d800 JavaThread "main" [_thread_blocked, id=5780, stack(0x0000000002840000,0x0000000002940000)]

Other Threads:
  0x0000000017be8000 VMThread [stack: 0x00000000198b0000,0x00000000199b0000] [id=13284]
  0x0000000019a7f800 WatcherThread [stack: 0x000000001a7c0000,0x000000001a8c0000] [id=18536]

VM state:not at safepoint (normal execution)

VM Mutex/Monitor currently owned by a thread: None

heap address: 0x0000000080000000, size: 2048 MB, Compressed Oops mode: 32-bit
Narrow klass base: 0x0000000000000000, Narrow klass shift: 3
Compressed class space size: 1073741824 Address: 0x0000000100000000

Heap:
 PSYoungGen      total 664576K, used 293026K [0x00000000d5580000, 0x00000000ffe00000, 0x0000000100000000)
  eden space 631296K, 44% used [0x00000000d5580000,0x00000000e6aab478,0x00000000fbe00000)
  from space 33280K, 27% used [0x00000000fbe00000,0x00000000fc6fd780,0x00000000fde80000)
  to   space 31744K, 0% used [0x00000000fdf00000,0x00000000fdf00000,0x00000000ffe00000)
 ParOldGen       total 192000K, used 150162K [0x0000000080000000, 0x000000008bb80000, 0x00000000d5580000)
  object space 192000K, 78% used [0x0000000080000000,0x00000000892a4a28,0x000000008bb80000)
 Metaspace       used 88466K, capacity 92544K, committed 94616K, reserved 1130496K
  class space    used 11939K, capacity 12707K, committed 13232K, reserved 1048576K

Card table byte_map: [0x0000000011f40000,0x0000000012350000] byte_map_base: 0x0000000011b40000

Marking Bits: (ParMarkBitMap*) 0x0000000057e0f030
 Begin Bits: [0x0000000012e00000, 0x0000000014e00000)
 End Bits:   [0x0000000014e00000, 0x0000000016e00000)

Polling page: 0x0000000000c60000

CodeCache: size=245760Kb used=39525Kb max_used=40033Kb free=206234Kb
 bounds [0x0000000002b80000, 0x00000000052c0000, 0x0000000011b80000]
 total_blobs=13808 nmethods=12914 adapters=804
 compilation: enabled

Compilation events (10 events):
Event: 17.415 Thread 0x00000000199ef000 15326       2       org.gradle.internal.snapshot.MerkleDirectorySnapshotBuilder::postVisitDirectory (7 bytes)
Event: 17.415 Thread 0x00000000199ef000 nmethod 15326 0x00000000041960d0 code [0x0000000004196240, 0x00000000041963c8]
Event: 17.423 Thread 0x00000000199ef000 15327       2       org.gradle.internal.event.DefaultListenerManager$ListenerDetails::dispatch (9 bytes)
Event: 17.424 Thread 0x00000000199ef000 nmethod 15327 0x00000000043aedd0 code [0x00000000043aef40, 0x00000000043af128]
Event: 17.424 Thread 0x00000000199ef000 15328       2       org.gradle.internal.event.DefaultListenerManager$ListenerDetails::dispatch (21 bytes)
Event: 17.424 Thread 0x00000000199ef000 nmethod 15328 0x00000000043ae9d0 code [0x00000000043aeb40, 0x00000000043aece8]
Event: 17.429 Thread 0x00000000199ef000 15329       2       java.io.ObjectOutputStream$HandleTable::growSpine (67 bytes)
Event: 17.430 Thread 0x00000000199ef000 nmethod 15329 0x0000000004915ad0 code [0x0000000004915c60, 0x0000000004915f78]
Event: 17.430 Thread 0x00000000199ef000 15330       2       java.util.concurrent.ThreadPoolExecutor::runStateOf (5 bytes)
Event: 17.430 Thread 0x00000000199ef000 nmethod 15330 0x000000000366c9d0 code [0x000000000366cb20, 0x000000000366cc50]

GC Heap History (10 events):
Event: 12.646 GC heap before
{Heap before GC invocations=25 (full 4):
 PSYoungGen      total 590336K, used 563833K [0x00000000d5580000, 0x00000000fc400000, 0x0000000100000000)
  eden space 553984K, 100% used [0x00000000d5580000,0x00000000f7280000,0x00000000f7280000)
  from space 36352K, 27% used [0x00000000f9500000,0x00000000f9e9e578,0x00000000fb880000)
  to   space 35328K, 0% used [0x00000000f7280000,0x00000000f7280000,0x00000000f9500000)
 ParOldGen       total 192000K, used 115371K [0x0000000080000000, 0x000000008bb80000, 0x00000000d5580000)
  object space 192000K, 60% used [0x0000000080000000,0x00000000870aad78,0x000000008bb80000)
 Metaspace       used 85137K, capacity 88846K, committed 91672K, reserved 1128448K
  class space    used 11519K, capacity 12236K, committed 12848K, reserved 1048576K
Event: 12.689 GC heap after
Heap after GC invocations=25 (full 4):
 PSYoungGen      total 589312K, used 11561K [0x00000000d5580000, 0x00000000ffb00000, 0x0000000100000000)
  eden space 553984K, 0% used [0x00000000d5580000,0x00000000d5580000,0x00000000f7280000)
  from space 35328K, 32% used [0x00000000f7280000,0x00000000f7dca720,0x00000000f9500000)
  to   space 33280K, 0% used [0x00000000fda80000,0x00000000fda80000,0x00000000ffb00000)
 ParOldGen       total 192000K, used 123727K [0x0000000080000000, 0x000000008bb80000, 0x00000000d5580000)
  object space 192000K, 64% used [0x0000000080000000,0x00000000878d3d68,0x000000008bb80000)
 Metaspace       used 85137K, capacity 88846K, committed 91672K, reserved 1128448K
  class space    used 11519K, capacity 12236K, committed 12848K, reserved 1048576K
}
Event: 13.564 GC heap before
{Heap before GC invocations=26 (full 4):
 PSYoungGen      total 589312K, used 565545K [0x00000000d5580000, 0x00000000ffb00000, 0x0000000100000000)
  eden space 553984K, 100% used [0x00000000d5580000,0x00000000f7280000,0x00000000f7280000)
  from space 35328K, 32% used [0x00000000f7280000,0x00000000f7dca720,0x00000000f9500000)
  to   space 33280K, 0% used [0x00000000fda80000,0x00000000fda80000,0x00000000ffb00000)
 ParOldGen       total 192000K, used 123727K [0x0000000080000000, 0x000000008bb80000, 0x00000000d5580000)
  object space 192000K, 64% used [0x0000000080000000,0x00000000878d3d68,0x000000008bb80000)
 Metaspace       used 85687K, capacity 89468K, committed 92312K, reserved 1128448K
  class space    used 11590K, capacity 12307K, committed 12976K, reserved 1048576K
Event: 13.580 GC heap after
Heap after GC invocations=26 (full 4):
 PSYoungGen      total 660480K, used 5261K [0x00000000d5580000, 0x00000000ffe00000, 0x0000000100000000)
  eden space 627200K, 0% used [0x00000000d5580000,0x00000000d5580000,0x00000000fba00000)
  from space 33280K, 15% used [0x00000000fda80000,0x00000000fdfa36f0,0x00000000ffb00000)
  to   space 33280K, 0% used [0x00000000fba00000,0x00000000fba00000,0x00000000fda80000)
 ParOldGen       total 192000K, used 132747K [0x0000000080000000, 0x000000008bb80000, 0x00000000d5580000)
  object space 192000K, 69% used [0x0000000080000000,0x00000000881a2da8,0x000000008bb80000)
 Metaspace       used 85687K, capacity 89468K, committed 92312K, reserved 1128448K
  class space    used 11590K, capacity 12307K, committed 12976K, reserved 1048576K
}
Event: 14.040 GC heap before
{Heap before GC invocations=27 (full 4):
 PSYoungGen      total 660480K, used 632461K [0x00000000d5580000, 0x00000000ffe00000, 0x0000000100000000)
  eden space 627200K, 100% used [0x00000000d5580000,0x00000000fba00000,0x00000000fba00000)
  from space 33280K, 15% used [0x00000000fda80000,0x00000000fdfa36f0,0x00000000ffb00000)
  to   space 33280K, 0% used [0x00000000fba00000,0x00000000fba00000,0x00000000fda80000)
 ParOldGen       total 192000K, used 132747K [0x0000000080000000, 0x000000008bb80000, 0x00000000d5580000)
  object space 192000K, 69% used [0x0000000080000000,0x00000000881a2da8,0x000000008bb80000)
 Metaspace       used 86128K, capacity 89972K, committed 92568K, reserved 1128448K
  class space    used 11638K, capacity 12367K, committed 12976K, reserved 1048576K
Event: 14.052 GC heap after
Heap after GC invocations=27 (full 4):
 PSYoungGen      total 660480K, used 7250K [0x00000000d5580000, 0x00000000ffe00000, 0x0000000100000000)
  eden space 627200K, 0% used [0x00000000d5580000,0x00000000d5580000,0x00000000fba00000)
  from space 33280K, 21% used [0x00000000fba00000,0x00000000fc1148f0,0x00000000fda80000)
  to   space 32256K, 0% used [0x00000000fde80000,0x00000000fde80000,0x00000000ffe00000)
 ParOldGen       total 192000K, used 136503K [0x0000000080000000, 0x000000008bb80000, 0x00000000d5580000)
  object space 192000K, 71% used [0x0000000080000000,0x000000008854dd28,0x000000008bb80000)
 Metaspace       used 86128K, capacity 89972K, committed 92568K, reserved 1128448K
  class space    used 11638K, capacity 12367K, committed 12976K, reserved 1048576K
}
Event: 14.707 GC heap before
{Heap before GC invocations=28 (full 4):
 PSYoungGen      total 660480K, used 634450K [0x00000000d5580000, 0x00000000ffe00000, 0x0000000100000000)
  eden space 627200K, 100% used [0x00000000d5580000,0x00000000fba00000,0x00000000fba00000)
  from space 33280K, 21% used [0x00000000fba00000,0x00000000fc1148f0,0x00000000fda80000)
  to   space 32256K, 0% used [0x00000000fde80000,0x00000000fde80000,0x00000000ffe00000)
 ParOldGen       total 192000K, used 136503K [0x0000000080000000, 0x000000008bb80000, 0x00000000d5580000)
  object space 192000K, 71% used [0x0000000080000000,0x000000008854dd28,0x000000008bb80000)
 Metaspace       used 86615K, capacity 90510K, committed 92824K, reserved 1128448K
  class space    used 11694K, capacity 12438K, committed 12976K, reserved 1048576K
Event: 14.730 GC heap after
Heap after GC invocations=28 (full 4):
 PSYoungGen      total 663552K, used 20392K [0x00000000d5580000, 0x0000000100000000, 0x0000000100000000)
  eden space 631296K, 0% used [0x00000000d5580000,0x00000000d5580000,0x00000000fbe00000)
  from space 32256K, 63% used [0x00000000fde80000,0x00000000ff26a140,0x00000000ffe00000)
  to   space 33280K, 0% used [0x00000000fbe00000,0x00000000fbe00000,0x00000000fde80000)
 ParOldGen       total 192000K, used 142090K [0x0000000080000000, 0x000000008bb80000, 0x00000000d5580000)
  object space 192000K, 74% used [0x0000000080000000,0x0000000088ac2a88,0x000000008bb80000)
 Metaspace       used 86615K, capacity 90510K, committed 92824K, reserved 1128448K
  class space    used 11694K, capacity 12438K, committed 12976K, reserved 1048576K
}
Event: 15.892 GC heap before
{Heap before GC invocations=29 (full 4):
 PSYoungGen      total 663552K, used 651688K [0x00000000d5580000, 0x0000000100000000, 0x0000000100000000)
  eden space 631296K, 100% used [0x00000000d5580000,0x00000000fbe00000,0x00000000fbe00000)
  from space 32256K, 63% used [0x00000000fde80000,0x00000000ff26a140,0x00000000ffe00000)
  to   space 33280K, 0% used [0x00000000fbe00000,0x00000000fbe00000,0x00000000fde80000)
 ParOldGen       total 192000K, used 142090K [0x0000000080000000, 0x000000008bb80000, 0x00000000d5580000)
  object space 192000K, 74% used [0x0000000080000000,0x0000000088ac2a88,0x000000008bb80000)
 Metaspace       used 86649K, capacity 90510K, committed 92824K, reserved 1128448K
  class space    used 11695K, capacity 12438K, committed 12976K, reserved 1048576K
Event: 15.904 GC heap after
Heap after GC invocations=29 (full 4):
 PSYoungGen      total 664576K, used 9205K [0x00000000d5580000, 0x00000000ffe00000, 0x0000000100000000)
  eden space 631296K, 0% used [0x00000000d5580000,0x00000000d5580000,0x00000000fbe00000)
  from space 33280K, 27% used [0x00000000fbe00000,0x00000000fc6fd780,0x00000000fde80000)
  to   space 31744K, 0% used [0x00000000fdf00000,0x00000000fdf00000,0x00000000ffe00000)
 ParOldGen       total 192000K, used 150162K [0x0000000080000000, 0x000000008bb80000, 0x00000000d5580000)
  object space 192000K, 78% used [0x0000000080000000,0x00000000892a4a28,0x000000008bb80000)
 Metaspace       used 86649K, capacity 90510K, committed 92824K, reserved 1128448K
  class space    used 11695K, capacity 12438K, committed 12976K, reserved 1048576K
}

Deoptimization events (10 events):
Event: 16.869 Thread 0x000000001cc1d000 Uncommon trap: reason=class_check action=maybe_recompile pc=0x00000000049a8784 method=java.util.stream.Sink$ChainedReference.<init>(Ljava/util/stream/Sink;)V @ 9
Event: 16.869 Thread 0x000000001cc1d000 Uncommon trap: reason=class_check action=maybe_recompile pc=0x00000000049a8784 method=java.util.stream.Sink$ChainedReference.<init>(Ljava/util/stream/Sink;)V @ 9
Event: 16.869 Thread 0x000000001cc1d000 Uncommon trap: reason=class_check action=maybe_recompile pc=0x00000000049a8784 method=java.util.stream.Sink$ChainedReference.<init>(Ljava/util/stream/Sink;)V @ 9
Event: 16.869 Thread 0x000000001cc1d000 Uncommon trap: reason=class_check action=maybe_recompile pc=0x00000000049a8784 method=java.util.stream.Sink$ChainedReference.<init>(Ljava/util/stream/Sink;)V @ 9
Event: 17.029 Thread 0x000000001cc1d000 Uncommon trap: reason=array_check action=maybe_recompile pc=0x00000000042ee384 method=java.util.ComparableTimSort.binarySort([Ljava/lang/Object;III)V @ 215
Event: 17.033 Thread 0x000000001cc1d000 Uncommon trap: reason=array_check action=maybe_recompile pc=0x000000000462e290 method=java.util.TimSort.reverseRange([Ljava/lang/Object;II)V @ 27
Event: 17.033 Thread 0x000000001cc1d000 Uncommon trap: reason=array_check action=maybe_recompile pc=0x000000000462e290 method=java.util.TimSort.reverseRange([Ljava/lang/Object;II)V @ 27
Event: 17.188 Thread 0x000000002a0ff000 Uncommon trap: reason=unstable_if action=reinterpret pc=0x00000000045fe810 method=java.util.stream.StreamOpFlag.getMask(I)I @ 1
Event: 17.397 Thread 0x000000002a0ff000 Uncommon trap: reason=class_check action=maybe_recompile pc=0x000000000427ece4 method=java.io.BufferedOutputStream.write([BII)V @ 20
Event: 17.404 Thread 0x000000001cc1d000 Uncommon trap: reason=unstable_if action=reinterpret pc=0x00000000045fedf8 method=java.util.Spliterators$ArraySpliterator.forEachRemaining(Ljava/util/function/Consumer;)V @ 46

Classes redefined (0 events):
No events

Internal exceptions (10 events):
Event: 16.267 Thread 0x000000002a0ff000 Implicit null exception at 0x00000000050afc61 to 0x00000000050b08e9
Event: 16.843 Thread 0x000000002a0fb000 Exception <a 'sun/nio/fs/WindowsException'> (0x00000000e4494768) thrown at [C:\src\AOSP-openjdk-git\hotspot\src\share\vm\prims\jni.cpp, line 710]
Event: 17.030 Thread 0x000000001cc1d000 Exception <a 'java/lang/NoSuchMethodError': <clinit>> (0x00000000e4b61480) thrown at [C:\src\AOSP-openjdk-git\hotspot\src\share\vm\prims\jni.cpp, line 1615]
Event: 17.030 Thread 0x000000001cc1d000 Exception <a 'java/lang/NoSuchMethodError': <clinit>> (0x00000000e4b65d08) thrown at [C:\src\AOSP-openjdk-git\hotspot\src\share\vm\prims\jni.cpp, line 1615]
Event: 17.033 Thread 0x000000001cc1d000 Exception <a 'java/lang/NoSuchMethodError': <clinit>> (0x00000000e4ba1da8) thrown at [C:\src\AOSP-openjdk-git\hotspot\src\share\vm\prims\jni.cpp, line 1615]
Event: 17.052 Thread 0x000000002a0ff000 Exception <a 'java/lang/NoSuchMethodError': java.lang.Object.lambda$asRunnable$0(Lcom/android/tools/build/apkzlib/utils/IOExceptionRunnable;)V> (0x00000000e4d65b90) thrown at [C:\src\AOSP-openjdk-git\hotspot\src\share\vm\interpreter\linkResolver.cpp, line
Event: 17.174 Thread 0x000000002a0ff000 Exception <a 'java/lang/NoSuchMethodError': java.lang.Object.newSystemTemporaryDirectory()Lcom/android/tools/build/apkzlib/bytestorage/TemporaryDirectory;> (0x00000000e4f58b98) thrown at [C:\src\AOSP-openjdk-git\hotspot\src\share\vm\interpreter\linkResolv
Event: 17.216 Thread 0x000000002a0ff000 Exception <a 'sun/nio/fs/WindowsException'> (0x00000000e513f450) thrown at [C:\src\AOSP-openjdk-git\hotspot\src\share\vm\prims\jni.cpp, line 710]
Event: 17.216 Thread 0x000000002a0ff000 Exception <a 'sun/nio/fs/WindowsException'> (0x00000000e513f910) thrown at [C:\src\AOSP-openjdk-git\hotspot\src\share\vm\prims\jni.cpp, line 710]
Event: 17.224 Thread 0x000000002a0ff000 Exception <a 'java/lang/NoSuchMethodError': java.lang.Object.lambda$static$0(Lcom/android/apksig/util/RunnablesProvider;)V> (0x00000000e51c4950) thrown at [C:\src\AOSP-openjdk-git\hotspot\src\share\vm\interpreter\linkResolver.cpp, line 620]

Events (10 events):
Event: 17.488 loading class org/gradle/tooling/model/cpp/CppProject
Event: 17.488 loading class org/gradle/tooling/model/cpp/CppProject done
Event: 17.488 loading class org/gradle/tooling/model/ProjectModel
Event: 17.488 loading class org/gradle/tooling/model/ProjectModel done
Event: 17.489 loading class org/gradle/tooling/provider/model/internal/DefaultToolingModelBuilderRegistry$BuildOperationWrappingToolingModelBuilder
Event: 17.489 loading class org/gradle/tooling/provider/model/internal/DefaultToolingModelBuilderRegistry$BuildOperationWrappingToolingModelBuilder done
Event: 17.489 loading class org/gradle/tooling/provider/model/internal/DefaultToolingModelBuilderRegistry$BuildOperationWrappingToolingModelBuilder$1
Event: 17.489 loading class org/gradle/tooling/provider/model/internal/DefaultToolingModelBuilderRegistry$BuildOperationWrappingToolingModelBuilder$1 done
Event: 17.490 loading class org/gradle/tooling/provider/model/internal/DefaultToolingModelBuilderRegistry$BuildOperationWrappingToolingModelBuilder$1$1
Event: 17.490 loading class org/gradle/tooling/provider/model/internal/DefaultToolingModelBuilderRegistry$BuildOperationWrappingToolingModelBuilder$1$1 done


Dynamic libraries:
0x00007ff6c1dc0000 - 0x00007ff6c1df1000 	C:\Program Files\Android\Android Studio\jre\bin\java.exe
0x00007ffbb1380000 - 0x00007ffbb1570000 	C:\WINDOWS\SYSTEM32\ntdll.dll
0x00007ffbb0b30000 - 0x00007ffbb0be2000 	C:\WINDOWS\System32\KERNEL32.DLL
0x00007ffbaeed0000 - 0x00007ffbaf175000 	C:\WINDOWS\System32\KERNELBASE.dll
0x00007ffbb0a80000 - 0x00007ffbb0b23000 	C:\WINDOWS\System32\ADVAPI32.dll
0x00007ffbb0ea0000 - 0x00007ffbb0f3e000 	C:\WINDOWS\System32\msvcrt.dll
0x00007ffbb0120000 - 0x00007ffbb01b7000 	C:\WINDOWS\System32\sechost.dll
0x00007ffbaf430000 - 0x00007ffbaf550000 	C:\WINDOWS\System32\RPCRT4.dll
0x00007ffbafdf0000 - 0x00007ffbaff85000 	C:\WINDOWS\System32\USER32.dll
0x00007ffbaec40000 - 0x00007ffbaec61000 	C:\WINDOWS\System32\win32u.dll
0x00007ffbb06b0000 - 0x00007ffbb06d6000 	C:\WINDOWS\System32\GDI32.dll
0x00007ffbaec70000 - 0x00007ffbaee06000 	C:\WINDOWS\System32\gdi32full.dll
0x00007ffbaee30000 - 0x00007ffbaeece000 	C:\WINDOWS\System32\msvcp_win.dll
0x00007ffbae3c0000 - 0x00007ffbae4ba000 	C:\WINDOWS\System32\ucrtbase.dll
0x00007ffb9ba50000 - 0x00007ffb9bcd4000 	C:\WINDOWS\WinSxS\amd64_microsoft.windows.common-controls_6595b64144ccf1df_6.0.18362.1082_none_9e8193e1e45b25c1\COMCTL32.dll
0x00007ffbb06e0000 - 0x00007ffbb0a15000 	C:\WINDOWS\System32\combase.dll
0x00007ffbae310000 - 0x00007ffbae390000 	C:\WINDOWS\System32\bcryptPrimitives.dll
0x00007ffbb0c00000 - 0x00007ffbb0c2e000 	C:\WINDOWS\System32\IMM32.DLL
0x0000000057480000 - 0x0000000057552000 	C:\Program Files\Android\Android Studio\jre\jre\bin\msvcr100.dll
0x0000000057640000 - 0x0000000057e8b000 	C:\Program Files\Android\Android Studio\jre\jre\bin\server\jvm.dll
0x00007ffbb0040000 - 0x00007ffbb0048000 	C:\WINDOWS\System32\PSAPI.DLL
0x00007ffba66a0000 - 0x00007ffba66a9000 	C:\WINDOWS\SYSTEM32\WSOCK32.dll
0x00007ffba5e00000 - 0x00007ffba5e0a000 	C:\WINDOWS\SYSTEM32\VERSION.dll
0x00007ffbb12c0000 - 0x00007ffbb132f000 	C:\WINDOWS\System32\WS2_32.dll
0x00007ffba1160000 - 0x00007ffba1184000 	C:\WINDOWS\SYSTEM32\WINMM.dll
0x00007ffba1130000 - 0x00007ffba115d000 	C:\WINDOWS\SYSTEM32\WINMMBASE.dll
0x00007ffbaf1e0000 - 0x00007ffbaf22a000 	C:\WINDOWS\System32\cfgmgr32.dll
0x00007ffba4d10000 - 0x00007ffba4d1f000 	C:\Program Files\Android\Android Studio\jre\jre\bin\verify.dll
0x00007ffb9b500000 - 0x00007ffb9b529000 	C:\Program Files\Android\Android Studio\jre\jre\bin\java.dll
0x00007ffba1900000 - 0x00007ffba1916000 	C:\Program Files\Android\Android Studio\jre\jre\bin\zip.dll
0x00007ffbaf700000 - 0x00007ffbafde7000 	C:\WINDOWS\System32\SHELL32.dll
0x00007ffbb0c90000 - 0x00007ffbb0d39000 	C:\WINDOWS\System32\shcore.dll
0x00007ffbae4c0000 - 0x00007ffbaec40000 	C:\WINDOWS\System32\windows.storage.dll
0x00007ffbae250000 - 0x00007ffbae273000 	C:\WINDOWS\System32\profapi.dll
0x00007ffbae2a0000 - 0x00007ffbae2ea000 	C:\WINDOWS\System32\powrprof.dll
0x00007ffbae240000 - 0x00007ffbae250000 	C:\WINDOWS\System32\UMPDC.dll
0x00007ffbb0a20000 - 0x00007ffbb0a72000 	C:\WINDOWS\System32\shlwapi.dll
0x00007ffbae280000 - 0x00007ffbae291000 	C:\WINDOWS\System32\kernel.appcore.dll
0x00007ffbaee10000 - 0x00007ffbaee27000 	C:\WINDOWS\System32\cryptsp.dll
0x00007ffb9ea90000 - 0x00007ffb9eaaa000 	C:\Program Files\Android\Android Studio\jre\jre\bin\net.dll
0x00007ffbada90000 - 0x00007ffbadaf7000 	C:\WINDOWS\system32\mswsock.dll
0x00007ffb995a0000 - 0x00007ffb995b3000 	C:\Program Files\Android\Android Studio\jre\jre\bin\nio.dll
0x00007ffb98e80000 - 0x00007ffb98ea6000 	C:\Users\qwadi\.gradle\native\31\windows-amd64\native-platform.dll
0x00007ffba4c70000 - 0x00007ffba4c7d000 	C:\Program Files\Android\Android Studio\jre\jre\bin\management.dll
0x00007ffbad600000 - 0x00007ffbad633000 	C:\WINDOWS\system32\rsaenh.dll
0x00007ffbae390000 - 0x00007ffbae3b6000 	C:\WINDOWS\System32\bcrypt.dll
0x00007ffbae160000 - 0x00007ffbae185000 	C:\WINDOWS\SYSTEM32\USERENV.dll
0x00007ffbadc60000 - 0x00007ffbadc6c000 	C:\WINDOWS\SYSTEM32\CRYPTBASE.dll
0x00007ffbad7a0000 - 0x00007ffbad7da000 	C:\WINDOWS\SYSTEM32\IPHLPAPI.DLL
0x00007ffbb1330000 - 0x00007ffbb1338000 	C:\WINDOWS\System32\NSI.dll
0x00007ffba5520000 - 0x00007ffba5536000 	C:\WINDOWS\SYSTEM32\dhcpcsvc6.DLL
0x00007ffba5830000 - 0x00007ffba584c000 	C:\WINDOWS\SYSTEM32\dhcpcsvc.DLL
0x00007ffbad7e0000 - 0x00007ffbad8ab000 	C:\WINDOWS\SYSTEM32\DNSAPI.dll

VM Arguments:
jvm_args: -Xmx2048m -Dfile.encoding=windows-1251 -Duser.country=RU -Duser.language=ru -Duser.variant 
java_command: org.gradle.launcher.daemon.bootstrap.GradleDaemon 6.1.1
java_class_path (initial): C:\Users\qwadi\.gradle\wrapper\dists\gradle-6.1.1-all\cfmwm155h49vnt3hynmlrsdst\gradle-6.1.1\lib\gradle-launcher-6.1.1.jar
Launcher Type: SUN_STANDARD

Environment Variables:
PATH=C:\WINDOWS\system32;C:\WINDOWS;C:\WINDOWS\System32\Wbem;C:\WINDOWS\System32\WindowsPowerShell\v1.0\;C:\WINDOWS\System32\OpenSSH\;C:\Program Files (x86)\NVIDIA Corporation\PhysX\Common;C:\Program Files\Git\cmd;C:\Users\qwadi\AppData\Local\Microsoft\WindowsApps;
USERNAME=qwadi
OS=Windows_NT
PROCESSOR_IDENTIFIER=Intel64 Family 6 Model 165 Stepping 2, GenuineIntel



---------------  S Y S T E M  ---------------

OS: Windows 10.0 , 64 bit Build 18362 (10.0.18362.1082)

CPU:total 8 (initial active 8) (4 cores per cpu, 2 threads per core) family 6 model 165 stepping 2, cmov, cx8, fxsr, mmx, sse, sse2, sse3, ssse3, sse4.1, sse4.2, popcnt, avx, avx2, aes, clmul, erms, 3dnowpref, lzcnt, ht, tsc, tscinvbit, bmi1, bmi2, adx

Memory: 4k page, physical 8170764k(486768k free), swap 18272712k(5856k free)

vm_info: OpenJDK 64-Bit Server VM (25.242-b01) for windows-amd64 JRE (1.8.0_242-release-1644-b01), built by "builder" with MS VC++ 10.0 (VS2010)

time: Thu Oct 08 19:50:44 2020
timezone: Финляндия (лето)
elapsed time: 17 seconds (0d 0h 0m 17s)

